mode: set
github.com/instana/instana-go-client/client/client.go:47.59,51.2 1 1
github.com/instana/instana-go-client/client/client.go:54.67,55.24 1 1
github.com/instana/instana-go-client/client/client.go:55.24,62.3 1 1
github.com/instana/instana-go-client/client/client.go:63.2,63.20 1 1
github.com/instana/instana-go-client/client/client.go:67.81,68.31 1 1
github.com/instana/instana-go-client/client/client.go:68.31,75.3 1 1
github.com/instana/instana-go-client/client/client.go:76.2,76.27 1 1
github.com/instana/instana-go-client/client/client.go:80.93,81.37 1 1
github.com/instana/instana-go-client/client/client.go:81.37,88.3 1 1
github.com/instana/instana-go-client/client/client.go:89.2,89.33 1 1
github.com/instana/instana-go-client/client/client.go:93.95,94.38 1 1
github.com/instana/instana-go-client/client/client.go:94.38,101.3 1 1
github.com/instana/instana-go-client/client/client.go:102.2,102.34 1 1
github.com/instana/instana-go-client/client/client.go:106.101,107.44 1 1
github.com/instana/instana-go-client/client/client.go:107.44,114.3 1 1
github.com/instana/instana-go-client/client/client.go:115.2,115.40 1 1
github.com/instana/instana-go-client/client/client.go:119.85,120.33 1 1
github.com/instana/instana-go-client/client/client.go:120.33,127.3 1 1
github.com/instana/instana-go-client/client/client.go:128.2,128.29 1 1
github.com/instana/instana-go-client/client/client.go:132.83,133.32 1 1
github.com/instana/instana-go-client/client/client.go:133.32,140.3 1 1
github.com/instana/instana-go-client/client/client.go:141.2,141.28 1 1
github.com/instana/instana-go-client/client/client.go:145.84,146.33 1 1
github.com/instana/instana-go-client/client/client.go:146.33,153.3 1 1
github.com/instana/instana-go-client/client/client.go:154.2,154.29 1 1
github.com/instana/instana-go-client/client/client.go:158.109,159.41 1 1
github.com/instana/instana-go-client/client/client.go:159.41,165.3 1 1
github.com/instana/instana-go-client/client/client.go:166.2,166.37 1 1
github.com/instana/instana-go-client/client/client.go:170.81,171.31 1 1
github.com/instana/instana-go-client/client/client.go:171.31,178.3 1 1
github.com/instana/instana-go-client/client/client.go:179.2,179.27 1 1
github.com/instana/instana-go-client/client/client.go:183.99,184.40 1 1
github.com/instana/instana-go-client/client/client.go:184.40,191.3 1 1
github.com/instana/instana-go-client/client/client.go:192.2,192.36 1 1
github.com/instana/instana-go-client/client/client.go:196.61,197.21 1 1
github.com/instana/instana-go-client/client/client.go:197.21,204.3 1 1
github.com/instana/instana-go-client/client/client.go:205.2,205.17 1 1
github.com/instana/instana-go-client/client/client.go:209.77,210.25 1 1
github.com/instana/instana-go-client/client/client.go:210.25,216.3 1 1
github.com/instana/instana-go-client/client/client.go:217.2,217.21 1 1
github.com/instana/instana-go-client/client/client.go:221.83,222.32 1 1
github.com/instana/instana-go-client/client/client.go:222.32,229.3 1 1
github.com/instana/instana-go-client/client/client.go:230.2,230.28 1 1
github.com/instana/instana-go-client/client/client.go:234.79,235.30 1 1
github.com/instana/instana-go-client/client/client.go:235.30,242.3 1 1
github.com/instana/instana-go-client/client/client.go:243.2,243.26 1 1
github.com/instana/instana-go-client/client/client.go:247.91,248.33 1 1
github.com/instana/instana-go-client/client/client.go:248.33,255.3 1 1
github.com/instana/instana-go-client/client/client.go:256.2,256.29 1 1
github.com/instana/instana-go-client/client/client.go:260.85,261.33 1 1
github.com/instana/instana-go-client/client/client.go:261.33,268.3 1 1
github.com/instana/instana-go-client/client/client.go:269.2,269.29 1 1
github.com/instana/instana-go-client/client/client.go:273.59,274.20 1 1
github.com/instana/instana-go-client/client/client.go:274.20,281.3 1 1
github.com/instana/instana-go-client/client/client.go:282.2,282.16 1 1
github.com/instana/instana-go-client/client/client.go:286.69,287.25 1 1
github.com/instana/instana-go-client/client/client.go:287.25,294.3 1 1
github.com/instana/instana-go-client/client/client.go:295.2,295.21 1 1
github.com/instana/instana-go-client/client/client.go:299.79,300.30 1 1
github.com/instana/instana-go-client/client/client.go:300.30,307.3 1 1
github.com/instana/instana-go-client/client/client.go:308.2,308.26 1 1
github.com/instana/instana-go-client/client/client.go:312.69,313.25 1 1
github.com/instana/instana-go-client/client/client.go:313.25,320.3 1 1
github.com/instana/instana-go-client/client/client.go:321.2,321.21 1 1
github.com/instana/instana-go-client/client/client.go:325.89,326.29 1 1
github.com/instana/instana-go-client/client/client.go:326.29,333.3 1 1
github.com/instana/instana-go-client/client/client.go:334.2,334.25 1 1
github.com/instana/instana-go-client/client/client.go:338.91,339.36 1 1
github.com/instana/instana-go-client/client/client.go:339.36,346.3 1 1
github.com/instana/instana-go-client/client/client.go:347.2,347.32 1 1
github.com/instana/instana-go-client/client/client.go:351.93,352.33 1 1
github.com/instana/instana-go-client/client/client.go:352.33,358.3 1 1
github.com/instana/instana-go-client/client/client.go:359.2,359.29 1 1
github.com/instana/instana-go-client/client/client.go:363.77,364.29 1 1
github.com/instana/instana-go-client/client/client.go:364.29,371.3 1 1
github.com/instana/instana-go-client/client/client.go:372.2,372.25 1 1
github.com/instana/instana-go-client/client/client.go:376.59,377.20 1 1
github.com/instana/instana-go-client/client/client.go:377.20,384.3 1 1
github.com/instana/instana-go-client/client/client.go:385.2,385.16 1 1
github.com/instana/instana-go-client/client/client.go:389.67,390.20 1 1
github.com/instana/instana-go-client/client/client.go:390.20,396.3 1 1
github.com/instana/instana-go-client/client/client.go:397.2,397.16 1 1
github.com/instana/instana-go-client/client/client.go:401.87,402.34 1 1
github.com/instana/instana-go-client/client/client.go:402.34,409.3 1 1
github.com/instana/instana-go-client/client/client.go:410.2,410.30 1 1
github.com/instana/instana-go-client/client/client.go:414.97,415.39 1 1
github.com/instana/instana-go-client/client/client.go:415.39,420.3 1 1
github.com/instana/instana-go-client/client/client.go:421.2,421.35 1 1
github.com/instana/instana-go-client/client/factory.go:31.24,34.14 1 1
github.com/instana/instana-go-client/client/factory.go:35.54,36.88 1 1
github.com/instana/instana-go-client/client/factory.go:37.55,38.89 1 1
github.com/instana/instana-go-client/client/factory.go:39.55,40.90 1 1
github.com/instana/instana-go-client/client/factory.go:41.67,42.98 1 1
github.com/instana/instana-go-client/client/factory.go:43.66,44.97 1 1
github.com/instana/instana-go-client/client/factory.go:45.10,47.89 1 1
github.com/instana/instana-go-client/client/factory.go:73.32,76.2 1 1
