mode: set
github.com/instana/instana-go-client/instana/Instana-api.go:64.91,67.2 2 0
github.com/instana/instana-go-client/instana/Instana-api.go:74.96,76.2 1 0
github.com/instana/instana-go-client/instana/Instana-api.go:79.106,81.2 1 0
github.com/instana/instana-go-client/instana/Instana-api.go:84.64,86.2 1 0
github.com/instana/instana-go-client/instana/Instana-api.go:89.82,91.2 1 0
github.com/instana/instana-go-client/instana/Instana-api.go:94.92,96.2 1 0
github.com/instana/instana-go-client/instana/Instana-api.go:99.98,101.2 1 0
github.com/instana/instana-go-client/instana/Instana-api.go:104.78,106.2 1 0
github.com/instana/instana-go-client/instana/Instana-api.go:109.90,111.2 1 0
github.com/instana/instana-go-client/instana/Instana-api.go:113.66,115.2 1 0
github.com/instana/instana-go-client/instana/Instana-api.go:117.66,119.2 1 0
github.com/instana/instana-go-client/instana/Instana-api.go:121.75,123.2 1 0
github.com/instana/instana-go-client/instana/Instana-api.go:125.85,127.2 1 0
github.com/instana/instana-go-client/instana/Instana-api.go:129.93,131.2 1 0
github.com/instana/instana-go-client/instana/Instana-api.go:133.83,135.2 1 0
github.com/instana/instana-go-client/instana/Instana-api.go:137.79,139.2 1 0
github.com/instana/instana-go-client/instana/Instana-api.go:141.58,143.2 1 0
github.com/instana/instana-go-client/instana/Instana-api.go:145.56,147.2 1 0
github.com/instana/instana-go-client/instana/Instana-api.go:149.56,151.2 1 0
github.com/instana/instana-go-client/instana/Instana-api.go:153.78,155.2 1 0
github.com/instana/instana-go-client/instana/Instana-api.go:157.73,159.2 1 0
github.com/instana/instana-go-client/instana/Instana-api.go:162.89,164.2 1 0
github.com/instana/instana-go-client/instana/Instana-api.go:167.88,169.2 1 0
github.com/instana/instana-go-client/instana/Instana-api.go:171.80,173.2 1 0
github.com/instana/instana-go-client/instana/Instana-api.go:175.81,177.2 1 0
github.com/instana/instana-go-client/instana/Instana-api.go:179.74,181.2 1 0
github.com/instana/instana-go-client/instana/Instana-api.go:182.64,184.2 1 0
github.com/instana/instana-go-client/instana/Instana-api.go:187.75,189.2 1 0
github.com/instana/instana-go-client/instana/Instana-api.go:191.81,193.2 1 0
github.com/instana/instana-go-client/instana/Instana-api.go:196.94,198.2 1 0
github.com/instana/instana-go-client/instana/access-type.go:10.51,12.26 2 0
github.com/instana/instana-go-client/instana/access-type.go:12.26,14.3 1 0
github.com/instana/instana-go-client/instana/access-type.go:15.2,15.15 1 0
github.com/instana/instana-go-client/instana/aggregation.go:10.59,12.33 2 0
github.com/instana/instana-go-client/instana/aggregation.go:12.33,14.3 1 0
github.com/instana/instana-go-client/instana/aggregation.go:15.2,15.15 1 0
github.com/instana/instana-go-client/instana/alerting-channels-api.go:56.57,58.2 1 0
github.com/instana/instana-go-client/instana/alerts-api.go:24.63,26.2 1 0
github.com/instana/instana-go-client/instana/alerts-api.go:29.86,31.2 1 0
github.com/instana/instana-go-client/instana/alerts-api.go:34.92,36.2 1 0
github.com/instana/instana-go-client/instana/api-tokens-api.go:101.50,103.2 1 0
github.com/instana/instana-go-client/instana/application-alert-config.go:34.64,36.2 1 0
github.com/instana/instana-go-client/instana/application-alert-config.go:39.87,41.2 1 0
github.com/instana/instana-go-client/instana/application-alert-config.go:44.93,46.2 1 0
github.com/instana/instana-go-client/instana/application-alert-evaluation-type.go:10.71,12.26 2 0
github.com/instana/instana-go-client/instana/application-alert-evaluation-type.go:12.26,14.3 1 0
github.com/instana/instana-go-client/instana/application-alert-evaluation-type.go:15.2,15.15 1 0
github.com/instana/instana-go-client/instana/application-config-scope.go:10.64,12.27 2 1
github.com/instana/instana-go-client/instana/application-config-scope.go:12.27,14.3 1 1
github.com/instana/instana-go-client/instana/application-config-scope.go:15.2,15.15 1 1
github.com/instana/instana-go-client/instana/application-configs-api.go:31.59,33.2 1 0
github.com/instana/instana-go-client/instana/automation-action-api.go:66.61,68.2 1 0
github.com/instana/instana-go-client/instana/automation-policy-api.go:65.61,67.2 1 0
github.com/instana/instana-go-client/instana/boundary-scope.go:10.55,12.27 2 1
github.com/instana/instana-go-client/instana/boundary-scope.go:12.27,14.3 1 1
github.com/instana/instana-go-client/instana/boundary-scope.go:15.2,15.15 1 1
github.com/instana/instana-go-client/instana/builtin-event-specification-api.go:18.70,20.2 1 0
github.com/instana/instana-go-client/instana/config.go:187.42,233.2 1 1
github.com/instana/instana-go-client/instana/config.go:236.46,237.14 1 1
github.com/instana/instana-go-client/instana/config.go:237.14,239.3 1 1
github.com/instana/instana-go-client/instana/config.go:241.2,257.37 3 1
github.com/instana/instana-go-client/instana/config.go:257.37,259.3 1 1
github.com/instana/instana-go-client/instana/config.go:260.2,263.41 2 1
github.com/instana/instana-go-client/instana/config.go:263.41,266.3 2 1
github.com/instana/instana-go-client/instana/config.go:268.2,268.14 1 1
github.com/instana/instana-go-client/instana/config_builder.go:14.40,18.2 1 0
github.com/instana/instana-go-client/instana/config_builder.go:21.70,25.2 1 0
github.com/instana/instana-go-client/instana/config_builder.go:28.68,31.2 2 0
github.com/instana/instana-go-client/instana/config_builder.go:34.67,37.2 2 0
github.com/instana/instana-go-client/instana/config_builder.go:40.72,43.2 2 0
github.com/instana/instana-go-client/instana/config_builder.go:46.62,49.2 2 0
github.com/instana/instana-go-client/instana/config_builder.go:52.66,55.2 2 0
github.com/instana/instana-go-client/instana/config_builder.go:58.76,61.2 2 0
github.com/instana/instana-go-client/instana/config_builder.go:66.85,69.2 2 0
github.com/instana/instana-go-client/instana/config_builder.go:72.82,75.2 2 0
github.com/instana/instana-go-client/instana/config_builder.go:78.89,81.2 2 0
github.com/instana/instana-go-client/instana/config_builder.go:84.89,87.2 2 0
github.com/instana/instana-go-client/instana/config_builder.go:90.87,93.2 2 0
github.com/instana/instana-go-client/instana/config_builder.go:96.80,99.2 2 0
github.com/instana/instana-go-client/instana/config_builder.go:104.75,107.2 2 0
github.com/instana/instana-go-client/instana/config_builder.go:110.83,113.2 2 0
github.com/instana/instana-go-client/instana/config_builder.go:116.79,119.2 2 0
github.com/instana/instana-go-client/instana/config_builder.go:122.87,125.2 2 0
github.com/instana/instana-go-client/instana/config_builder.go:128.78,131.2 2 0
github.com/instana/instana-go-client/instana/config_builder.go:134.71,137.2 2 0
github.com/instana/instana-go-client/instana/config_builder.go:140.79,143.2 2 0
github.com/instana/instana-go-client/instana/config_builder.go:146.69,149.2 2 0
github.com/instana/instana-go-client/instana/config_builder.go:152.76,155.2 2 0
github.com/instana/instana-go-client/instana/config_builder.go:160.76,161.36 1 0
github.com/instana/instana-go-client/instana/config_builder.go:161.36,163.3 1 0
github.com/instana/instana-go-client/instana/config_builder.go:164.2,165.10 2 0
github.com/instana/instana-go-client/instana/config_builder.go:169.85,170.36 1 0
github.com/instana/instana-go-client/instana/config_builder.go:170.36,172.3 1 0
github.com/instana/instana-go-client/instana/config_builder.go:173.2,173.28 1 0
github.com/instana/instana-go-client/instana/config_builder.go:173.28,175.3 1 0
github.com/instana/instana-go-client/instana/config_builder.go:176.2,176.10 1 0
github.com/instana/instana-go-client/instana/config_builder.go:180.80,183.2 2 0
github.com/instana/instana-go-client/instana/config_builder.go:186.78,189.2 2 0
github.com/instana/instana-go-client/instana/config_builder.go:194.64,197.2 2 0
github.com/instana/instana-go-client/instana/config_builder.go:200.84,203.2 2 0
github.com/instana/instana-go-client/instana/config_builder.go:206.72,209.2 2 0
github.com/instana/instana-go-client/instana/config_builder.go:212.78,215.2 2 0
github.com/instana/instana-go-client/instana/config_builder.go:218.76,221.2 2 0
github.com/instana/instana-go-client/instana/config_builder.go:226.75,229.2 2 0
github.com/instana/instana-go-client/instana/config_builder.go:232.80,235.2 2 0
github.com/instana/instana-go-client/instana/config_builder.go:238.78,241.2 2 0
github.com/instana/instana-go-client/instana/config_builder.go:244.77,247.2 2 0
github.com/instana/instana-go-client/instana/config_builder.go:250.84,253.2 2 0
github.com/instana/instana-go-client/instana/config_builder.go:258.72,261.2 2 0
github.com/instana/instana-go-client/instana/config_builder.go:264.75,267.2 2 0
github.com/instana/instana-go-client/instana/config_builder.go:270.79,273.2 2 0
github.com/instana/instana-go-client/instana/config_builder.go:276.86,279.2 2 0
github.com/instana/instana-go-client/instana/config_builder.go:282.76,285.2 2 0
github.com/instana/instana-go-client/instana/config_builder.go:288.77,291.2 2 0
github.com/instana/instana-go-client/instana/config_builder.go:294.94,297.2 2 0
github.com/instana/instana-go-client/instana/config_builder.go:300.56,301.44 1 0
github.com/instana/instana-go-client/instana/config_builder.go:301.44,303.3 1 0
github.com/instana/instana-go-client/instana/config_builder.go:304.2,304.22 1 0
github.com/instana/instana-go-client/instana/config_builder.go:308.51,310.16 2 0
github.com/instana/instana-go-client/instana/config_builder.go:310.16,311.13 1 0
github.com/instana/instana-go-client/instana/config_builder.go:313.2,313.15 1 0
github.com/instana/instana-go-client/instana/config_builder.go:317.51,319.2 1 0
github.com/instana/instana-go-client/instana/config_loader.go:36.43,40.41 2 0
github.com/instana/instana-go-client/instana/config_loader.go:40.41,42.3 1 0
github.com/instana/instana-go-client/instana/config_loader.go:44.2,44.42 1 0
github.com/instana/instana-go-client/instana/config_loader.go:44.42,46.3 1 0
github.com/instana/instana-go-client/instana/config_loader.go:48.2,48.39 1 0
github.com/instana/instana-go-client/instana/config_loader.go:48.39,50.17 2 0
github.com/instana/instana-go-client/instana/config_loader.go:50.17,52.4 1 0
github.com/instana/instana-go-client/instana/config_loader.go:53.3,53.23 1 0
github.com/instana/instana-go-client/instana/config_loader.go:57.2,57.51 1 0
github.com/instana/instana-go-client/instana/config_loader.go:57.51,59.17 2 0
github.com/instana/instana-go-client/instana/config_loader.go:59.17,61.4 1 0
github.com/instana/instana-go-client/instana/config_loader.go:62.3,62.38 1 0
github.com/instana/instana-go-client/instana/config_loader.go:65.2,65.48 1 0
github.com/instana/instana-go-client/instana/config_loader.go:65.48,67.17 2 0
github.com/instana/instana-go-client/instana/config_loader.go:67.17,69.4 1 0
github.com/instana/instana-go-client/instana/config_loader.go:70.3,70.35 1 0
github.com/instana/instana-go-client/instana/config_loader.go:73.2,73.55 1 0
github.com/instana/instana-go-client/instana/config_loader.go:73.55,75.17 2 0
github.com/instana/instana-go-client/instana/config_loader.go:75.17,77.4 1 0
github.com/instana/instana-go-client/instana/config_loader.go:78.3,78.42 1 0
github.com/instana/instana-go-client/instana/config_loader.go:82.2,82.50 1 0
github.com/instana/instana-go-client/instana/config_loader.go:82.50,84.17 2 0
github.com/instana/instana-go-client/instana/config_loader.go:84.17,86.4 1 0
github.com/instana/instana-go-client/instana/config_loader.go:87.3,87.38 1 0
github.com/instana/instana-go-client/instana/config_loader.go:90.2,90.51 1 0
github.com/instana/instana-go-client/instana/config_loader.go:90.51,92.17 2 0
github.com/instana/instana-go-client/instana/config_loader.go:92.17,94.4 1 0
github.com/instana/instana-go-client/instana/config_loader.go:95.3,95.36 1 0
github.com/instana/instana-go-client/instana/config_loader.go:98.2,98.47 1 0
github.com/instana/instana-go-client/instana/config_loader.go:98.47,100.17 2 0
github.com/instana/instana-go-client/instana/config_loader.go:100.17,102.4 1 0
github.com/instana/instana-go-client/instana/config_loader.go:103.3,103.32 1 0
github.com/instana/instana-go-client/instana/config_loader.go:106.2,106.56 1 0
github.com/instana/instana-go-client/instana/config_loader.go:106.56,108.17 2 0
github.com/instana/instana-go-client/instana/config_loader.go:108.17,110.4 1 0
github.com/instana/instana-go-client/instana/config_loader.go:111.3,111.46 1 0
github.com/instana/instana-go-client/instana/config_loader.go:115.2,115.43 1 0
github.com/instana/instana-go-client/instana/config_loader.go:115.43,117.17 2 0
github.com/instana/instana-go-client/instana/config_loader.go:117.17,119.4 1 0
github.com/instana/instana-go-client/instana/config_loader.go:120.3,120.27 1 0
github.com/instana/instana-go-client/instana/config_loader.go:123.2,123.57 1 0
github.com/instana/instana-go-client/instana/config_loader.go:123.57,125.17 2 0
github.com/instana/instana-go-client/instana/config_loader.go:125.17,127.4 1 0
github.com/instana/instana-go-client/instana/config_loader.go:128.3,128.47 1 0
github.com/instana/instana-go-client/instana/config_loader.go:132.2,132.50 1 0
github.com/instana/instana-go-client/instana/config_loader.go:132.50,134.17 2 0
github.com/instana/instana-go-client/instana/config_loader.go:134.17,136.4 1 0
github.com/instana/instana-go-client/instana/config_loader.go:137.3,137.37 1 0
github.com/instana/instana-go-client/instana/config_loader.go:140.2,140.60 1 0
github.com/instana/instana-go-client/instana/config_loader.go:140.60,142.17 2 0
github.com/instana/instana-go-client/instana/config_loader.go:142.17,144.4 1 0
github.com/instana/instana-go-client/instana/config_loader.go:145.3,145.43 1 0
github.com/instana/instana-go-client/instana/config_loader.go:148.2,148.56 1 0
github.com/instana/instana-go-client/instana/config_loader.go:148.56,150.17 2 0
github.com/instana/instana-go-client/instana/config_loader.go:150.17,152.4 1 0
github.com/instana/instana-go-client/instana/config_loader.go:153.3,153.41 1 0
github.com/instana/instana-go-client/instana/config_loader.go:157.2,157.52 1 0
github.com/instana/instana-go-client/instana/config_loader.go:157.52,159.17 2 0
github.com/instana/instana-go-client/instana/config_loader.go:159.17,161.4 1 0
github.com/instana/instana-go-client/instana/config_loader.go:162.3,162.49 1 0
github.com/instana/instana-go-client/instana/config_loader.go:165.2,165.55 1 0
github.com/instana/instana-go-client/instana/config_loader.go:165.55,167.17 2 0
github.com/instana/instana-go-client/instana/config_loader.go:167.17,169.4 1 0
github.com/instana/instana-go-client/instana/config_loader.go:170.3,170.52 1 0
github.com/instana/instana-go-client/instana/config_loader.go:173.2,173.51 1 0
github.com/instana/instana-go-client/instana/config_loader.go:173.51,175.17 2 0
github.com/instana/instana-go-client/instana/config_loader.go:175.17,177.4 1 0
github.com/instana/instana-go-client/instana/config_loader.go:178.3,178.53 1 0
github.com/instana/instana-go-client/instana/config_loader.go:181.2,181.20 1 0
github.com/instana/instana-go-client/instana/config_loader.go:185.59,187.16 2 0
github.com/instana/instana-go-client/instana/config_loader.go:187.16,189.3 1 0
github.com/instana/instana-go-client/instana/config_loader.go:191.2,192.54 2 0
github.com/instana/instana-go-client/instana/config_loader.go:192.54,194.3 1 0
github.com/instana/instana-go-client/instana/config_loader.go:197.2,199.21 2 0
github.com/instana/instana-go-client/instana/config_loader.go:203.74,206.16 2 0
github.com/instana/instana-go-client/instana/config_loader.go:206.16,208.3 1 0
github.com/instana/instana-go-client/instana/config_loader.go:211.2,212.16 2 0
github.com/instana/instana-go-client/instana/config_loader.go:212.16,214.3 1 0
github.com/instana/instana-go-client/instana/config_loader.go:217.2,219.20 2 0
github.com/instana/instana-go-client/instana/config_loader.go:224.53,226.49 1 0
github.com/instana/instana-go-client/instana/config_loader.go:226.49,228.3 1 0
github.com/instana/instana-go-client/instana/config_loader.go:231.2,231.49 1 0
github.com/instana/instana-go-client/instana/config_loader.go:231.49,233.3 1 0
github.com/instana/instana-go-client/instana/config_loader.go:235.2,235.56 1 0
github.com/instana/instana-go-client/instana/config_loader.go:239.42,242.36 2 0
github.com/instana/instana-go-client/instana/config_loader.go:242.36,244.3 1 0
github.com/instana/instana-go-client/instana/config_loader.go:245.2,245.33 1 0
github.com/instana/instana-go-client/instana/config_loader.go:245.33,247.3 1 0
github.com/instana/instana-go-client/instana/config_loader.go:248.2,248.40 1 0
github.com/instana/instana-go-client/instana/config_loader.go:248.40,250.3 1 0
github.com/instana/instana-go-client/instana/config_loader.go:251.2,251.40 1 0
github.com/instana/instana-go-client/instana/config_loader.go:251.40,253.3 1 0
github.com/instana/instana-go-client/instana/config_loader.go:254.2,254.38 1 0
github.com/instana/instana-go-client/instana/config_loader.go:254.38,256.3 1 0
github.com/instana/instana-go-client/instana/config_loader.go:258.2,258.35 1 0
github.com/instana/instana-go-client/instana/config_loader.go:258.35,260.3 1 0
github.com/instana/instana-go-client/instana/config_loader.go:261.2,261.36 1 0
github.com/instana/instana-go-client/instana/config_loader.go:261.36,263.3 1 0
github.com/instana/instana-go-client/instana/config_loader.go:264.2,264.32 1 0
github.com/instana/instana-go-client/instana/config_loader.go:264.32,266.3 1 0
github.com/instana/instana-go-client/instana/config_loader.go:267.2,267.41 1 0
github.com/instana/instana-go-client/instana/config_loader.go:267.41,269.3 1 0
github.com/instana/instana-go-client/instana/config_loader.go:270.2,270.46 1 0
github.com/instana/instana-go-client/instana/config_loader.go:270.46,272.3 1 0
github.com/instana/instana-go-client/instana/config_loader.go:274.2,274.34 1 0
github.com/instana/instana-go-client/instana/config_loader.go:274.34,276.3 1 0
github.com/instana/instana-go-client/instana/config_loader.go:278.2,278.28 1 0
github.com/instana/instana-go-client/instana/config_loader.go:278.28,280.3 1 0
github.com/instana/instana-go-client/instana/config_loader.go:281.2,281.42 1 0
github.com/instana/instana-go-client/instana/config_loader.go:281.42,283.3 1 0
github.com/instana/instana-go-client/instana/config_loader.go:285.2,285.45 1 0
github.com/instana/instana-go-client/instana/config_loader.go:285.45,287.3 1 0
github.com/instana/instana-go-client/instana/config_loader.go:288.2,288.41 1 0
github.com/instana/instana-go-client/instana/config_loader.go:288.41,290.3 1 0
github.com/instana/instana-go-client/instana/config_loader.go:292.2,292.51 1 0
github.com/instana/instana-go-client/instana/config_loader.go:292.51,294.3 1 0
github.com/instana/instana-go-client/instana/config_loader.go:295.2,295.54 1 0
github.com/instana/instana-go-client/instana/config_loader.go:295.54,297.3 1 0
github.com/instana/instana-go-client/instana/config_loader.go:298.2,298.58 1 0
github.com/instana/instana-go-client/instana/config_loader.go:298.58,300.3 1 0
github.com/instana/instana-go-client/instana/config_loader.go:301.2,301.50 1 0
github.com/instana/instana-go-client/instana/config_loader.go:301.50,303.3 1 0
github.com/instana/instana-go-client/instana/config_loader.go:305.2,305.28 1 0
github.com/instana/instana-go-client/instana/config_loader.go:305.28,307.3 1 0
github.com/instana/instana-go-client/instana/config_loader.go:312.49,313.26 1 0
github.com/instana/instana-go-client/instana/config_loader.go:313.26,315.3 1 0
github.com/instana/instana-go-client/instana/config_loader.go:316.2,316.27 1 0
github.com/instana/instana-go-client/instana/config_loader.go:316.27,318.3 1 0
github.com/instana/instana-go-client/instana/config_loader.go:319.2,319.28 1 0
github.com/instana/instana-go-client/instana/config_loader.go:319.28,321.3 1 0
github.com/instana/instana-go-client/instana/config_loader.go:323.2,326.35 2 0
github.com/instana/instana-go-client/instana/config_loader.go:326.35,328.3 1 0
github.com/instana/instana-go-client/instana/config_loader.go:329.2,329.32 1 0
github.com/instana/instana-go-client/instana/config_loader.go:329.32,331.3 1 0
github.com/instana/instana-go-client/instana/config_loader.go:332.2,332.39 1 0
github.com/instana/instana-go-client/instana/config_loader.go:332.39,334.3 1 0
github.com/instana/instana-go-client/instana/config_loader.go:335.2,335.39 1 0
github.com/instana/instana-go-client/instana/config_loader.go:335.39,337.3 1 0
github.com/instana/instana-go-client/instana/config_loader.go:338.2,338.37 1 0
github.com/instana/instana-go-client/instana/config_loader.go:338.37,340.3 1 0
github.com/instana/instana-go-client/instana/config_loader.go:343.2,343.34 1 0
github.com/instana/instana-go-client/instana/config_loader.go:343.34,345.3 1 0
github.com/instana/instana-go-client/instana/config_loader.go:346.2,346.35 1 0
github.com/instana/instana-go-client/instana/config_loader.go:346.35,348.3 1 0
github.com/instana/instana-go-client/instana/config_loader.go:349.2,349.31 1 0
github.com/instana/instana-go-client/instana/config_loader.go:349.31,351.3 1 0
github.com/instana/instana-go-client/instana/config_loader.go:352.2,352.40 1 0
github.com/instana/instana-go-client/instana/config_loader.go:352.40,354.3 1 0
github.com/instana/instana-go-client/instana/config_loader.go:357.2,357.42 1 0
github.com/instana/instana-go-client/instana/config_loader.go:357.42,359.3 1 0
github.com/instana/instana-go-client/instana/config_loader.go:362.2,362.27 1 0
github.com/instana/instana-go-client/instana/config_loader.go:362.27,364.3 1 0
github.com/instana/instana-go-client/instana/config_loader.go:365.2,365.41 1 0
github.com/instana/instana-go-client/instana/config_loader.go:365.41,367.3 1 0
github.com/instana/instana-go-client/instana/config_loader.go:370.2,371.44 2 0
github.com/instana/instana-go-client/instana/config_loader.go:371.44,373.3 1 0
github.com/instana/instana-go-client/instana/config_loader.go:374.2,374.40 1 0
github.com/instana/instana-go-client/instana/config_loader.go:374.40,376.3 1 0
github.com/instana/instana-go-client/instana/config_loader.go:379.2,379.50 1 0
github.com/instana/instana-go-client/instana/config_loader.go:379.50,381.3 1 0
github.com/instana/instana-go-client/instana/config_loader.go:382.2,382.53 1 0
github.com/instana/instana-go-client/instana/config_loader.go:382.53,384.3 1 0
github.com/instana/instana-go-client/instana/config_loader.go:385.2,385.49 1 0
github.com/instana/instana-go-client/instana/config_loader.go:385.49,387.3 1 0
github.com/instana/instana-go-client/instana/config_loader.go:391.31,413.2 21 0
github.com/instana/instana-go-client/instana/config_validator.go:15.42,17.2 1 0
github.com/instana/instana-go-client/instana/config_validator.go:23.42,24.17 1 0
github.com/instana/instana-go-client/instana/config_validator.go:24.17,26.3 1 0
github.com/instana/instana-go-client/instana/config_validator.go:27.2,27.17 1 0
github.com/instana/instana-go-client/instana/config_validator.go:27.17,29.3 1 0
github.com/instana/instana-go-client/instana/config_validator.go:30.2,31.24 2 0
github.com/instana/instana-go-client/instana/config_validator.go:31.24,33.3 1 0
github.com/instana/instana-go-client/instana/config_validator.go:34.2,34.12 1 0
github.com/instana/instana-go-client/instana/config_validator.go:38.44,40.2 1 0
github.com/instana/instana-go-client/instana/config_validator.go:43.41,47.21 2 0
github.com/instana/instana-go-client/instana/config_validator.go:47.21,52.3 1 0
github.com/instana/instana-go-client/instana/config_validator.go:55.2,55.22 1 0
github.com/instana/instana-go-client/instana/config_validator.go:55.22,60.3 1 0
github.com/instana/instana-go-client/instana/config_validator.go:63.2,77.24 6 0
github.com/instana/instana-go-client/instana/config_validator.go:77.24,79.3 1 0
github.com/instana/instana-go-client/instana/config_validator.go:81.2,81.12 1 0
github.com/instana/instana-go-client/instana/config_validator.go:85.59,88.31 2 0
github.com/instana/instana-go-client/instana/config_validator.go:88.31,93.3 1 0
github.com/instana/instana-go-client/instana/config_validator.go:95.2,95.42 1 0
github.com/instana/instana-go-client/instana/config_validator.go:95.42,100.3 1 0
github.com/instana/instana-go-client/instana/config_validator.go:102.2,102.28 1 0
github.com/instana/instana-go-client/instana/config_validator.go:102.28,107.3 1 0
github.com/instana/instana-go-client/instana/config_validator.go:109.2,109.40 1 0
github.com/instana/instana-go-client/instana/config_validator.go:109.40,114.3 1 0
github.com/instana/instana-go-client/instana/config_validator.go:116.2,116.35 1 0
github.com/instana/instana-go-client/instana/config_validator.go:116.35,121.3 1 0
github.com/instana/instana-go-client/instana/config_validator.go:123.2,123.35 1 0
github.com/instana/instana-go-client/instana/config_validator.go:123.35,128.3 1 0
github.com/instana/instana-go-client/instana/config_validator.go:130.2,130.33 1 0
github.com/instana/instana-go-client/instana/config_validator.go:130.33,135.3 1 0
github.com/instana/instana-go-client/instana/config_validator.go:138.2,138.46 1 0
github.com/instana/instana-go-client/instana/config_validator.go:138.46,143.3 1 0
github.com/instana/instana-go-client/instana/config_validator.go:145.2,145.15 1 0
github.com/instana/instana-go-client/instana/config_validator.go:149.57,152.29 2 0
github.com/instana/instana-go-client/instana/config_validator.go:152.29,157.3 1 0
github.com/instana/instana-go-client/instana/config_validator.go:159.2,159.30 1 0
github.com/instana/instana-go-client/instana/config_validator.go:159.30,164.3 1 0
github.com/instana/instana-go-client/instana/config_validator.go:166.2,166.30 1 0
github.com/instana/instana-go-client/instana/config_validator.go:166.30,171.3 1 0
github.com/instana/instana-go-client/instana/config_validator.go:173.2,173.42 1 0
github.com/instana/instana-go-client/instana/config_validator.go:173.42,178.3 1 0
github.com/instana/instana-go-client/instana/config_validator.go:180.2,180.26 1 0
github.com/instana/instana-go-client/instana/config_validator.go:180.26,185.3 1 0
github.com/instana/instana-go-client/instana/config_validator.go:187.2,187.38 1 0
github.com/instana/instana-go-client/instana/config_validator.go:187.38,192.3 1 0
github.com/instana/instana-go-client/instana/config_validator.go:194.2,194.37 1 0
github.com/instana/instana-go-client/instana/config_validator.go:194.37,199.3 1 0
github.com/instana/instana-go-client/instana/config_validator.go:201.2,201.38 1 0
github.com/instana/instana-go-client/instana/config_validator.go:201.38,206.3 1 0
github.com/instana/instana-go-client/instana/config_validator.go:209.2,209.97 1 0
github.com/instana/instana-go-client/instana/config_validator.go:209.97,214.3 1 0
github.com/instana/instana-go-client/instana/config_validator.go:217.2,217.52 1 0
github.com/instana/instana-go-client/instana/config_validator.go:217.52,218.31 1 0
github.com/instana/instana-go-client/instana/config_validator.go:218.31,223.4 1 0
github.com/instana/instana-go-client/instana/config_validator.go:226.2,226.15 1 0
github.com/instana/instana-go-client/instana/config_validator.go:230.57,233.23 2 0
github.com/instana/instana-go-client/instana/config_validator.go:233.23,238.3 1 0
github.com/instana/instana-go-client/instana/config_validator.go:240.2,240.25 1 0
github.com/instana/instana-go-client/instana/config_validator.go:240.25,245.3 1 0
github.com/instana/instana-go-client/instana/config_validator.go:247.2,247.37 1 0
github.com/instana/instana-go-client/instana/config_validator.go:247.37,252.3 1 0
github.com/instana/instana-go-client/instana/config_validator.go:254.2,254.38 1 0
github.com/instana/instana-go-client/instana/config_validator.go:254.38,259.3 1 0
github.com/instana/instana-go-client/instana/config_validator.go:261.2,261.15 1 0
github.com/instana/instana-go-client/instana/config_validator.go:265.61,268.25 2 0
github.com/instana/instana-go-client/instana/config_validator.go:268.25,269.41 1 0
github.com/instana/instana-go-client/instana/config_validator.go:269.41,274.4 1 0
github.com/instana/instana-go-client/instana/config_validator.go:276.3,276.44 1 0
github.com/instana/instana-go-client/instana/config_validator.go:276.44,281.4 1 0
github.com/instana/instana-go-client/instana/config_validator.go:283.3,283.37 1 0
github.com/instana/instana-go-client/instana/config_validator.go:283.37,288.4 1 0
github.com/instana/instana-go-client/instana/config_validator.go:290.3,290.40 1 0
github.com/instana/instana-go-client/instana/config_validator.go:290.40,295.4 1 0
github.com/instana/instana-go-client/instana/config_validator.go:298.3,298.64 1 0
github.com/instana/instana-go-client/instana/config_validator.go:298.64,303.4 1 0
github.com/instana/instana-go-client/instana/config_validator.go:306.2,306.15 1 0
github.com/instana/instana-go-client/instana/config_validator.go:310.66,313.45 2 0
github.com/instana/instana-go-client/instana/config_validator.go:313.45,318.3 1 0
github.com/instana/instana-go-client/instana/config_validator.go:320.2,320.48 1 0
github.com/instana/instana-go-client/instana/config_validator.go:320.48,325.3 1 0
github.com/instana/instana-go-client/instana/config_validator.go:327.2,327.49 1 0
github.com/instana/instana-go-client/instana/config_validator.go:327.49,332.3 1 0
github.com/instana/instana-go-client/instana/config_validator.go:334.2,334.50 1 0
github.com/instana/instana-go-client/instana/config_validator.go:334.50,339.3 1 0
github.com/instana/instana-go-client/instana/config_validator.go:341.2,341.52 1 0
github.com/instana/instana-go-client/instana/config_validator.go:341.52,346.3 1 0
github.com/instana/instana-go-client/instana/config_validator.go:348.2,348.89 1 0
github.com/instana/instana-go-client/instana/config_validator.go:348.89,353.3 1 0
github.com/instana/instana-go-client/instana/config_validator.go:355.2,355.44 1 0
github.com/instana/instana-go-client/instana/config_validator.go:355.44,360.3 1 0
github.com/instana/instana-go-client/instana/config_validator.go:362.2,362.57 1 0
github.com/instana/instana-go-client/instana/config_validator.go:362.57,367.3 1 0
github.com/instana/instana-go-client/instana/config_validator.go:369.2,369.15 1 0
github.com/instana/instana-go-client/instana/custom-dashboard.go:16.57,18.2 1 0
github.com/instana/instana-go-client/instana/custom-event-specficiations-api.go:75.69,77.2 1 0
github.com/instana/instana-go-client/instana/custom-payload-field.go:10.58,12.26 2 0
github.com/instana/instana-go-client/instana/custom-payload-field.go:12.26,14.3 1 0
github.com/instana/instana-go-client/instana/custom-payload-field.go:15.2,15.15 1 0
github.com/instana/instana-go-client/instana/custom-payload-fields-unmarshaller-adapter.go:14.147,16.2 1 1
github.com/instana/instana-go-client/instana/custom-payload-fields-unmarshaller-adapter.go:23.95,25.16 2 1
github.com/instana/instana-go-client/instana/custom-payload-fields-unmarshaller-adapter.go:25.16,27.3 1 1
github.com/instana/instana-go-client/instana/custom-payload-fields-unmarshaller-adapter.go:28.2,28.17 1 1
github.com/instana/instana-go-client/instana/custom-payload-fields-unmarshaller-adapter.go:28.17,29.27 1 1
github.com/instana/instana-go-client/instana/custom-payload-fields-unmarshaller-adapter.go:29.27,31.4 1 1
github.com/instana/instana-go-client/instana/custom-payload-fields-unmarshaller-adapter.go:33.2,33.18 1 1
github.com/instana/instana-go-client/instana/custom-payload-fields-unmarshaller-adapter.go:36.87,38.16 2 1
github.com/instana/instana-go-client/instana/custom-payload-fields-unmarshaller-adapter.go:38.16,40.3 1 1
github.com/instana/instana-go-client/instana/custom-payload-fields-unmarshaller-adapter.go:41.2,42.18 2 1
github.com/instana/instana-go-client/instana/custom-payload-fields-unmarshaller-adapter.go:45.84,47.33 2 1
github.com/instana/instana-go-client/instana/custom-payload-fields-unmarshaller-adapter.go:47.33,49.3 1 1
github.com/instana/instana-go-client/instana/custom-payload-fields-unmarshaller-adapter.go:50.2,50.45 1 1
github.com/instana/instana-go-client/instana/custom-payload-fields-unmarshaller-adapter.go:53.130,54.44 1 1
github.com/instana/instana-go-client/instana/custom-payload-fields-unmarshaller-adapter.go:54.44,57.47 3 1
github.com/instana/instana-go-client/instana/custom-payload-fields-unmarshaller-adapter.go:57.47,60.4 2 1
github.com/instana/instana-go-client/instana/custom-payload-fields-unmarshaller-adapter.go:61.3,64.4 1 1
github.com/instana/instana-go-client/instana/custom-payload-fields-unmarshaller-adapter.go:65.8,69.3 2 1
github.com/instana/instana-go-client/instana/custom-payload-fields-unmarshaller-adapter.go:70.2,70.14 1 1
github.com/instana/instana-go-client/instana/default-json-unmarshaller.go:9.88,15.2 2 0
github.com/instana/instana-go-client/instana/default-json-unmarshaller.go:23.72,25.54 2 0
github.com/instana/instana-go-client/instana/default-json-unmarshaller.go:25.54,27.3 1 0
github.com/instana/instana-go-client/instana/default-json-unmarshaller.go:28.2,28.20 1 0
github.com/instana/instana-go-client/instana/default-json-unmarshaller.go:32.80,34.54 2 0
github.com/instana/instana-go-client/instana/default-json-unmarshaller.go:34.54,36.3 1 0
github.com/instana/instana-go-client/instana/default-json-unmarshaller.go:37.2,37.20 1 0
github.com/instana/instana-go-client/instana/default-rest-resource.go:10.151,17.2 1 0
github.com/instana/instana-go-client/instana/default-rest-resource.go:20.152,27.2 1 0
github.com/instana/instana-go-client/instana/default-rest-resource.go:30.153,37.2 1 0
github.com/instana/instana-go-client/instana/default-rest-resource.go:40.161,47.2 1 0
github.com/instana/instana-go-client/instana/default-rest-resource.go:50.160,57.2 1 0
github.com/instana/instana-go-client/instana/default-rest-resource.go:84.57,86.16 2 0
github.com/instana/instana-go-client/instana/default-rest-resource.go:86.16,88.3 1 0
github.com/instana/instana-go-client/instana/default-rest-resource.go:89.2,90.16 2 0
github.com/instana/instana-go-client/instana/default-rest-resource.go:90.16,92.3 1 0
github.com/instana/instana-go-client/instana/default-rest-resource.go:93.2,93.21 1 0
github.com/instana/instana-go-client/instana/default-rest-resource.go:96.63,98.16 2 0
github.com/instana/instana-go-client/instana/default-rest-resource.go:98.16,100.3 1 0
github.com/instana/instana-go-client/instana/default-rest-resource.go:101.2,101.51 1 0
github.com/instana/instana-go-client/instana/default-rest-resource.go:104.60,105.124 1 0
github.com/instana/instana-go-client/instana/default-rest-resource.go:105.124,107.3 1 0
github.com/instana/instana-go-client/instana/default-rest-resource.go:108.2,108.38 1 0
github.com/instana/instana-go-client/instana/default-rest-resource.go:111.60,112.58 1 0
github.com/instana/instana-go-client/instana/default-rest-resource.go:112.58,114.3 1 0
github.com/instana/instana-go-client/instana/default-rest-resource.go:114.8,114.144 1 0
github.com/instana/instana-go-client/instana/default-rest-resource.go:114.144,116.17 2 0
github.com/instana/instana-go-client/instana/default-rest-resource.go:116.17,118.4 1 0
github.com/instana/instana-go-client/instana/default-rest-resource.go:119.3,119.83 1 0
github.com/instana/instana-go-client/instana/default-rest-resource.go:121.2,121.58 1 0
github.com/instana/instana-go-client/instana/default-rest-resource.go:124.91,126.16 2 0
github.com/instana/instana-go-client/instana/default-rest-resource.go:126.16,128.3 1 0
github.com/instana/instana-go-client/instana/default-rest-resource.go:129.2,129.55 1 0
github.com/instana/instana-go-client/instana/default-rest-resource.go:132.112,134.16 2 0
github.com/instana/instana-go-client/instana/default-rest-resource.go:134.16,136.3 1 0
github.com/instana/instana-go-client/instana/default-rest-resource.go:139.2,139.30 1 0
github.com/instana/instana-go-client/instana/default-rest-resource.go:139.30,141.3 1 0
github.com/instana/instana-go-client/instana/default-rest-resource.go:142.2,142.55 1 0
github.com/instana/instana-go-client/instana/default-rest-resource.go:145.93,147.16 2 0
github.com/instana/instana-go-client/instana/default-rest-resource.go:147.16,149.3 1 0
github.com/instana/instana-go-client/instana/default-rest-resource.go:150.2,150.24 1 0
github.com/instana/instana-go-client/instana/default-rest-resource.go:153.55,155.2 1 0
github.com/instana/instana-go-client/instana/default-rest-resource.go:157.62,159.2 1 0
github.com/instana/instana-go-client/instana/errors.go:31.36,32.11 1 0
github.com/instana/instana-go-client/instana/errors.go:33.24,34.24 1 0
github.com/instana/instana-go-client/instana/errors.go:35.20,36.20 1 0
github.com/instana/instana-go-client/instana/errors.go:37.27,38.27 1 0
github.com/instana/instana-go-client/instana/errors.go:39.31,40.31 1 0
github.com/instana/instana-go-client/instana/errors.go:41.26,42.26 1 0
github.com/instana/instana-go-client/instana/errors.go:43.24,44.24 1 0
github.com/instana/instana-go-client/instana/errors.go:45.30,46.30 1 0
github.com/instana/instana-go-client/instana/errors.go:47.10,48.24 1 0
github.com/instana/instana-go-client/instana/errors.go:63.39,64.22 1 0
github.com/instana/instana-go-client/instana/errors.go:64.22,66.3 1 0
github.com/instana/instana-go-client/instana/errors.go:67.2,67.59 1 0
github.com/instana/instana-go-client/instana/errors.go:71.39,73.2 1 0
github.com/instana/instana-go-client/instana/errors.go:76.43,78.2 1 0
github.com/instana/instana-go-client/instana/errors.go:81.43,83.2 1 0
github.com/instana/instana-go-client/instana/errors.go:86.60,94.2 1 0
github.com/instana/instana-go-client/instana/errors.go:97.72,107.2 2 0
github.com/instana/instana-go-client/instana/errors.go:110.66,118.2 1 0
github.com/instana/instana-go-client/instana/errors.go:121.67,130.2 1 0
github.com/instana/instana-go-client/instana/errors.go:133.67,141.2 1 0
github.com/instana/instana-go-client/instana/errors.go:144.60,152.2 1 0
github.com/instana/instana-go-client/instana/errors.go:155.66,163.2 1 0
github.com/instana/instana-go-client/instana/errors.go:166.49,167.20 1 0
github.com/instana/instana-go-client/instana/errors.go:173.29,174.14 1 0
github.com/instana/instana-go-client/instana/errors.go:175.10,176.15 1 0
github.com/instana/instana-go-client/instana/errors.go:181.39,182.16 1 0
github.com/instana/instana-go-client/instana/errors.go:182.16,184.3 1 0
github.com/instana/instana-go-client/instana/errors.go:186.2,186.47 1 0
github.com/instana/instana-go-client/instana/errors.go:186.47,188.3 1 0
github.com/instana/instana-go-client/instana/errors.go:190.2,190.14 1 0
github.com/instana/instana-go-client/instana/errors.go:194.39,195.16 1 0
github.com/instana/instana-go-client/instana/errors.go:195.16,197.3 1 0
github.com/instana/instana-go-client/instana/errors.go:199.2,199.47 1 0
github.com/instana/instana-go-client/instana/errors.go:199.47,201.3 1 0
github.com/instana/instana-go-client/instana/errors.go:204.2,204.57 1 0
github.com/instana/instana-go-client/instana/errors.go:204.57,206.3 1 0
github.com/instana/instana-go-client/instana/errors.go:208.2,208.14 1 0
github.com/instana/instana-go-client/instana/errors.go:212.39,213.16 1 0
github.com/instana/instana-go-client/instana/errors.go:213.16,215.3 1 0
github.com/instana/instana-go-client/instana/errors.go:217.2,217.47 1 0
github.com/instana/instana-go-client/instana/errors.go:217.47,219.3 1 0
github.com/instana/instana-go-client/instana/errors.go:221.2,221.10 1 0
github.com/instana/instana-go-client/instana/errors.go:225.49,226.16 1 0
github.com/instana/instana-go-client/instana/errors.go:226.16,228.3 1 0
github.com/instana/instana-go-client/instana/errors.go:230.2,230.47 1 0
github.com/instana/instana-go-client/instana/errors.go:230.47,233.3 2 0
github.com/instana/instana-go-client/instana/errors.go:235.2,235.43 1 0
github.com/instana/instana-go-client/instana/granularity.go:10.55,12.34 2 0
github.com/instana/instana-go-client/instana/granularity.go:12.34,14.3 1 0
github.com/instana/instana-go-client/instana/granularity.go:15.2,15.15 1 0
github.com/instana/instana-go-client/instana/groups-api.go:171.64,173.32 2 0
github.com/instana/instana-go-client/instana/groups-api.go:173.32,175.3 1 0
github.com/instana/instana-go-client/instana/groups-api.go:176.2,176.15 1 0
github.com/instana/instana-go-client/instana/groups-api.go:295.52,296.31 1 0
github.com/instana/instana-go-client/instana/groups-api.go:296.31,298.3 1 0
github.com/instana/instana-go-client/instana/groups-api.go:299.2,299.39 1 0
github.com/instana/instana-go-client/instana/groups-api.go:299.39,301.3 1 0
github.com/instana/instana-go-client/instana/groups-api.go:302.2,302.40 1 0
github.com/instana/instana-go-client/instana/groups-api.go:302.40,304.3 1 0
github.com/instana/instana-go-client/instana/groups-api.go:305.2,305.29 1 0
github.com/instana/instana-go-client/instana/groups-api.go:305.29,307.3 1 0
github.com/instana/instana-go-client/instana/groups-api.go:308.2,308.27 1 0
github.com/instana/instana-go-client/instana/groups-api.go:308.27,310.3 1 0
github.com/instana/instana-go-client/instana/groups-api.go:311.2,311.28 1 0
github.com/instana/instana-go-client/instana/groups-api.go:311.28,313.3 1 0
github.com/instana/instana-go-client/instana/groups-api.go:314.2,314.66 1 0
github.com/instana/instana-go-client/instana/groups-api.go:314.66,316.3 1 0
github.com/instana/instana-go-client/instana/groups-api.go:317.2,317.13 1 0
github.com/instana/instana-go-client/instana/groups-api.go:336.47,338.2 1 0
github.com/instana/instana-go-client/instana/host-agent-json-unmarshaller.go:9.90,17.2 3 0
github.com/instana/instana-go-client/instana/host-agent-json-unmarshaller.go:25.74,27.54 2 0
github.com/instana/instana-go-client/instana/host-agent-json-unmarshaller.go:27.54,29.3 1 0
github.com/instana/instana-go-client/instana/host-agent-json-unmarshaller.go:30.2,30.20 1 0
github.com/instana/instana-go-client/instana/host-agent-json-unmarshaller.go:34.82,36.54 2 0
github.com/instana/instana-go-client/instana/host-agent-json-unmarshaller.go:36.54,38.3 1 0
github.com/instana/instana-go-client/instana/host-agent-json-unmarshaller.go:39.2,40.25 2 0
github.com/instana/instana-go-client/instana/host-agents-api.go:13.54,15.2 1 0
github.com/instana/instana-go-client/instana/infra-alert-configs.go:20.63,22.2 1 0
github.com/instana/instana-go-client/instana/infra-alert-configs.go:24.86,26.2 1 0
github.com/instana/instana-go-client/instana/infra-alert-configs.go:28.92,30.2 1 0
github.com/instana/instana-go-client/instana/infra-alert-evaluation-type.go:10.65,12.26 2 0
github.com/instana/instana-go-client/instana/infra-alert-evaluation-type.go:12.26,14.3 1 0
github.com/instana/instana-go-client/instana/infra-alert-evaluation-type.go:15.2,15.15 1 0
github.com/instana/instana-go-client/instana/log-alert-config-api.go:43.56,45.2 1 0
github.com/instana/instana-go-client/instana/log-alert-config-api.go:48.79,50.2 1 0
github.com/instana/instana-go-client/instana/log-alert-config-api.go:53.85,55.2 1 0
github.com/instana/instana-go-client/instana/log-level.go:10.50,12.27 2 0
github.com/instana/instana-go-client/instana/log-level.go:12.27,14.3 1 0
github.com/instana/instana-go-client/instana/log-level.go:15.2,15.15 1 0
github.com/instana/instana-go-client/instana/logger.go:42.41,43.11 1 0
github.com/instana/instana-go-client/instana/logger.go:44.27,45.17 1 0
github.com/instana/instana-go-client/instana/logger.go:46.26,47.16 1 0
github.com/instana/instana-go-client/instana/logger.go:48.26,49.16 1 0
github.com/instana/instana-go-client/instana/logger.go:50.27,51.17 1 0
github.com/instana/instana-go-client/instana/logger.go:52.26,53.16 1 0
github.com/instana/instana-go-client/instana/logger.go:54.10,55.19 1 0
github.com/instana/instana-go-client/instana/logger.go:67.60,73.2 1 0
github.com/instana/instana-go-client/instana/logger.go:76.62,78.2 1 0
github.com/instana/instana-go-client/instana/logger.go:81.51,83.31 2 0
github.com/instana/instana-go-client/instana/logger.go:83.31,84.28 1 0
github.com/instana/instana-go-client/instana/logger.go:84.28,87.4 1 0
github.com/instana/instana-go-client/instana/logger.go:89.2,89.15 1 0
github.com/instana/instana-go-client/instana/logger.go:93.44,95.6 2 0
github.com/instana/instana-go-client/instana/logger.go:95.6,97.14 2 0
github.com/instana/instana-go-client/instana/logger.go:97.14,99.9 2 0
github.com/instana/instana-go-client/instana/logger.go:101.3,102.21 2 0
github.com/instana/instana-go-client/instana/logger.go:104.2,104.15 1 0
github.com/instana/instana-go-client/instana/logger.go:108.36,109.43 1 0
github.com/instana/instana-go-client/instana/logger.go:109.43,110.35 1 0
github.com/instana/instana-go-client/instana/logger.go:110.35,112.4 1 0
github.com/instana/instana-go-client/instana/logger.go:114.2,114.11 1 0
github.com/instana/instana-go-client/instana/logger.go:118.110,121.28 2 0
github.com/instana/instana-go-client/instana/logger.go:121.28,123.46 2 0
github.com/instana/instana-go-client/instana/logger.go:123.46,124.32 1 0
github.com/instana/instana-go-client/instana/logger.go:124.32,126.5 1 0
github.com/instana/instana-go-client/instana/logger.go:126.10,128.5 1 0
github.com/instana/instana-go-client/instana/logger.go:132.2,132.18 1 0
github.com/instana/instana-go-client/instana/logger.go:136.73,137.36 1 0
github.com/instana/instana-go-client/instana/logger.go:137.36,139.3 1 0
github.com/instana/instana-go-client/instana/logger.go:143.72,144.35 1 0
github.com/instana/instana-go-client/instana/logger.go:144.35,146.3 1 0
github.com/instana/instana-go-client/instana/logger.go:150.72,151.35 1 0
github.com/instana/instana-go-client/instana/logger.go:151.35,153.3 1 0
github.com/instana/instana-go-client/instana/logger.go:157.73,158.36 1 0
github.com/instana/instana-go-client/instana/logger.go:158.36,160.3 1 0
github.com/instana/instana-go-client/instana/logger.go:167.34,169.2 1 0
github.com/instana/instana-go-client/instana/logger.go:172.71,172.72 0 0
github.com/instana/instana-go-client/instana/logger.go:175.70,175.71 0 0
github.com/instana/instana-go-client/instana/logger.go:178.70,178.71 0 0
github.com/instana/instana-go-client/instana/logger.go:181.71,181.72 0 0
github.com/instana/instana-go-client/instana/maintenance-window-config-api.go:44.65,46.2 1 0
github.com/instana/instana-go-client/instana/mobile-alert-config.go:24.59,26.2 1 0
github.com/instana/instana-go-client/instana/mobile-alert-config.go:29.82,31.2 1 0
github.com/instana/instana-go-client/instana/mobile-alert-config.go:34.88,36.2 1 0
github.com/instana/instana-go-client/instana/operator.go:26.77,27.30 1 0
github.com/instana/instana-go-client/instana/operator.go:27.30,28.13 1 0
github.com/instana/instana-go-client/instana/operator.go:28.13,30.4 1 0
github.com/instana/instana-go-client/instana/operator.go:32.2,32.14 1 0
github.com/instana/instana-go-client/instana/operator.go:36.63,38.30 2 0
github.com/instana/instana-go-client/instana/operator.go:38.30,40.3 1 0
github.com/instana/instana-go-client/instana/operator.go:41.2,41.15 1 0
github.com/instana/instana-go-client/instana/rate_limiter.go:21.73,22.19 1 0
github.com/instana/instana-go-client/instana/rate_limiter.go:22.19,24.3 1 0
github.com/instana/instana-go-client/instana/rate_limiter.go:26.2,35.20 2 0
github.com/instana/instana-go-client/instana/rate_limiter.go:35.20,37.3 1 0
github.com/instana/instana-go-client/instana/rate_limiter.go:39.2,39.11 1 0
github.com/instana/instana-go-client/instana/rate_limiter.go:43.56,44.24 1 0
github.com/instana/instana-go-client/instana/rate_limiter.go:44.24,46.3 1 0
github.com/instana/instana-go-client/instana/rate_limiter.go:48.2,48.6 1 0
github.com/instana/instana-go-client/instana/rate_limiter.go:48.6,50.22 1 0
github.com/instana/instana-go-client/instana/rate_limiter.go:50.22,52.4 1 0
github.com/instana/instana-go-client/instana/rate_limiter.go:55.3,55.30 1 0
github.com/instana/instana-go-client/instana/rate_limiter.go:55.30,57.4 1 0
github.com/instana/instana-go-client/instana/rate_limiter.go:60.3,65.10 3 0
github.com/instana/instana-go-client/instana/rate_limiter.go:66.21,67.20 1 0
github.com/instana/instana-go-client/instana/rate_limiter.go:68.31,68.31 0 0
github.com/instana/instana-go-client/instana/rate_limiter.go:75.42,83.22 4 0
github.com/instana/instana-go-client/instana/rate_limiter.go:83.22,86.3 2 0
github.com/instana/instana-go-client/instana/rate_limiter.go:88.2,88.14 1 0
github.com/instana/instana-go-client/instana/rate_limiter.go:92.39,99.21 4 0
github.com/instana/instana-go-client/instana/rate_limiter.go:99.21,104.51 3 0
github.com/instana/instana-go-client/instana/rate_limiter.go:104.51,106.4 1 0
github.com/instana/instana-go-client/instana/rate_limiter.go:111.58,117.23 4 0
github.com/instana/instana-go-client/instana/rate_limiter.go:117.23,119.3 1 0
github.com/instana/instana-go-client/instana/rate_limiter.go:121.2,122.60 2 0
github.com/instana/instana-go-client/instana/rate_limiter.go:126.38,130.12 2 0
github.com/instana/instana-go-client/instana/rate_limiter.go:130.12,131.7 1 0
github.com/instana/instana-go-client/instana/rate_limiter.go:131.7,132.11 1 0
github.com/instana/instana-go-client/instana/rate_limiter.go:133.29,136.19 3 0
github.com/instana/instana-go-client/instana/rate_limiter.go:137.23,138.11 1 0
github.com/instana/instana-go-client/instana/rate_limiter.go:145.31,146.28 1 0
github.com/instana/instana-go-client/instana/rate_limiter.go:146.28,148.3 1 0
github.com/instana/instana-go-client/instana/rate_limiter.go:149.2,149.20 1 0
github.com/instana/instana-go-client/instana/rate_limiter.go:153.53,159.2 4 0
github.com/instana/instana-go-client/instana/rate_limiter.go:162.32,168.2 4 0
github.com/instana/instana-go-client/instana/rate_limiter.go:171.61,176.47 3 0
github.com/instana/instana-go-client/instana/rate_limiter.go:176.47,179.3 2 0
github.com/instana/instana-go-client/instana/rate_limiter.go:182.2,182.42 1 0
github.com/instana/instana-go-client/instana/rate_limiter.go:182.42,184.3 1 0
github.com/instana/instana-go-client/instana/rate_limiter.go:186.2,189.47 2 0
github.com/instana/instana-go-client/instana/rate_limiter.go:189.47,191.3 1 0
github.com/instana/instana-go-client/instana/read-only-rest-resource.go:6.149,12.2 1 0
github.com/instana/instana-go-client/instana/read-only-rest-resource.go:20.58,22.16 2 0
github.com/instana/instana-go-client/instana/read-only-rest-resource.go:22.16,24.3 1 0
github.com/instana/instana-go-client/instana/read-only-rest-resource.go:25.2,26.16 2 0
github.com/instana/instana-go-client/instana/read-only-rest-resource.go:26.16,28.3 1 0
github.com/instana/instana-go-client/instana/read-only-rest-resource.go:29.2,29.21 1 0
github.com/instana/instana-go-client/instana/read-only-rest-resource.go:32.91,34.16 2 0
github.com/instana/instana-go-client/instana/read-only-rest-resource.go:34.16,36.3 1 0
github.com/instana/instana-go-client/instana/read-only-rest-resource.go:37.2,38.16 2 0
github.com/instana/instana-go-client/instana/read-only-rest-resource.go:38.16,40.3 1 0
github.com/instana/instana-go-client/instana/read-only-rest-resource.go:41.2,41.21 1 0
github.com/instana/instana-go-client/instana/read-only-rest-resource.go:44.64,46.16 2 0
github.com/instana/instana-go-client/instana/read-only-rest-resource.go:46.16,48.3 1 0
github.com/instana/instana-go-client/instana/read-only-rest-resource.go:49.2,49.39 1 0
github.com/instana/instana-go-client/instana/relation-type.go:10.53,12.26 2 0
github.com/instana/instana-go-client/instana/relation-type.go:12.26,14.3 1 0
github.com/instana/instana-go-client/instana/relation-type.go:15.2,15.15 1 0
github.com/instana/instana-go-client/instana/rest-client.go:49.83,59.25 5 0
github.com/instana/instana-go-client/instana/rest-client.go:59.25,63.3 1 0
github.com/instana/instana-go-client/instana/rest-client.go:65.2,71.16 4 0
github.com/instana/instana-go-client/instana/rest-client.go:71.16,76.3 2 0
github.com/instana/instana-go-client/instana/rest-client.go:78.2,78.15 1 0
github.com/instana/instana-go-client/instana/rest-client.go:82.68,84.42 1 0
github.com/instana/instana-go-client/instana/rest-client.go:84.42,86.3 1 0
github.com/instana/instana-go-client/instana/rest-client.go:89.2,90.19 2 0
github.com/instana/instana-go-client/instana/rest-client.go:90.19,92.3 1 0
github.com/instana/instana-go-client/instana/rest-client.go:95.2,96.23 2 0
github.com/instana/instana-go-client/instana/rest-client.go:96.23,98.3 1 0
github.com/instana/instana-go-client/instana/rest-client.go:101.2,106.30 4 0
github.com/instana/instana-go-client/instana/rest-client.go:106.30,108.3 1 0
github.com/instana/instana-go-client/instana/rest-client.go:111.2,135.20 6 0
github.com/instana/instana-go-client/instana/rest-client.go:139.58,154.2 2 0
github.com/instana/instana-go-client/instana/rest-client.go:157.88,159.25 2 0
github.com/instana/instana-go-client/instana/rest-client.go:159.25,161.3 1 0
github.com/instana/instana-go-client/instana/rest-client.go:163.2,181.15 6 0
github.com/instana/instana-go-client/instana/rest-client.go:197.72,201.2 3 0
github.com/instana/instana-go-client/instana/rest-client.go:204.110,209.2 4 0
github.com/instana/instana-go-client/instana/rest-client.go:212.86,216.2 3 0
github.com/instana/instana-go-client/instana/rest-client.go:219.97,223.2 3 0
github.com/instana/instana-go-client/instana/rest-client.go:226.103,230.2 3 0
github.com/instana/instana-go-client/instana/rest-client.go:233.96,237.2 3 0
github.com/instana/instana-go-client/instana/rest-client.go:240.88,245.2 4 0
github.com/instana/instana-go-client/instana/rest-client.go:248.111,253.2 4 0
github.com/instana/instana-go-client/instana/rest-client.go:256.121,261.2 4 0
github.com/instana/instana-go-client/instana/rest-client.go:264.62,271.21 3 0
github.com/instana/instana-go-client/instana/rest-client.go:271.21,273.3 1 0
github.com/instana/instana-go-client/instana/rest-client.go:274.2,277.55 2 0
github.com/instana/instana-go-client/instana/rest-client.go:277.55,279.3 1 0
github.com/instana/instana-go-client/instana/rest-client.go:281.2,281.12 1 0
github.com/instana/instana-go-client/instana/rest-client.go:285.139,287.31 1 0
github.com/instana/instana-go-client/instana/rest-client.go:287.31,288.54 1 0
github.com/instana/instana-go-client/instana/rest-client.go:288.54,290.4 1 0
github.com/instana/instana-go-client/instana/rest-client.go:294.2,294.27 1 0
github.com/instana/instana-go-client/instana/rest-client.go:294.27,298.51 3 0
github.com/instana/instana-go-client/instana/rest-client.go:298.51,301.4 2 0
github.com/instana/instana-go-client/instana/rest-client.go:303.3,303.22 1 0
github.com/instana/instana-go-client/instana/rest-client.go:303.22,305.4 1 0
github.com/instana/instana-go-client/instana/rest-client.go:306.3,306.21 1 0
github.com/instana/instana-go-client/instana/rest-client.go:310.2,310.48 1 0
github.com/instana/instana-go-client/instana/rest-client.go:314.123,328.9 6 0
github.com/instana/instana-go-client/instana/rest-client.go:329.30,330.23 1 0
github.com/instana/instana-go-client/instana/rest-client.go:331.20,332.63 1 0
github.com/instana/instana-go-client/instana/rest-client.go:337.58,339.44 2 0
github.com/instana/instana-go-client/instana/rest-client.go:339.44,342.3 2 0
github.com/instana/instana-go-client/instana/rest-client.go:346.74,352.9 3 0
github.com/instana/instana-go-client/instana/rest-client.go:353.24,354.9 1 0
github.com/instana/instana-go-client/instana/rest-client.go:355.10,356.41 1 0
github.com/instana/instana-go-client/instana/rest-client.go:361.109,368.16 3 0
github.com/instana/instana-go-client/instana/rest-client.go:368.16,369.18 1 0
github.com/instana/instana-go-client/instana/rest-client.go:369.18,374.4 1 0
github.com/instana/instana-go-client/instana/rest-client.go:375.3,379.4 1 0
github.com/instana/instana-go-client/instana/rest-client.go:382.2,390.23 3 0
github.com/instana/instana-go-client/instana/rest-client.go:390.23,392.3 1 0
github.com/instana/instana-go-client/instana/rest-client.go:394.2,394.44 1 0
github.com/instana/instana-go-client/instana/rest-client.go:394.44,399.3 1 0
github.com/instana/instana-go-client/instana/rest-client.go:401.2,401.23 1 0
github.com/instana/instana-go-client/instana/rest-client.go:401.23,406.3 1 0
github.com/instana/instana-go-client/instana/rest-client.go:408.2,408.43 1 0
github.com/instana/instana-go-client/instana/rest-client.go:408.43,414.3 1 0
github.com/instana/instana-go-client/instana/rest-client.go:417.2,417.23 1 0
github.com/instana/instana-go-client/instana/rest-client.go:417.23,420.3 2 0
github.com/instana/instana-go-client/instana/rest-client.go:422.2,422.25 1 0
github.com/instana/instana-go-client/instana/rest-client.go:426.104,427.32 1 0
github.com/instana/instana-go-client/instana/rest-client.go:427.32,429.3 1 0
github.com/instana/instana-go-client/instana/rest-client.go:433.91,435.46 2 0
github.com/instana/instana-go-client/instana/rest-client.go:435.46,437.3 1 0
github.com/instana/instana-go-client/instana/rest-client.go:438.2,439.38 2 0
github.com/instana/instana-go-client/instana/rest-client.go:443.68,445.43 2 0
github.com/instana/instana-go-client/instana/rest-client.go:445.43,447.3 1 0
github.com/instana/instana-go-client/instana/rest-client.go:448.2,448.51 1 0
github.com/instana/instana-go-client/instana/rest-client.go:452.60,454.34 1 0
github.com/instana/instana-go-client/instana/rest-client.go:454.34,456.3 1 0
github.com/instana/instana-go-client/instana/rest-client.go:457.2,457.12 1 0
github.com/instana/instana-go-client/instana/retry.go:23.61,24.19 1 0
github.com/instana/instana-go-client/instana/retry.go:24.19,26.3 1 0
github.com/instana/instana-go-client/instana/retry.go:27.2,30.3 1 0
github.com/instana/instana-go-client/instana/retry.go:34.63,37.63 2 0
github.com/instana/instana-go-client/instana/retry.go:37.63,39.10 1 0
github.com/instana/instana-go-client/instana/retry.go:40.21,41.20 1 0
github.com/instana/instana-go-client/instana/retry.go:42.11,42.11 0 0
github.com/instana/instana-go-client/instana/retry.go:46.3,47.17 2 0
github.com/instana/instana-go-client/instana/retry.go:47.17,48.19 1 0
github.com/instana/instana-go-client/instana/retry.go:48.19,52.5 1 0
github.com/instana/instana-go-client/instana/retry.go:53.4,53.14 1 0
github.com/instana/instana-go-client/instana/retry.go:56.3,59.35 2 0
github.com/instana/instana-go-client/instana/retry.go:59.35,65.4 2 0
github.com/instana/instana-go-client/instana/retry.go:68.3,68.37 1 0
github.com/instana/instana-go-client/instana/retry.go:68.37,77.11 3 0
github.com/instana/instana-go-client/instana/retry.go:78.22,79.21 1 0
github.com/instana/instana-go-client/instana/retry.go:80.29,80.29 0 0
github.com/instana/instana-go-client/instana/retry.go:86.2,90.16 2 0
github.com/instana/instana-go-client/instana/retry.go:94.100,97.63 2 0
github.com/instana/instana-go-client/instana/retry.go:97.63,99.10 1 0
github.com/instana/instana-go-client/instana/retry.go:100.21,101.25 1 0
github.com/instana/instana-go-client/instana/retry.go:102.11,102.11 0 0
github.com/instana/instana-go-client/instana/retry.go:106.3,107.17 2 0
github.com/instana/instana-go-client/instana/retry.go:107.17,108.19 1 0
github.com/instana/instana-go-client/instana/retry.go:108.19,112.5 1 0
github.com/instana/instana-go-client/instana/retry.go:113.4,113.22 1 0
github.com/instana/instana-go-client/instana/retry.go:116.3,119.35 2 0
github.com/instana/instana-go-client/instana/retry.go:119.35,125.4 2 0
github.com/instana/instana-go-client/instana/retry.go:128.3,128.37 1 0
github.com/instana/instana-go-client/instana/retry.go:128.37,137.11 3 0
github.com/instana/instana-go-client/instana/retry.go:138.22,139.26 1 0
github.com/instana/instana-go-client/instana/retry.go:140.29,140.29 0 0
github.com/instana/instana-go-client/instana/retry.go:146.2,150.21 2 0
github.com/instana/instana-go-client/instana/retry.go:154.60,156.37 1 0
github.com/instana/instana-go-client/instana/retry.go:156.37,158.3 1 0
github.com/instana/instana-go-client/instana/retry.go:161.2,161.28 1 0
github.com/instana/instana-go-client/instana/retry.go:161.28,163.3 1 0
github.com/instana/instana-go-client/instana/retry.go:166.2,166.47 1 0
github.com/instana/instana-go-client/instana/retry.go:166.47,167.26 1 0
github.com/instana/instana-go-client/instana/retry.go:168.25,169.34 1 0
github.com/instana/instana-go-client/instana/retry.go:170.25,171.42 1 0
github.com/instana/instana-go-client/instana/retry.go:172.41,174.33 1 0
github.com/instana/instana-go-client/instana/retry.go:174.33,176.5 1 0
github.com/instana/instana-go-client/instana/retry.go:177.4,177.15 1 0
github.com/instana/instana-go-client/instana/retry.go:178.11,179.35 1 0
github.com/instana/instana-go-client/instana/retry.go:183.2,183.13 1 0
github.com/instana/instana-go-client/instana/retry.go:187.62,188.53 1 0
github.com/instana/instana-go-client/instana/retry.go:188.53,189.25 1 0
github.com/instana/instana-go-client/instana/retry.go:189.25,191.4 1 0
github.com/instana/instana-go-client/instana/retry.go:193.2,193.14 1 0
github.com/instana/instana-go-client/instana/retry.go:197.61,202.21 2 0
github.com/instana/instana-go-client/instana/retry.go:202.21,205.3 2 0
github.com/instana/instana-go-client/instana/retry.go:208.2,208.40 1 0
github.com/instana/instana-go-client/instana/retry.go:208.40,210.3 1 0
github.com/instana/instana-go-client/instana/retry.go:212.2,212.29 1 0
github.com/instana/instana-go-client/instana/retry.go:216.84,219.2 2 0
github.com/instana/instana-go-client/instana/retry.go:222.120,225.2 2 0
github.com/instana/instana-go-client/instana/retry.go:228.39,239.2 1 0
github.com/instana/instana-go-client/instana/roles-api.go:15.46,17.2 1 0
github.com/instana/instana-go-client/instana/severity.go:10.46,10.76 1 0
github.com/instana/instana-go-client/instana/severity.go:13.55,13.91 1 0
github.com/instana/instana-go-client/instana/severity.go:25.66,27.31 2 0
github.com/instana/instana-go-client/instana/severity.go:27.31,29.3 1 0
github.com/instana/instana-go-client/instana/severity.go:30.2,30.15 1 0
github.com/instana/instana-go-client/instana/severity.go:34.57,36.31 2 0
github.com/instana/instana-go-client/instana/severity.go:36.31,38.3 1 0
github.com/instana/instana-go-client/instana/severity.go:39.2,39.15 1 0
github.com/instana/instana-go-client/instana/severity.go:46.69,47.68 1 0
github.com/instana/instana-go-client/instana/severity.go:47.68,49.3 1 0
github.com/instana/instana-go-client/instana/severity.go:49.8,49.76 1 0
github.com/instana/instana-go-client/instana/severity.go:49.76,51.3 1 0
github.com/instana/instana-go-client/instana/severity.go:52.2,52.11 1 0
github.com/instana/instana-go-client/instana/sli-config-api.go:41.51,43.2 1 0
github.com/instana/instana-go-client/instana/slo-alert-config-api.go:64.56,67.2 2 0
github.com/instana/instana-go-client/instana/slo-alert-config-api.go:69.84,71.2 1 0
github.com/instana/instana-go-client/instana/slo-alert-config-api.go:73.90,75.2 1 0
github.com/instana/instana-go-client/instana/slo-config-api.go:156.51,159.2 2 0
github.com/instana/instana-go-client/instana/slo-correction-config-api.go:41.61,44.2 2 0
github.com/instana/instana-go-client/instana/synthetic-alert-config.go:36.62,38.2 1 0
github.com/instana/instana-go-client/instana/synthetic-alert-config.go:41.85,43.2 1 0
github.com/instana/instana-go-client/instana/synthetic-alert-config.go:46.91,48.2 1 0
github.com/instana/instana-go-client/instana/synthetic-location.go:11.59,13.2 1 0
github.com/instana/instana-go-client/instana/synthetic-test-rest-resource.go:4.130,10.2 1 0
github.com/instana/instana-go-client/instana/synthetic-test-rest-resource.go:18.73,20.16 2 0
github.com/instana/instana-go-client/instana/synthetic-test-rest-resource.go:20.16,22.3 1 0
github.com/instana/instana-go-client/instana/synthetic-test-rest-resource.go:23.2,24.16 2 0
github.com/instana/instana-go-client/instana/synthetic-test-rest-resource.go:24.16,26.3 1 0
github.com/instana/instana-go-client/instana/synthetic-test-rest-resource.go:27.2,27.21 1 0
github.com/instana/instana-go-client/instana/synthetic-test-rest-resource.go:30.79,32.16 2 0
github.com/instana/instana-go-client/instana/synthetic-test-rest-resource.go:32.16,34.3 1 0
github.com/instana/instana-go-client/instana/synthetic-test-rest-resource.go:35.2,35.51 1 0
github.com/instana/instana-go-client/instana/synthetic-test-rest-resource.go:38.89,40.16 2 0
github.com/instana/instana-go-client/instana/synthetic-test-rest-resource.go:40.16,42.3 1 0
github.com/instana/instana-go-client/instana/synthetic-test-rest-resource.go:43.2,43.55 1 0
github.com/instana/instana-go-client/instana/synthetic-test-rest-resource.go:46.89,48.16 2 0
github.com/instana/instana-go-client/instana/synthetic-test-rest-resource.go:48.16,50.3 1 0
github.com/instana/instana-go-client/instana/synthetic-test-rest-resource.go:51.2,51.46 1 0
github.com/instana/instana-go-client/instana/synthetic-test-rest-resource.go:54.109,56.16 2 0
github.com/instana/instana-go-client/instana/synthetic-test-rest-resource.go:56.16,58.3 1 0
github.com/instana/instana-go-client/instana/synthetic-test-rest-resource.go:59.2,59.24 1 0
github.com/instana/instana-go-client/instana/synthetic-test-rest-resource.go:62.71,64.2 1 0
github.com/instana/instana-go-client/instana/synthetic-test-rest-resource.go:66.65,68.2 1 0
github.com/instana/instana-go-client/instana/synthetic-test.go:115.55,117.2 1 0
github.com/instana/instana-go-client/instana/tag-filter.go:18.62,25.2 2 0
github.com/instana/instana-go-client/instana/tag-filter.go:28.63,35.2 2 0
github.com/instana/instana-go-client/instana/tag-filter.go:44.60,46.29 2 0
github.com/instana/instana-go-client/instana/tag-filter.go:46.29,48.3 1 0
github.com/instana/instana-go-client/instana/tag-filter.go:49.2,49.15 1 0
github.com/instana/instana-go-client/instana/tag-filter.go:65.116,74.2 1 0
github.com/instana/instana-go-client/instana/tag-filter.go:77.115,86.2 1 0
github.com/instana/instana-go-client/instana/tag-filter.go:89.125,100.2 2 0
github.com/instana/instana-go-client/instana/tag-filter.go:103.115,112.2 1 0
github.com/instana/instana-go-client/instana/tag-filter.go:115.101,122.2 1 0
github.com/instana/instana-go-client/instana/tag-filter.go:125.127,133.2 1 0
github.com/instana/instana-go-client/instana/tag-filter.go:151.62,153.2 1 0
github.com/instana/instana-go-client/instana/tag-filter.go:156.56,158.2 1 0
github.com/instana/instana-go-client/instana/teams-api.go:75.46,77.2 1 0
github.com/instana/instana-go-client/instana/threshold.go:10.62,12.30 2 0
github.com/instana/instana-go-client/instana/threshold.go:12.30,14.3 1 0
github.com/instana/instana-go-client/instana/threshold.go:15.2,15.15 1 0
github.com/instana/instana-go-client/instana/threshold.go:39.70,41.34 2 0
github.com/instana/instana-go-client/instana/threshold.go:41.34,43.3 1 0
github.com/instana/instana-go-client/instana/threshold.go:44.2,44.15 1 0
github.com/instana/instana-go-client/instana/users-api.go:17.46,19.2 1 0
github.com/instana/instana-go-client/instana/website-alert-config.go:32.60,34.2 1 0
github.com/instana/instana-go-client/instana/website-alert-config.go:37.83,39.2 1 0
github.com/instana/instana-go-client/instana/website-alert-config.go:42.89,44.2 1 0
github.com/instana/instana-go-client/instana/website-impact-measurement-method.go:10.73,12.28 2 0
github.com/instana/instana-go-client/instana/website-impact-measurement-method.go:12.28,14.3 1 0
github.com/instana/instana-go-client/instana/website-impact-measurement-method.go:15.2,15.15 1 0
github.com/instana/instana-go-client/instana/website-monitoring-config-api.go:14.65,16.2 1 1
github.com/instana/instana-go-client/instana/website-monitoring-config-rest-resource.go:4.160,10.2 1 1
github.com/instana/instana-go-client/instana/website-monitoring-config-rest-resource.go:18.93,20.16 2 1
github.com/instana/instana-go-client/instana/website-monitoring-config-rest-resource.go:20.16,22.3 1 1
github.com/instana/instana-go-client/instana/website-monitoring-config-rest-resource.go:23.2,24.16 2 1
github.com/instana/instana-go-client/instana/website-monitoring-config-rest-resource.go:24.16,26.3 1 1
github.com/instana/instana-go-client/instana/website-monitoring-config-rest-resource.go:27.2,27.21 1 1
github.com/instana/instana-go-client/instana/website-monitoring-config-rest-resource.go:30.99,32.16 2 1
github.com/instana/instana-go-client/instana/website-monitoring-config-rest-resource.go:32.16,34.3 1 1
github.com/instana/instana-go-client/instana/website-monitoring-config-rest-resource.go:35.2,35.51 1 1
github.com/instana/instana-go-client/instana/website-monitoring-config-rest-resource.go:38.119,40.16 2 1
github.com/instana/instana-go-client/instana/website-monitoring-config-rest-resource.go:40.16,42.3 1 1
github.com/instana/instana-go-client/instana/website-monitoring-config-rest-resource.go:43.2,43.55 1 1
github.com/instana/instana-go-client/instana/website-monitoring-config-rest-resource.go:46.119,48.16 2 1
github.com/instana/instana-go-client/instana/website-monitoring-config-rest-resource.go:48.16,50.3 1 1
github.com/instana/instana-go-client/instana/website-monitoring-config-rest-resource.go:51.2,51.55 1 1
github.com/instana/instana-go-client/instana/website-monitoring-config-rest-resource.go:54.129,56.16 2 1
github.com/instana/instana-go-client/instana/website-monitoring-config-rest-resource.go:56.16,58.3 1 1
github.com/instana/instana-go-client/instana/website-monitoring-config-rest-resource.go:59.2,59.24 1 1
github.com/instana/instana-go-client/instana/website-monitoring-config-rest-resource.go:62.91,64.2 1 1
github.com/instana/instana-go-client/instana/website-monitoring-config-rest-resource.go:66.75,68.2 1 1
