mode: atomic
github.com/instana/instana-go-client/utils/generics-utils.go:3.30,6.2 2 3
github.com/instana/instana-go-client/shared/rest/custom-payload-adapter.go:18.147,20.2 1 0
github.com/instana/instana-go-client/shared/rest/custom-payload-adapter.go:27.95,29.16 2 0
github.com/instana/instana-go-client/shared/rest/custom-payload-adapter.go:29.16,31.3 1 0
github.com/instana/instana-go-client/shared/rest/custom-payload-adapter.go:32.2,32.17 1 0
github.com/instana/instana-go-client/shared/rest/custom-payload-adapter.go:32.17,33.27 1 0
github.com/instana/instana-go-client/shared/rest/custom-payload-adapter.go:33.27,35.4 1 0
github.com/instana/instana-go-client/shared/rest/custom-payload-adapter.go:37.2,37.18 1 0
github.com/instana/instana-go-client/shared/rest/custom-payload-adapter.go:41.87,43.16 2 0
github.com/instana/instana-go-client/shared/rest/custom-payload-adapter.go:43.16,45.3 1 0
github.com/instana/instana-go-client/shared/rest/custom-payload-adapter.go:46.2,47.18 2 0
github.com/instana/instana-go-client/shared/rest/custom-payload-adapter.go:50.84,52.33 2 0
github.com/instana/instana-go-client/shared/rest/custom-payload-adapter.go:52.33,54.3 1 0
github.com/instana/instana-go-client/shared/rest/custom-payload-adapter.go:55.2,55.45 1 0
github.com/instana/instana-go-client/shared/rest/custom-payload-adapter.go:58.142,59.50 1 0
github.com/instana/instana-go-client/shared/rest/custom-payload-adapter.go:59.50,62.47 3 0
github.com/instana/instana-go-client/shared/rest/custom-payload-adapter.go:62.47,65.4 2 0
github.com/instana/instana-go-client/shared/rest/custom-payload-adapter.go:66.3,69.4 1 0
github.com/instana/instana-go-client/shared/rest/custom-payload-adapter.go:70.8,73.3 2 0
github.com/instana/instana-go-client/shared/rest/custom-payload-adapter.go:74.2,74.14 1 0
github.com/instana/instana-go-client/shared/rest/default.go:10.151,17.2 1 0
github.com/instana/instana-go-client/shared/rest/default.go:20.152,27.2 1 0
github.com/instana/instana-go-client/shared/rest/default.go:30.153,37.2 1 0
github.com/instana/instana-go-client/shared/rest/default.go:40.161,47.2 1 0
github.com/instana/instana-go-client/shared/rest/default.go:50.160,57.2 1 0
github.com/instana/instana-go-client/shared/rest/default.go:84.57,86.16 2 0
github.com/instana/instana-go-client/shared/rest/default.go:86.16,88.3 1 0
github.com/instana/instana-go-client/shared/rest/default.go:89.2,90.16 2 0
github.com/instana/instana-go-client/shared/rest/default.go:90.16,92.3 1 0
github.com/instana/instana-go-client/shared/rest/default.go:93.2,93.21 1 0
github.com/instana/instana-go-client/shared/rest/default.go:96.63,98.16 2 0
github.com/instana/instana-go-client/shared/rest/default.go:98.16,100.3 1 0
github.com/instana/instana-go-client/shared/rest/default.go:101.2,101.51 1 0
github.com/instana/instana-go-client/shared/rest/default.go:104.60,105.124 1 0
github.com/instana/instana-go-client/shared/rest/default.go:105.124,107.3 1 0
github.com/instana/instana-go-client/shared/rest/default.go:108.2,108.38 1 0
github.com/instana/instana-go-client/shared/rest/default.go:111.60,112.16 1 0
github.com/instana/instana-go-client/shared/rest/default.go:113.50,114.66 1 0
github.com/instana/instana-go-client/shared/rest/default.go:115.117,117.17 2 0
github.com/instana/instana-go-client/shared/rest/default.go:117.17,119.4 1 0
github.com/instana/instana-go-client/shared/rest/default.go:120.3,120.83 1 0
github.com/instana/instana-go-client/shared/rest/default.go:121.10,122.59 1 0
github.com/instana/instana-go-client/shared/rest/default.go:126.91,128.16 2 0
github.com/instana/instana-go-client/shared/rest/default.go:128.16,130.3 1 0
github.com/instana/instana-go-client/shared/rest/default.go:131.2,131.55 1 0
github.com/instana/instana-go-client/shared/rest/default.go:134.112,136.16 2 0
github.com/instana/instana-go-client/shared/rest/default.go:136.16,138.3 1 0
github.com/instana/instana-go-client/shared/rest/default.go:141.2,141.30 1 0
github.com/instana/instana-go-client/shared/rest/default.go:141.30,143.3 1 0
github.com/instana/instana-go-client/shared/rest/default.go:144.2,144.55 1 0
github.com/instana/instana-go-client/shared/rest/default.go:147.93,149.16 2 0
github.com/instana/instana-go-client/shared/rest/default.go:149.16,151.3 1 0
github.com/instana/instana-go-client/shared/rest/default.go:152.2,152.24 1 0
github.com/instana/instana-go-client/shared/rest/default.go:155.55,157.2 1 0
github.com/instana/instana-go-client/shared/rest/default.go:159.62,161.2 1 0
github.com/instana/instana-go-client/shared/rest/readonly.go:6.149,12.2 1 0
github.com/instana/instana-go-client/shared/rest/readonly.go:20.58,22.16 2 0
github.com/instana/instana-go-client/shared/rest/readonly.go:22.16,24.3 1 0
github.com/instana/instana-go-client/shared/rest/readonly.go:25.2,26.16 2 0
github.com/instana/instana-go-client/shared/rest/readonly.go:26.16,28.3 1 0
github.com/instana/instana-go-client/shared/rest/readonly.go:29.2,29.21 1 0
github.com/instana/instana-go-client/shared/rest/readonly.go:32.91,34.16 2 0
github.com/instana/instana-go-client/shared/rest/readonly.go:34.16,36.3 1 0
github.com/instana/instana-go-client/shared/rest/readonly.go:37.2,38.16 2 0
github.com/instana/instana-go-client/shared/rest/readonly.go:38.16,40.3 1 0
github.com/instana/instana-go-client/shared/rest/readonly.go:41.2,41.21 1 0
github.com/instana/instana-go-client/shared/rest/readonly.go:44.64,46.16 2 0
github.com/instana/instana-go-client/shared/rest/readonly.go:46.16,48.3 1 0
github.com/instana/instana-go-client/shared/rest/readonly.go:49.2,49.39 1 0
github.com/instana/instana-go-client/shared/rest/unmarshaller.go:19.62,21.2 1 10
github.com/instana/instana-go-client/shared/rest/unmarshaller.go:30.68,32.54 2 6
github.com/instana/instana-go-client/shared/rest/unmarshaller.go:32.54,35.3 2 1
github.com/instana/instana-go-client/shared/rest/unmarshaller.go:36.2,36.20 1 5
github.com/instana/instana-go-client/shared/rest/unmarshaller.go:46.76,48.54 2 4
github.com/instana/instana-go-client/shared/rest/unmarshaller.go:48.54,50.3 1 2
github.com/instana/instana-go-client/shared/rest/unmarshaller.go:51.2,51.21 1 2
github.com/instana/instana-go-client/testutils/mock-instana-api.go:14.103,16.2 1 0
github.com/instana/instana-go-client/testutils/mock-instana-api.go:19.113,21.2 1 0
github.com/instana/instana-go-client/testutils/mock-instana-api.go:24.71,26.2 1 0
github.com/instana/instana-go-client/testutils/mock-instana-api.go:29.89,31.2 1 0
github.com/instana/instana-go-client/testutils/mock-instana-api.go:34.99,36.2 1 0
github.com/instana/instana-go-client/testutils/mock-instana-api.go:39.105,41.2 1 0
github.com/instana/instana-go-client/testutils/mock-instana-api.go:44.85,46.2 1 0
github.com/instana/instana-go-client/testutils/mock-instana-api.go:49.97,51.2 1 0
github.com/instana/instana-go-client/testutils/mock-instana-api.go:54.73,56.2 1 0
github.com/instana/instana-go-client/testutils/mock-instana-api.go:59.73,61.2 1 0
github.com/instana/instana-go-client/testutils/mock-instana-api.go:64.82,66.2 1 0
github.com/instana/instana-go-client/testutils/mock-instana-api.go:69.92,71.2 1 0
github.com/instana/instana-go-client/testutils/mock-instana-api.go:74.100,76.2 1 0
github.com/instana/instana-go-client/testutils/mock-instana-api.go:79.90,81.2 1 0
github.com/instana/instana-go-client/testutils/mock-instana-api.go:84.86,86.2 1 0
github.com/instana/instana-go-client/testutils/mock-instana-api.go:89.88,91.2 1 0
github.com/instana/instana-go-client/testutils/mock-instana-api.go:94.89,96.2 1 0
github.com/instana/instana-go-client/testutils/mock-instana-api.go:99.63,101.2 1 0
github.com/instana/instana-go-client/testutils/mock-instana-api.go:104.65,106.2 1 0
github.com/instana/instana-go-client/testutils/mock-instana-api.go:109.63,111.2 1 0
github.com/instana/instana-go-client/testutils/mock-instana-api.go:114.85,116.2 1 0
github.com/instana/instana-go-client/testutils/mock-instana-api.go:119.80,121.2 1 0
github.com/instana/instana-go-client/testutils/mock-instana-api.go:124.96,126.2 1 0
github.com/instana/instana-go-client/testutils/mock-instana-api.go:129.95,131.2 1 0
github.com/instana/instana-go-client/testutils/mock-instana-api.go:134.87,136.2 1 0
github.com/instana/instana-go-client/testutils/mock-instana-api.go:139.88,141.2 1 0
github.com/instana/instana-go-client/testutils/mock-instana-api.go:144.81,146.2 1 0
github.com/instana/instana-go-client/testutils/mock-instana-api.go:149.71,151.2 1 0
github.com/instana/instana-go-client/testutils/mock-instana-api.go:154.82,156.2 1 0
github.com/instana/instana-go-client/testutils/test-http-server.go:21.62,23.16 2 1
github.com/instana/instana-go-client/testutils/test-http-server.go:23.16,26.18 3 0
github.com/instana/instana-go-client/testutils/test-http-server.go:26.18,28.4 1 0
github.com/instana/instana-go-client/testutils/test-http-server.go:29.8,33.17 4 1
github.com/instana/instana-go-client/testutils/test-http-server.go:33.17,35.4 1 0
github.com/instana/instana-go-client/testutils/test-http-server.go:41.57,44.16 3 0
github.com/instana/instana-go-client/testutils/test-http-server.go:44.16,46.3 1 0
github.com/instana/instana-go-client/testutils/test-http-server.go:50.41,57.2 3 1
github.com/instana/instana-go-client/testutils/test-http-server.go:79.49,80.24 1 3
github.com/instana/instana-go-client/testutils/test-http-server.go:80.24,82.3 1 0
github.com/instana/instana-go-client/testutils/test-http-server.go:83.2,83.21 1 3
github.com/instana/instana-go-client/testutils/test-http-server.go:87.80,90.9 3 0
github.com/instana/instana-go-client/testutils/test-http-server.go:90.9,92.3 1 0
github.com/instana/instana-go-client/testutils/test-http-server.go:93.2,93.12 1 0
github.com/instana/instana-go-client/testutils/test-http-server.go:97.102,99.2 1 1
github.com/instana/instana-go-client/testutils/test-http-server.go:101.98,102.54 1 1
github.com/instana/instana-go-client/testutils/test-http-server.go:102.54,105.10 3 1
github.com/instana/instana-go-client/testutils/test-http-server.go:105.10,107.4 1 1
github.com/instana/instana-go-client/testutils/test-http-server.go:108.3,109.20 2 1
github.com/instana/instana-go-client/testutils/test-http-server.go:114.43,121.16 3 1
github.com/instana/instana-go-client/testutils/test-http-server.go:121.16,122.13 1 0
github.com/instana/instana-go-client/testutils/test-http-server.go:124.2,127.12 3 1
github.com/instana/instana-go-client/testutils/test-http-server.go:127.12,129.17 2 1
github.com/instana/instana-go-client/testutils/test-http-server.go:129.17,132.4 2 0
github.com/instana/instana-go-client/testutils/test-http-server.go:133.3,135.86 3 1
github.com/instana/instana-go-client/testutils/test-http-server.go:135.86,137.4 1 0
github.com/instana/instana-go-client/testutils/test-http-server.go:140.2,144.29 4 1
github.com/instana/instana-go-client/testutils/test-http-server.go:147.56,150.25 2 1
github.com/instana/instana-go-client/testutils/test-http-server.go:150.25,151.71 1 5
github.com/instana/instana-go-client/testutils/test-http-server.go:151.71,153.4 1 0
github.com/instana/instana-go-client/testutils/test-http-server.go:154.3,154.36 1 5
github.com/instana/instana-go-client/testutils/test-http-server.go:159.43,160.30 1 1
github.com/instana/instana-go-client/testutils/test-http-server.go:160.30,162.17 2 1
github.com/instana/instana-go-client/testutils/test-http-server.go:162.17,164.4 1 0
github.com/instana/instana-go-client/testutils/test-http-server.go:169.94,173.17 4 0
github.com/instana/instana-go-client/testutils/test-http-server.go:173.17,175.3 1 0
github.com/instana/instana-go-client/testutils/test-http-server.go:179.93,183.16 4 0
github.com/instana/instana-go-client/testutils/test-http-server.go:183.16,185.3 1 0
github.com/instana/instana-go-client/testutils/utils.go:11.38,14.2 2 1
github.com/instana/instana-go-client/testutils/utils.go:16.62,17.15 1 2
github.com/instana/instana-go-client/testutils/utils.go:17.15,19.3 1 0
github.com/instana/instana-go-client/testutils/utils.go:21.2,22.27 2 2
github.com/instana/instana-go-client/testutils/utils.go:22.27,24.3 1 1
github.com/instana/instana-go-client/testutils/utils.go:25.2,26.26 2 1
github.com/instana/instana-go-client/testutils/utils.go:26.26,28.3 1 0
github.com/instana/instana-go-client/testutils/utils.go:29.2,31.47 3 1
github.com/instana/instana-go-client/testutils/utils.go:34.35,35.44 1 3
github.com/instana/instana-go-client/testutils/utils.go:35.44,37.3 1 1
github.com/instana/instana-go-client/testutils/utils.go:38.2,38.14 1 2
github.com/instana/instana-go-client/instana/Instana-api.go:26.98,29.2 2 0
github.com/instana/instana-go-client/instana/Instana-api.go:51.129,60.25 7 0
github.com/instana/instana-go-client/instana/Instana-api.go:60.25,64.3 1 0
github.com/instana/instana-go-client/instana/Instana-api.go:65.2,68.16 3 0
github.com/instana/instana-go-client/instana/Instana-api.go:68.16,72.3 2 0
github.com/instana/instana-go-client/instana/Instana-api.go:74.2,74.41 1 0
github.com/instana/instana-go-client/instana/Instana-api.go:99.83,101.16 2 0
github.com/instana/instana-go-client/instana/Instana-api.go:101.16,103.3 1 0
github.com/instana/instana-go-client/instana/Instana-api.go:105.2,105.46 1 0
github.com/instana/instana-go-client/instana/Instana-api.go:110.62,122.2 2 0
github.com/instana/instana-go-client/instana/rest-client.go:46.83,56.25 5 22
github.com/instana/instana-go-client/instana/rest-client.go:56.25,60.3 1 22
github.com/instana/instana-go-client/instana/rest-client.go:62.2,68.16 4 22
github.com/instana/instana-go-client/instana/rest-client.go:68.16,73.3 2 0
github.com/instana/instana-go-client/instana/rest-client.go:75.2,75.15 1 22
github.com/instana/instana-go-client/instana/rest-client.go:79.72,81.39 1 22
github.com/instana/instana-go-client/instana/rest-client.go:81.39,83.3 1 0
github.com/instana/instana-go-client/instana/rest-client.go:86.2,87.19 2 22
github.com/instana/instana-go-client/instana/rest-client.go:87.19,89.3 1 0
github.com/instana/instana-go-client/instana/rest-client.go:92.2,93.23 2 22
github.com/instana/instana-go-client/instana/rest-client.go:93.23,95.3 1 0
github.com/instana/instana-go-client/instana/rest-client.go:98.2,103.27 4 22
github.com/instana/instana-go-client/instana/rest-client.go:103.27,105.3 1 22
github.com/instana/instana-go-client/instana/rest-client.go:108.2,132.20 6 22
github.com/instana/instana-go-client/instana/rest-client.go:136.88,138.25 2 0
github.com/instana/instana-go-client/instana/rest-client.go:138.25,140.3 1 0
github.com/instana/instana-go-client/instana/rest-client.go:142.2,160.15 6 0
github.com/instana/instana-go-client/instana/rest-client.go:176.72,180.2 3 3
github.com/instana/instana-go-client/instana/rest-client.go:183.110,188.2 4 0
github.com/instana/instana-go-client/instana/rest-client.go:191.86,195.2 3 4
github.com/instana/instana-go-client/instana/rest-client.go:198.97,202.2 3 2
github.com/instana/instana-go-client/instana/rest-client.go:205.103,209.2 3 2
github.com/instana/instana-go-client/instana/rest-client.go:212.96,216.2 3 2
github.com/instana/instana-go-client/instana/rest-client.go:219.88,224.2 4 2
github.com/instana/instana-go-client/instana/rest-client.go:227.111,232.2 4 3
github.com/instana/instana-go-client/instana/rest-client.go:235.121,240.2 4 4
github.com/instana/instana-go-client/instana/rest-client.go:243.62,250.21 3 22
github.com/instana/instana-go-client/instana/rest-client.go:250.21,252.3 1 0
github.com/instana/instana-go-client/instana/rest-client.go:253.2,256.55 2 22
github.com/instana/instana-go-client/instana/rest-client.go:256.55,258.3 1 0
github.com/instana/instana-go-client/instana/rest-client.go:260.2,260.12 1 22
github.com/instana/instana-go-client/instana/rest-client.go:264.139,266.31 1 22
github.com/instana/instana-go-client/instana/rest-client.go:266.31,267.54 1 22
github.com/instana/instana-go-client/instana/rest-client.go:267.54,269.4 1 0
github.com/instana/instana-go-client/instana/rest-client.go:273.2,273.27 1 22
github.com/instana/instana-go-client/instana/rest-client.go:273.27,277.51 3 22
github.com/instana/instana-go-client/instana/rest-client.go:277.51,280.4 2 22
github.com/instana/instana-go-client/instana/rest-client.go:282.3,282.22 1 22
github.com/instana/instana-go-client/instana/rest-client.go:282.22,284.4 1 11
github.com/instana/instana-go-client/instana/rest-client.go:285.3,285.21 1 11
github.com/instana/instana-go-client/instana/rest-client.go:289.2,289.48 1 0
github.com/instana/instana-go-client/instana/rest-client.go:293.123,307.9 6 8
github.com/instana/instana-go-client/instana/rest-client.go:308.30,309.23 1 8
github.com/instana/instana-go-client/instana/rest-client.go:310.20,311.70 1 0
github.com/instana/instana-go-client/instana/rest-client.go:316.58,318.44 2 22
github.com/instana/instana-go-client/instana/rest-client.go:318.44,321.3 2 8
github.com/instana/instana-go-client/instana/rest-client.go:325.74,331.9 3 8
github.com/instana/instana-go-client/instana/rest-client.go:332.24,333.9 1 0
github.com/instana/instana-go-client/instana/rest-client.go:334.10,335.41 1 8
github.com/instana/instana-go-client/instana/rest-client.go:340.109,347.16 3 22
github.com/instana/instana-go-client/instana/rest-client.go:347.16,348.18 1 0
github.com/instana/instana-go-client/instana/rest-client.go:348.18,353.4 1 0
github.com/instana/instana-go-client/instana/rest-client.go:354.3,358.4 1 0
github.com/instana/instana-go-client/instana/rest-client.go:361.2,369.23 3 22
github.com/instana/instana-go-client/instana/rest-client.go:369.23,371.3 1 3
github.com/instana/instana-go-client/instana/rest-client.go:373.2,373.44 1 19
github.com/instana/instana-go-client/instana/rest-client.go:373.44,378.3 1 0
github.com/instana/instana-go-client/instana/rest-client.go:380.2,380.23 1 19
github.com/instana/instana-go-client/instana/rest-client.go:380.23,385.3 1 0
github.com/instana/instana-go-client/instana/rest-client.go:387.2,387.43 1 19
github.com/instana/instana-go-client/instana/rest-client.go:387.43,393.3 1 8
github.com/instana/instana-go-client/instana/rest-client.go:396.2,396.23 1 11
github.com/instana/instana-go-client/instana/rest-client.go:396.23,399.3 2 0
github.com/instana/instana-go-client/instana/rest-client.go:401.2,401.25 1 11
github.com/instana/instana-go-client/instana/rest-client.go:405.104,406.32 1 7
github.com/instana/instana-go-client/instana/rest-client.go:406.32,408.3 1 10
github.com/instana/instana-go-client/instana/rest-client.go:412.91,414.46 2 14
github.com/instana/instana-go-client/instana/rest-client.go:414.46,416.3 1 1
github.com/instana/instana-go-client/instana/rest-client.go:417.2,418.38 2 14
github.com/instana/instana-go-client/instana/rest-client.go:422.68,424.43 2 22
github.com/instana/instana-go-client/instana/rest-client.go:424.43,426.3 1 0
github.com/instana/instana-go-client/instana/rest-client.go:427.2,427.51 1 22
github.com/instana/instana-go-client/instana/rest-client.go:431.60,433.34 1 22
github.com/instana/instana-go-client/instana/rest-client.go:433.34,435.3 1 22
github.com/instana/instana-go-client/instana/rest-client.go:436.2,436.12 1 22
github.com/instana/instana-go-client/config/config.go:187.42,233.2 1 94
github.com/instana/instana-go-client/config/config.go:236.46,237.14 1 3
github.com/instana/instana-go-client/config/config.go:237.14,239.3 1 1
github.com/instana/instana-go-client/config/config.go:241.2,257.37 3 2
github.com/instana/instana-go-client/config/config.go:257.37,259.3 1 1
github.com/instana/instana-go-client/config/config.go:260.2,263.41 2 2
github.com/instana/instana-go-client/config/config.go:263.41,266.3 2 2
github.com/instana/instana-go-client/config/config.go:268.2,268.14 1 2
github.com/instana/instana-go-client/config/config_builder.go:14.40,18.2 1 20
github.com/instana/instana-go-client/config/config_builder.go:21.70,25.2 1 1
github.com/instana/instana-go-client/config/config_builder.go:28.68,31.2 2 19
github.com/instana/instana-go-client/config/config_builder.go:34.67,37.2 2 17
github.com/instana/instana-go-client/config/config_builder.go:40.72,43.2 2 1
github.com/instana/instana-go-client/config/config_builder.go:46.62,49.2 2 1
github.com/instana/instana-go-client/config/config_builder.go:52.66,55.2 2 0
github.com/instana/instana-go-client/config/config_builder.go:58.76,61.2 2 0
github.com/instana/instana-go-client/config/config_builder.go:66.85,69.2 2 3
github.com/instana/instana-go-client/config/config_builder.go:72.82,75.2 2 3
github.com/instana/instana-go-client/config/config_builder.go:78.89,81.2 2 1
github.com/instana/instana-go-client/config/config_builder.go:84.89,87.2 2 1
github.com/instana/instana-go-client/config/config_builder.go:90.87,93.2 2 1
github.com/instana/instana-go-client/config/config_builder.go:96.80,99.2 2 0
github.com/instana/instana-go-client/config/config_builder.go:104.75,107.2 2 2
github.com/instana/instana-go-client/config/config_builder.go:110.83,113.2 2 1
github.com/instana/instana-go-client/config/config_builder.go:116.79,119.2 2 1
github.com/instana/instana-go-client/config/config_builder.go:122.87,125.2 2 1
github.com/instana/instana-go-client/config/config_builder.go:128.78,131.2 2 1
github.com/instana/instana-go-client/config/config_builder.go:134.71,137.2 2 0
github.com/instana/instana-go-client/config/config_builder.go:140.79,143.2 2 0
github.com/instana/instana-go-client/config/config_builder.go:146.69,149.2 2 0
github.com/instana/instana-go-client/config/config_builder.go:152.76,155.2 2 0
github.com/instana/instana-go-client/config/config_builder.go:160.76,161.36 1 0
github.com/instana/instana-go-client/config/config_builder.go:161.36,163.3 1 0
github.com/instana/instana-go-client/config/config_builder.go:164.2,165.10 2 0
github.com/instana/instana-go-client/config/config_builder.go:169.85,170.36 1 1
github.com/instana/instana-go-client/config/config_builder.go:170.36,172.3 1 0
github.com/instana/instana-go-client/config/config_builder.go:173.2,173.28 1 1
github.com/instana/instana-go-client/config/config_builder.go:173.28,175.3 1 2
github.com/instana/instana-go-client/config/config_builder.go:176.2,176.10 1 1
github.com/instana/instana-go-client/config/config_builder.go:180.80,183.2 2 0
github.com/instana/instana-go-client/config/config_builder.go:186.78,189.2 2 0
github.com/instana/instana-go-client/config/config_builder.go:194.64,197.2 2 1
github.com/instana/instana-go-client/config/config_builder.go:200.84,203.2 2 1
github.com/instana/instana-go-client/config/config_builder.go:206.72,209.2 2 0
github.com/instana/instana-go-client/config/config_builder.go:212.78,215.2 2 0
github.com/instana/instana-go-client/config/config_builder.go:218.76,221.2 2 0
github.com/instana/instana-go-client/config/config_builder.go:226.75,229.2 2 2
github.com/instana/instana-go-client/config/config_builder.go:232.80,235.2 2 2
github.com/instana/instana-go-client/config/config_builder.go:238.78,241.2 2 1
github.com/instana/instana-go-client/config/config_builder.go:244.77,247.2 2 0
github.com/instana/instana-go-client/config/config_builder.go:250.84,253.2 2 0
github.com/instana/instana-go-client/config/config_builder.go:258.72,261.2 2 1
github.com/instana/instana-go-client/config/config_builder.go:264.75,267.2 2 1
github.com/instana/instana-go-client/config/config_builder.go:270.79,273.2 2 0
github.com/instana/instana-go-client/config/config_builder.go:276.86,279.2 2 0
github.com/instana/instana-go-client/config/config_builder.go:282.76,285.2 2 0
github.com/instana/instana-go-client/config/config_builder.go:288.77,291.2 2 0
github.com/instana/instana-go-client/config/config_builder.go:294.94,297.2 2 0
github.com/instana/instana-go-client/config/config_builder.go:300.56,301.44 1 20
github.com/instana/instana-go-client/config/config_builder.go:301.44,303.3 1 2
github.com/instana/instana-go-client/config/config_builder.go:304.2,304.22 1 18
github.com/instana/instana-go-client/config/config_builder.go:308.51,310.16 2 2
github.com/instana/instana-go-client/config/config_builder.go:310.16,311.13 1 1
github.com/instana/instana-go-client/config/config_builder.go:313.2,313.15 1 1
github.com/instana/instana-go-client/config/config_builder.go:317.51,319.2 1 2
github.com/instana/instana-go-client/config/config_loader.go:41.43,45.41 2 22
github.com/instana/instana-go-client/config/config_loader.go:45.41,47.3 1 1
github.com/instana/instana-go-client/config/config_loader.go:49.2,49.42 1 22
github.com/instana/instana-go-client/config/config_loader.go:49.42,51.3 1 2
github.com/instana/instana-go-client/config/config_loader.go:53.2,53.39 1 22
github.com/instana/instana-go-client/config/config_loader.go:53.39,55.17 2 5
github.com/instana/instana-go-client/config/config_loader.go:55.17,57.4 1 1
github.com/instana/instana-go-client/config/config_loader.go:58.3,58.23 1 4
github.com/instana/instana-go-client/config/config_loader.go:62.2,62.51 1 21
github.com/instana/instana-go-client/config/config_loader.go:62.51,64.17 2 4
github.com/instana/instana-go-client/config/config_loader.go:64.17,66.4 1 2
github.com/instana/instana-go-client/config/config_loader.go:67.3,67.38 1 2
github.com/instana/instana-go-client/config/config_loader.go:70.2,70.48 1 19
github.com/instana/instana-go-client/config/config_loader.go:70.48,72.17 2 1
github.com/instana/instana-go-client/config/config_loader.go:72.17,74.4 1 0
github.com/instana/instana-go-client/config/config_loader.go:75.3,75.35 1 1
github.com/instana/instana-go-client/config/config_loader.go:78.2,78.55 1 19
github.com/instana/instana-go-client/config/config_loader.go:78.55,80.17 2 1
github.com/instana/instana-go-client/config/config_loader.go:80.17,82.4 1 0
github.com/instana/instana-go-client/config/config_loader.go:83.3,83.42 1 1
github.com/instana/instana-go-client/config/config_loader.go:87.2,87.50 1 19
github.com/instana/instana-go-client/config/config_loader.go:87.50,89.17 2 3
github.com/instana/instana-go-client/config/config_loader.go:89.17,91.4 1 1
github.com/instana/instana-go-client/config/config_loader.go:92.3,92.38 1 2
github.com/instana/instana-go-client/config/config_loader.go:95.2,95.51 1 18
github.com/instana/instana-go-client/config/config_loader.go:95.51,97.17 2 1
github.com/instana/instana-go-client/config/config_loader.go:97.17,99.4 1 0
github.com/instana/instana-go-client/config/config_loader.go:100.3,100.36 1 1
github.com/instana/instana-go-client/config/config_loader.go:103.2,103.47 1 18
github.com/instana/instana-go-client/config/config_loader.go:103.47,105.17 2 1
github.com/instana/instana-go-client/config/config_loader.go:105.17,107.4 1 0
github.com/instana/instana-go-client/config/config_loader.go:108.3,108.32 1 1
github.com/instana/instana-go-client/config/config_loader.go:111.2,111.56 1 18
github.com/instana/instana-go-client/config/config_loader.go:111.56,113.17 2 2
github.com/instana/instana-go-client/config/config_loader.go:113.17,115.4 1 1
github.com/instana/instana-go-client/config/config_loader.go:116.3,116.46 1 1
github.com/instana/instana-go-client/config/config_loader.go:120.2,120.43 1 17
github.com/instana/instana-go-client/config/config_loader.go:120.43,122.17 2 1
github.com/instana/instana-go-client/config/config_loader.go:122.17,124.4 1 0
github.com/instana/instana-go-client/config/config_loader.go:125.3,125.27 1 1
github.com/instana/instana-go-client/config/config_loader.go:128.2,128.57 1 17
github.com/instana/instana-go-client/config/config_loader.go:128.57,130.17 2 1
github.com/instana/instana-go-client/config/config_loader.go:130.17,132.4 1 0
github.com/instana/instana-go-client/config/config_loader.go:133.3,133.47 1 1
github.com/instana/instana-go-client/config/config_loader.go:137.2,137.50 1 17
github.com/instana/instana-go-client/config/config_loader.go:137.50,139.17 2 2
github.com/instana/instana-go-client/config/config_loader.go:139.17,141.4 1 1
github.com/instana/instana-go-client/config/config_loader.go:142.3,142.37 1 1
github.com/instana/instana-go-client/config/config_loader.go:145.2,145.60 1 16
github.com/instana/instana-go-client/config/config_loader.go:145.60,147.17 2 1
github.com/instana/instana-go-client/config/config_loader.go:147.17,149.4 1 0
github.com/instana/instana-go-client/config/config_loader.go:150.3,150.43 1 1
github.com/instana/instana-go-client/config/config_loader.go:153.2,153.56 1 16
github.com/instana/instana-go-client/config/config_loader.go:153.56,155.17 2 1
github.com/instana/instana-go-client/config/config_loader.go:155.17,157.4 1 0
github.com/instana/instana-go-client/config/config_loader.go:158.3,158.41 1 1
github.com/instana/instana-go-client/config/config_loader.go:162.2,162.52 1 16
github.com/instana/instana-go-client/config/config_loader.go:162.52,164.17 2 1
github.com/instana/instana-go-client/config/config_loader.go:164.17,166.4 1 0
github.com/instana/instana-go-client/config/config_loader.go:167.3,167.49 1 1
github.com/instana/instana-go-client/config/config_loader.go:170.2,170.55 1 16
github.com/instana/instana-go-client/config/config_loader.go:170.55,172.17 2 1
github.com/instana/instana-go-client/config/config_loader.go:172.17,174.4 1 0
github.com/instana/instana-go-client/config/config_loader.go:175.3,175.52 1 1
github.com/instana/instana-go-client/config/config_loader.go:178.2,178.51 1 16
github.com/instana/instana-go-client/config/config_loader.go:178.51,180.17 2 1
github.com/instana/instana-go-client/config/config_loader.go:180.17,182.4 1 0
github.com/instana/instana-go-client/config/config_loader.go:183.3,183.53 1 1
github.com/instana/instana-go-client/config/config_loader.go:186.2,186.20 1 16
github.com/instana/instana-go-client/config/config_loader.go:190.59,192.16 2 5
github.com/instana/instana-go-client/config/config_loader.go:192.16,194.3 1 1
github.com/instana/instana-go-client/config/config_loader.go:196.2,197.54 2 4
github.com/instana/instana-go-client/config/config_loader.go:197.54,199.3 1 1
github.com/instana/instana-go-client/config/config_loader.go:202.2,204.21 2 3
github.com/instana/instana-go-client/config/config_loader.go:208.74,211.16 2 1
github.com/instana/instana-go-client/config/config_loader.go:211.16,213.3 1 0
github.com/instana/instana-go-client/config/config_loader.go:216.2,217.16 2 1
github.com/instana/instana-go-client/config/config_loader.go:217.16,219.3 1 0
github.com/instana/instana-go-client/config/config_loader.go:222.2,224.20 2 1
github.com/instana/instana-go-client/config/config_loader.go:229.53,231.49 1 16
github.com/instana/instana-go-client/config/config_loader.go:231.49,233.3 1 10
github.com/instana/instana-go-client/config/config_loader.go:236.2,236.49 1 6
github.com/instana/instana-go-client/config/config_loader.go:236.49,238.3 1 2
github.com/instana/instana-go-client/config/config_loader.go:240.2,240.56 1 4
github.com/instana/instana-go-client/config/config_loader.go:244.42,247.36 2 4
github.com/instana/instana-go-client/config/config_loader.go:247.36,249.3 1 3
github.com/instana/instana-go-client/config/config_loader.go:250.2,250.33 1 4
github.com/instana/instana-go-client/config/config_loader.go:250.33,252.3 1 3
github.com/instana/instana-go-client/config/config_loader.go:253.2,253.40 1 4
github.com/instana/instana-go-client/config/config_loader.go:253.40,255.3 1 4
github.com/instana/instana-go-client/config/config_loader.go:256.2,256.40 1 4
github.com/instana/instana-go-client/config/config_loader.go:256.40,258.3 1 4
github.com/instana/instana-go-client/config/config_loader.go:259.2,259.38 1 4
github.com/instana/instana-go-client/config/config_loader.go:259.38,261.3 1 4
github.com/instana/instana-go-client/config/config_loader.go:263.2,263.35 1 4
github.com/instana/instana-go-client/config/config_loader.go:263.35,265.3 1 2
github.com/instana/instana-go-client/config/config_loader.go:266.2,266.36 1 4
github.com/instana/instana-go-client/config/config_loader.go:266.36,268.3 1 3
github.com/instana/instana-go-client/config/config_loader.go:269.2,269.32 1 4
github.com/instana/instana-go-client/config/config_loader.go:269.32,271.3 1 3
github.com/instana/instana-go-client/config/config_loader.go:272.2,272.41 1 4
github.com/instana/instana-go-client/config/config_loader.go:272.41,274.3 1 3
github.com/instana/instana-go-client/config/config_loader.go:275.2,275.46 1 4
github.com/instana/instana-go-client/config/config_loader.go:275.46,277.3 1 4
github.com/instana/instana-go-client/config/config_loader.go:279.2,279.34 1 4
github.com/instana/instana-go-client/config/config_loader.go:279.34,281.3 1 4
github.com/instana/instana-go-client/config/config_loader.go:283.2,283.28 1 4
github.com/instana/instana-go-client/config/config_loader.go:283.28,285.3 1 4
github.com/instana/instana-go-client/config/config_loader.go:286.2,286.42 1 4
github.com/instana/instana-go-client/config/config_loader.go:286.42,288.3 1 4
github.com/instana/instana-go-client/config/config_loader.go:290.2,290.45 1 4
github.com/instana/instana-go-client/config/config_loader.go:290.45,292.3 1 4
github.com/instana/instana-go-client/config/config_loader.go:293.2,293.41 1 4
github.com/instana/instana-go-client/config/config_loader.go:293.41,295.3 1 4
github.com/instana/instana-go-client/config/config_loader.go:297.2,297.51 1 4
github.com/instana/instana-go-client/config/config_loader.go:297.51,299.3 1 4
github.com/instana/instana-go-client/config/config_loader.go:300.2,300.54 1 4
github.com/instana/instana-go-client/config/config_loader.go:300.54,302.3 1 4
github.com/instana/instana-go-client/config/config_loader.go:303.2,303.58 1 4
github.com/instana/instana-go-client/config/config_loader.go:303.58,305.3 1 4
github.com/instana/instana-go-client/config/config_loader.go:306.2,306.50 1 4
github.com/instana/instana-go-client/config/config_loader.go:306.50,308.3 1 4
github.com/instana/instana-go-client/config/config_loader.go:310.2,310.28 1 4
github.com/instana/instana-go-client/config/config_loader.go:310.28,312.3 1 4
github.com/instana/instana-go-client/config/config_loader.go:317.49,318.26 1 2
github.com/instana/instana-go-client/config/config_loader.go:318.26,320.3 1 1
github.com/instana/instana-go-client/config/config_loader.go:321.2,321.27 1 2
github.com/instana/instana-go-client/config/config_loader.go:321.27,323.3 1 1
github.com/instana/instana-go-client/config/config_loader.go:324.2,324.28 1 2
github.com/instana/instana-go-client/config/config_loader.go:324.28,326.3 1 1
github.com/instana/instana-go-client/config/config_loader.go:328.2,331.35 2 2
github.com/instana/instana-go-client/config/config_loader.go:331.35,333.3 1 2
github.com/instana/instana-go-client/config/config_loader.go:334.2,334.32 1 2
github.com/instana/instana-go-client/config/config_loader.go:334.32,336.3 1 2
github.com/instana/instana-go-client/config/config_loader.go:337.2,337.39 1 2
github.com/instana/instana-go-client/config/config_loader.go:337.39,339.3 1 1
github.com/instana/instana-go-client/config/config_loader.go:340.2,340.39 1 2
github.com/instana/instana-go-client/config/config_loader.go:340.39,342.3 1 1
github.com/instana/instana-go-client/config/config_loader.go:343.2,343.37 1 2
github.com/instana/instana-go-client/config/config_loader.go:343.37,345.3 1 1
github.com/instana/instana-go-client/config/config_loader.go:348.2,348.34 1 2
github.com/instana/instana-go-client/config/config_loader.go:348.34,350.3 1 2
github.com/instana/instana-go-client/config/config_loader.go:351.2,351.35 1 2
github.com/instana/instana-go-client/config/config_loader.go:351.35,353.3 1 1
github.com/instana/instana-go-client/config/config_loader.go:354.2,354.31 1 2
github.com/instana/instana-go-client/config/config_loader.go:354.31,356.3 1 1
github.com/instana/instana-go-client/config/config_loader.go:357.2,357.40 1 2
github.com/instana/instana-go-client/config/config_loader.go:357.40,359.3 1 1
github.com/instana/instana-go-client/config/config_loader.go:362.2,362.42 1 2
github.com/instana/instana-go-client/config/config_loader.go:362.42,364.3 1 0
github.com/instana/instana-go-client/config/config_loader.go:367.2,367.27 1 2
github.com/instana/instana-go-client/config/config_loader.go:367.27,369.3 1 1
github.com/instana/instana-go-client/config/config_loader.go:370.2,370.41 1 2
github.com/instana/instana-go-client/config/config_loader.go:370.41,372.3 1 1
github.com/instana/instana-go-client/config/config_loader.go:375.2,376.44 2 2
github.com/instana/instana-go-client/config/config_loader.go:376.44,378.3 1 1
github.com/instana/instana-go-client/config/config_loader.go:379.2,379.40 1 2
github.com/instana/instana-go-client/config/config_loader.go:379.40,381.3 1 1
github.com/instana/instana-go-client/config/config_loader.go:384.2,384.50 1 2
github.com/instana/instana-go-client/config/config_loader.go:384.50,386.3 1 1
github.com/instana/instana-go-client/config/config_loader.go:387.2,387.53 1 2
github.com/instana/instana-go-client/config/config_loader.go:387.53,389.3 1 1
github.com/instana/instana-go-client/config/config_loader.go:390.2,390.49 1 2
github.com/instana/instana-go-client/config/config_loader.go:390.49,392.3 1 1
github.com/instana/instana-go-client/config/config_loader.go:396.31,418.2 21 1
github.com/instana/instana-go-client/config/config_validator.go:15.42,17.2 1 5
github.com/instana/instana-go-client/config/config_validator.go:23.42,24.17 1 3
github.com/instana/instana-go-client/config/config_validator.go:24.17,26.3 1 0
github.com/instana/instana-go-client/config/config_validator.go:27.2,27.17 1 3
github.com/instana/instana-go-client/config/config_validator.go:27.17,29.3 1 2
github.com/instana/instana-go-client/config/config_validator.go:30.2,31.24 2 1
github.com/instana/instana-go-client/config/config_validator.go:31.24,33.3 1 3
github.com/instana/instana-go-client/config/config_validator.go:34.2,34.12 1 1
github.com/instana/instana-go-client/config/config_validator.go:38.44,40.2 1 53
github.com/instana/instana-go-client/config/config_validator.go:43.41,47.21 2 53
github.com/instana/instana-go-client/config/config_validator.go:47.21,52.3 1 5
github.com/instana/instana-go-client/config/config_validator.go:55.2,55.22 1 53
github.com/instana/instana-go-client/config/config_validator.go:55.22,60.3 1 5
github.com/instana/instana-go-client/config/config_validator.go:63.2,77.24 6 53
github.com/instana/instana-go-client/config/config_validator.go:77.24,79.3 1 28
github.com/instana/instana-go-client/config/config_validator.go:81.2,81.12 1 25
github.com/instana/instana-go-client/config/config_validator.go:85.59,88.31 2 53
github.com/instana/instana-go-client/config/config_validator.go:88.31,93.3 1 2
github.com/instana/instana-go-client/config/config_validator.go:95.2,95.42 1 53
github.com/instana/instana-go-client/config/config_validator.go:95.42,100.3 1 1
github.com/instana/instana-go-client/config/config_validator.go:102.2,102.28 1 53
github.com/instana/instana-go-client/config/config_validator.go:102.28,107.3 1 1
github.com/instana/instana-go-client/config/config_validator.go:109.2,109.40 1 53
github.com/instana/instana-go-client/config/config_validator.go:109.40,114.3 1 1
github.com/instana/instana-go-client/config/config_validator.go:116.2,116.35 1 53
github.com/instana/instana-go-client/config/config_validator.go:116.35,121.3 1 0
github.com/instana/instana-go-client/config/config_validator.go:123.2,123.35 1 53
github.com/instana/instana-go-client/config/config_validator.go:123.35,128.3 1 0
github.com/instana/instana-go-client/config/config_validator.go:130.2,130.33 1 53
github.com/instana/instana-go-client/config/config_validator.go:130.33,135.3 1 0
github.com/instana/instana-go-client/config/config_validator.go:138.2,138.46 1 53
github.com/instana/instana-go-client/config/config_validator.go:138.46,143.3 1 2
github.com/instana/instana-go-client/config/config_validator.go:145.2,145.15 1 53
github.com/instana/instana-go-client/config/config_validator.go:149.57,152.29 2 53
github.com/instana/instana-go-client/config/config_validator.go:152.29,157.3 1 1
github.com/instana/instana-go-client/config/config_validator.go:159.2,159.30 1 53
github.com/instana/instana-go-client/config/config_validator.go:159.30,164.3 1 1
github.com/instana/instana-go-client/config/config_validator.go:166.2,166.30 1 53
github.com/instana/instana-go-client/config/config_validator.go:166.30,171.3 1 1
github.com/instana/instana-go-client/config/config_validator.go:173.2,173.42 1 53
github.com/instana/instana-go-client/config/config_validator.go:173.42,178.3 1 0
github.com/instana/instana-go-client/config/config_validator.go:180.2,180.26 1 53
github.com/instana/instana-go-client/config/config_validator.go:180.26,185.3 1 0
github.com/instana/instana-go-client/config/config_validator.go:187.2,187.38 1 53
github.com/instana/instana-go-client/config/config_validator.go:187.38,192.3 1 0
github.com/instana/instana-go-client/config/config_validator.go:194.2,194.37 1 53
github.com/instana/instana-go-client/config/config_validator.go:194.37,199.3 1 1
github.com/instana/instana-go-client/config/config_validator.go:201.2,201.38 1 53
github.com/instana/instana-go-client/config/config_validator.go:201.38,206.3 1 1
github.com/instana/instana-go-client/config/config_validator.go:209.2,209.97 1 53
github.com/instana/instana-go-client/config/config_validator.go:209.97,214.3 1 1
github.com/instana/instana-go-client/config/config_validator.go:217.2,217.52 1 53
github.com/instana/instana-go-client/config/config_validator.go:217.52,218.31 1 308
github.com/instana/instana-go-client/config/config_validator.go:218.31,223.4 1 2
github.com/instana/instana-go-client/config/config_validator.go:226.2,226.15 1 53
github.com/instana/instana-go-client/config/config_validator.go:230.57,233.23 2 53
github.com/instana/instana-go-client/config/config_validator.go:233.23,238.3 1 1
github.com/instana/instana-go-client/config/config_validator.go:240.2,240.25 1 53
github.com/instana/instana-go-client/config/config_validator.go:240.25,245.3 1 1
github.com/instana/instana-go-client/config/config_validator.go:247.2,247.37 1 53
github.com/instana/instana-go-client/config/config_validator.go:247.37,252.3 1 1
github.com/instana/instana-go-client/config/config_validator.go:254.2,254.38 1 53
github.com/instana/instana-go-client/config/config_validator.go:254.38,259.3 1 0
github.com/instana/instana-go-client/config/config_validator.go:261.2,261.15 1 53
github.com/instana/instana-go-client/config/config_validator.go:265.61,268.25 2 53
github.com/instana/instana-go-client/config/config_validator.go:268.25,269.41 1 53
github.com/instana/instana-go-client/config/config_validator.go:269.41,274.4 1 1
github.com/instana/instana-go-client/config/config_validator.go:276.3,276.44 1 53
github.com/instana/instana-go-client/config/config_validator.go:276.44,281.4 1 1
github.com/instana/instana-go-client/config/config_validator.go:283.3,283.37 1 53
github.com/instana/instana-go-client/config/config_validator.go:283.37,288.4 1 1
github.com/instana/instana-go-client/config/config_validator.go:290.3,290.40 1 53
github.com/instana/instana-go-client/config/config_validator.go:290.40,295.4 1 0
github.com/instana/instana-go-client/config/config_validator.go:298.3,298.64 1 53
github.com/instana/instana-go-client/config/config_validator.go:298.64,303.4 1 3
github.com/instana/instana-go-client/config/config_validator.go:306.2,306.15 1 53
github.com/instana/instana-go-client/config/config_validator.go:310.66,313.45 2 53
github.com/instana/instana-go-client/config/config_validator.go:313.45,318.3 1 1
github.com/instana/instana-go-client/config/config_validator.go:320.2,320.48 1 53
github.com/instana/instana-go-client/config/config_validator.go:320.48,325.3 1 1
github.com/instana/instana-go-client/config/config_validator.go:327.2,327.49 1 53
github.com/instana/instana-go-client/config/config_validator.go:327.49,332.3 1 1
github.com/instana/instana-go-client/config/config_validator.go:334.2,334.50 1 53
github.com/instana/instana-go-client/config/config_validator.go:334.50,339.3 1 0
github.com/instana/instana-go-client/config/config_validator.go:341.2,341.52 1 53
github.com/instana/instana-go-client/config/config_validator.go:341.52,346.3 1 0
github.com/instana/instana-go-client/config/config_validator.go:348.2,348.89 1 53
github.com/instana/instana-go-client/config/config_validator.go:348.89,353.3 1 1
github.com/instana/instana-go-client/config/config_validator.go:355.2,355.44 1 53
github.com/instana/instana-go-client/config/config_validator.go:355.44,360.3 1 0
github.com/instana/instana-go-client/config/config_validator.go:362.2,362.57 1 53
github.com/instana/instana-go-client/config/config_validator.go:362.57,367.3 1 0
github.com/instana/instana-go-client/config/config_validator.go:369.2,369.15 1 53
github.com/instana/instana-go-client/config/errors.go:31.36,32.11 1 25
github.com/instana/instana-go-client/config/errors.go:33.24,34.24 1 16
github.com/instana/instana-go-client/config/errors.go:35.20,36.20 1 2
github.com/instana/instana-go-client/config/errors.go:37.27,38.27 1 2
github.com/instana/instana-go-client/config/errors.go:39.31,40.31 1 1
github.com/instana/instana-go-client/config/errors.go:41.26,42.26 1 1
github.com/instana/instana-go-client/config/errors.go:43.24,44.24 1 1
github.com/instana/instana-go-client/config/errors.go:45.30,46.30 1 1
github.com/instana/instana-go-client/config/errors.go:47.10,48.24 1 1
github.com/instana/instana-go-client/config/errors.go:63.39,64.22 1 17
github.com/instana/instana-go-client/config/errors.go:64.22,66.3 1 1
github.com/instana/instana-go-client/config/errors.go:67.2,67.59 1 16
github.com/instana/instana-go-client/config/errors.go:71.39,73.2 1 5
github.com/instana/instana-go-client/config/errors.go:76.43,78.2 1 51
github.com/instana/instana-go-client/config/errors.go:81.43,83.2 1 10
github.com/instana/instana-go-client/config/errors.go:86.60,94.2 1 24
github.com/instana/instana-go-client/config/errors.go:97.72,107.2 2 23
github.com/instana/instana-go-client/config/errors.go:110.66,118.2 1 5
github.com/instana/instana-go-client/config/errors.go:121.67,130.2 1 4
github.com/instana/instana-go-client/config/errors.go:133.67,141.2 1 6
github.com/instana/instana-go-client/config/errors.go:144.60,152.2 1 7
github.com/instana/instana-go-client/config/errors.go:155.66,163.2 1 1
github.com/instana/instana-go-client/config/errors.go:166.49,167.20 1 23
github.com/instana/instana-go-client/config/errors.go:173.29,174.14 1 12
github.com/instana/instana-go-client/config/errors.go:175.10,176.15 1 11
github.com/instana/instana-go-client/config/errors.go:181.39,182.16 1 35
github.com/instana/instana-go-client/config/errors.go:182.16,184.3 1 1
github.com/instana/instana-go-client/config/errors.go:186.2,186.47 1 34
github.com/instana/instana-go-client/config/errors.go:186.47,188.3 1 32
github.com/instana/instana-go-client/config/errors.go:190.2,190.14 1 2
github.com/instana/instana-go-client/config/errors.go:194.39,195.16 1 8
github.com/instana/instana-go-client/config/errors.go:195.16,197.3 1 1
github.com/instana/instana-go-client/config/errors.go:199.2,199.47 1 7
github.com/instana/instana-go-client/config/errors.go:199.47,201.3 1 6
github.com/instana/instana-go-client/config/errors.go:204.2,204.57 1 1
github.com/instana/instana-go-client/config/errors.go:204.57,206.3 1 0
github.com/instana/instana-go-client/config/errors.go:208.2,208.14 1 1
github.com/instana/instana-go-client/config/errors.go:212.39,213.16 1 7
github.com/instana/instana-go-client/config/errors.go:213.16,215.3 1 1
github.com/instana/instana-go-client/config/errors.go:217.2,217.47 1 6
github.com/instana/instana-go-client/config/errors.go:217.47,219.3 1 5
github.com/instana/instana-go-client/config/errors.go:221.2,221.10 1 1
github.com/instana/instana-go-client/config/errors.go:225.49,226.16 1 0
github.com/instana/instana-go-client/config/errors.go:226.16,228.3 1 0
github.com/instana/instana-go-client/config/errors.go:230.2,230.47 1 0
github.com/instana/instana-go-client/config/errors.go:230.47,233.3 2 0
github.com/instana/instana-go-client/config/errors.go:235.2,235.43 1 0
github.com/instana/instana-go-client/config/log-level.go:10.50,12.27 2 1
github.com/instana/instana-go-client/config/log-level.go:12.27,14.3 1 3
github.com/instana/instana-go-client/config/log-level.go:15.2,15.15 1 1
github.com/instana/instana-go-client/config/logger.go:42.41,43.11 1 0
github.com/instana/instana-go-client/config/logger.go:44.27,45.17 1 0
github.com/instana/instana-go-client/config/logger.go:46.26,47.16 1 0
github.com/instana/instana-go-client/config/logger.go:48.26,49.16 1 0
github.com/instana/instana-go-client/config/logger.go:50.27,51.17 1 0
github.com/instana/instana-go-client/config/logger.go:52.26,53.16 1 0
github.com/instana/instana-go-client/config/logger.go:54.10,55.19 1 0
github.com/instana/instana-go-client/config/logger.go:67.60,73.2 1 0
github.com/instana/instana-go-client/config/logger.go:76.62,78.2 1 0
github.com/instana/instana-go-client/config/logger.go:81.51,83.31 2 0
github.com/instana/instana-go-client/config/logger.go:83.31,84.28 1 0
github.com/instana/instana-go-client/config/logger.go:84.28,87.4 1 0
github.com/instana/instana-go-client/config/logger.go:89.2,89.15 1 0
github.com/instana/instana-go-client/config/logger.go:93.44,95.6 2 0
github.com/instana/instana-go-client/config/logger.go:95.6,97.14 2 0
github.com/instana/instana-go-client/config/logger.go:97.14,99.9 2 0
github.com/instana/instana-go-client/config/logger.go:101.3,102.21 2 0
github.com/instana/instana-go-client/config/logger.go:104.2,104.15 1 0
github.com/instana/instana-go-client/config/logger.go:108.36,109.43 1 0
github.com/instana/instana-go-client/config/logger.go:109.43,110.35 1 0
github.com/instana/instana-go-client/config/logger.go:110.35,112.4 1 0
github.com/instana/instana-go-client/config/logger.go:114.2,114.11 1 0
github.com/instana/instana-go-client/config/logger.go:118.110,121.28 2 0
github.com/instana/instana-go-client/config/logger.go:121.28,123.46 2 0
github.com/instana/instana-go-client/config/logger.go:123.46,124.32 1 0
github.com/instana/instana-go-client/config/logger.go:124.32,126.5 1 0
github.com/instana/instana-go-client/config/logger.go:126.10,128.5 1 0
github.com/instana/instana-go-client/config/logger.go:132.2,132.18 1 0
github.com/instana/instana-go-client/config/logger.go:136.73,137.36 1 0
github.com/instana/instana-go-client/config/logger.go:137.36,139.3 1 0
github.com/instana/instana-go-client/config/logger.go:143.72,144.35 1 0
github.com/instana/instana-go-client/config/logger.go:144.35,146.3 1 0
github.com/instana/instana-go-client/config/logger.go:150.72,151.35 1 0
github.com/instana/instana-go-client/config/logger.go:151.35,153.3 1 0
github.com/instana/instana-go-client/config/logger.go:157.73,158.36 1 0
github.com/instana/instana-go-client/config/logger.go:158.36,160.3 1 0
github.com/instana/instana-go-client/config/logger.go:167.34,169.2 1 39
github.com/instana/instana-go-client/config/logger.go:172.71,172.72 0 1285
github.com/instana/instana-go-client/config/logger.go:175.70,175.71 0 4
github.com/instana/instana-go-client/config/logger.go:178.70,178.71 0 9
github.com/instana/instana-go-client/config/logger.go:181.71,181.72 0 0
github.com/instana/instana-go-client/config/rate_limiter.go:21.73,22.19 1 21
github.com/instana/instana-go-client/config/rate_limiter.go:22.19,24.3 1 1
github.com/instana/instana-go-client/config/rate_limiter.go:26.2,35.20 2 21
github.com/instana/instana-go-client/config/rate_limiter.go:35.20,39.3 3 19
github.com/instana/instana-go-client/config/rate_limiter.go:41.2,41.11 1 21
github.com/instana/instana-go-client/config/rate_limiter.go:45.56,46.24 1 223
github.com/instana/instana-go-client/config/rate_limiter.go:46.24,48.3 1 100
github.com/instana/instana-go-client/config/rate_limiter.go:50.2,50.6 1 123
github.com/instana/instana-go-client/config/rate_limiter.go:50.6,52.22 1 1404
github.com/instana/instana-go-client/config/rate_limiter.go:52.22,54.4 1 121
github.com/instana/instana-go-client/config/rate_limiter.go:57.3,57.30 1 1283
github.com/instana/instana-go-client/config/rate_limiter.go:57.30,59.4 1 1
github.com/instana/instana-go-client/config/rate_limiter.go:62.3,67.10 3 1282
github.com/instana/instana-go-client/config/rate_limiter.go:68.21,69.20 1 1
github.com/instana/instana-go-client/config/rate_limiter.go:70.31,70.31 0 1281
github.com/instana/instana-go-client/config/rate_limiter.go:77.42,85.22 4 1430
github.com/instana/instana-go-client/config/rate_limiter.go:85.22,88.3 2 146
github.com/instana/instana-go-client/config/rate_limiter.go:90.2,90.14 1 1284
github.com/instana/instana-go-client/config/rate_limiter.go:94.39,101.21 4 1451
github.com/instana/instana-go-client/config/rate_limiter.go:101.21,106.51 3 1451
github.com/instana/instana-go-client/config/rate_limiter.go:106.51,108.4 1 12
github.com/instana/instana-go-client/config/rate_limiter.go:113.58,119.23 4 1286
github.com/instana/instana-go-client/config/rate_limiter.go:119.23,121.3 1 1
github.com/instana/instana-go-client/config/rate_limiter.go:123.2,124.60 2 1285
github.com/instana/instana-go-client/config/rate_limiter.go:129.38,134.12 3 20
github.com/instana/instana-go-client/config/rate_limiter.go:134.12,135.7 1 20
github.com/instana/instana-go-client/config/rate_limiter.go:135.7,136.11 1 37
github.com/instana/instana-go-client/config/rate_limiter.go:137.20,140.19 3 17
github.com/instana/instana-go-client/config/rate_limiter.go:141.23,142.11 1 20
github.com/instana/instana-go-client/config/rate_limiter.go:149.31,150.28 1 21
github.com/instana/instana-go-client/config/rate_limiter.go:150.28,152.3 1 19
github.com/instana/instana-go-client/config/rate_limiter.go:153.2,153.20 1 21
github.com/instana/instana-go-client/config/rate_limiter.go:157.53,163.2 4 3
github.com/instana/instana-go-client/config/rate_limiter.go:166.32,172.2 4 1
github.com/instana/instana-go-client/config/rate_limiter.go:175.61,180.47 3 2
github.com/instana/instana-go-client/config/rate_limiter.go:180.47,183.3 2 1
github.com/instana/instana-go-client/config/rate_limiter.go:186.2,186.42 1 2
github.com/instana/instana-go-client/config/rate_limiter.go:186.42,188.3 1 1
github.com/instana/instana-go-client/config/rate_limiter.go:190.2,193.47 2 2
github.com/instana/instana-go-client/config/rate_limiter.go:193.47,195.3 1 1
github.com/instana/instana-go-client/config/retry.go:23.61,24.19 1 19
github.com/instana/instana-go-client/config/retry.go:24.19,26.3 1 18
github.com/instana/instana-go-client/config/retry.go:27.2,30.3 1 19
github.com/instana/instana-go-client/config/retry.go:34.63,37.63 2 7
github.com/instana/instana-go-client/config/retry.go:37.63,39.10 1 13
github.com/instana/instana-go-client/config/retry.go:40.21,41.20 1 0
github.com/instana/instana-go-client/config/retry.go:42.11,42.11 0 13
github.com/instana/instana-go-client/config/retry.go:46.3,47.17 2 13
github.com/instana/instana-go-client/config/retry.go:47.17,48.19 1 4
github.com/instana/instana-go-client/config/retry.go:48.19,52.5 1 3
github.com/instana/instana-go-client/config/retry.go:53.4,53.14 1 4
github.com/instana/instana-go-client/config/retry.go:56.3,59.35 2 9
github.com/instana/instana-go-client/config/retry.go:59.35,65.4 2 2
github.com/instana/instana-go-client/config/retry.go:68.3,68.37 1 7
github.com/instana/instana-go-client/config/retry.go:68.37,77.11 3 7
github.com/instana/instana-go-client/config/retry.go:78.22,79.21 1 1
github.com/instana/instana-go-client/config/retry.go:80.29,80.29 0 6
github.com/instana/instana-go-client/config/retry.go:86.2,90.16 2 0
github.com/instana/instana-go-client/config/retry.go:94.100,97.63 2 3
github.com/instana/instana-go-client/config/retry.go:97.63,99.10 1 6
github.com/instana/instana-go-client/config/retry.go:100.21,101.25 1 0
github.com/instana/instana-go-client/config/retry.go:102.11,102.11 0 6
github.com/instana/instana-go-client/config/retry.go:106.3,107.17 2 6
github.com/instana/instana-go-client/config/retry.go:107.17,108.19 1 2
github.com/instana/instana-go-client/config/retry.go:108.19,112.5 1 2
github.com/instana/instana-go-client/config/retry.go:113.4,113.22 1 2
github.com/instana/instana-go-client/config/retry.go:116.3,119.35 2 4
github.com/instana/instana-go-client/config/retry.go:119.35,125.4 2 1
github.com/instana/instana-go-client/config/retry.go:128.3,128.37 1 3
github.com/instana/instana-go-client/config/retry.go:128.37,137.11 3 3
github.com/instana/instana-go-client/config/retry.go:138.22,139.26 1 0
github.com/instana/instana-go-client/config/retry.go:140.29,140.29 0 3
github.com/instana/instana-go-client/config/retry.go:146.2,150.21 2 0
github.com/instana/instana-go-client/config/retry.go:154.60,156.37 1 26
github.com/instana/instana-go-client/config/retry.go:156.37,158.3 1 3
github.com/instana/instana-go-client/config/retry.go:161.2,161.28 1 23
github.com/instana/instana-go-client/config/retry.go:161.28,163.3 1 5
github.com/instana/instana-go-client/config/retry.go:166.2,166.47 1 18
github.com/instana/instana-go-client/config/retry.go:166.47,167.26 1 18
github.com/instana/instana-go-client/config/retry.go:168.25,169.34 1 3
github.com/instana/instana-go-client/config/retry.go:170.25,171.42 1 13
github.com/instana/instana-go-client/config/retry.go:172.41,174.33 1 2
github.com/instana/instana-go-client/config/retry.go:174.33,176.5 1 2
github.com/instana/instana-go-client/config/retry.go:177.4,177.15 1 0
github.com/instana/instana-go-client/config/retry.go:178.11,179.35 1 0
github.com/instana/instana-go-client/config/retry.go:183.2,183.13 1 0
github.com/instana/instana-go-client/config/retry.go:187.62,188.53 1 8
github.com/instana/instana-go-client/config/retry.go:188.53,189.25 1 20
github.com/instana/instana-go-client/config/retry.go:189.25,191.4 1 5
github.com/instana/instana-go-client/config/retry.go:193.2,193.14 1 3
github.com/instana/instana-go-client/config/retry.go:197.61,202.21 2 26
github.com/instana/instana-go-client/config/retry.go:202.21,205.3 2 20
github.com/instana/instana-go-client/config/retry.go:208.2,208.40 1 26
github.com/instana/instana-go-client/config/retry.go:208.40,210.3 1 2
github.com/instana/instana-go-client/config/retry.go:212.2,212.29 1 26
github.com/instana/instana-go-client/config/retry.go:216.84,219.2 2 1
github.com/instana/instana-go-client/config/retry.go:222.120,225.2 2 1
github.com/instana/instana-go-client/config/retry.go:228.39,239.2 1 20
github.com/instana/instana-go-client/api/alertingchannel.go:95.57,97.2 1 1
github.com/instana/instana-go-client/api/alertingconfig.go:28.63,30.2 1 1
github.com/instana/instana-go-client/api/alertingconfig.go:33.92,35.2 1 1
github.com/instana/instana-go-client/api/alertingconfig.go:38.98,40.2 1 1
github.com/instana/instana-go-client/api/apitoken.go:102.50,104.2 1 1
github.com/instana/instana-go-client/api/applicationalertconfig.go:39.64,41.2 1 1
github.com/instana/instana-go-client/api/applicationalertconfig.go:44.93,46.2 1 2
github.com/instana/instana-go-client/api/applicationalertconfig.go:49.99,51.2 1 1
github.com/instana/instana-go-client/api/applicationalertconfig.go:172.71,174.26 2 1
github.com/instana/instana-go-client/api/applicationalertconfig.go:174.26,176.3 1 3
github.com/instana/instana-go-client/api/applicationalertconfig.go:177.2,177.15 1 1
github.com/instana/instana-go-client/api/applicationconfig.go:32.59,34.2 1 1
github.com/instana/instana-go-client/api/applicationconfig.go:43.64,45.27 2 1
github.com/instana/instana-go-client/api/applicationconfig.go:45.27,47.3 1 3
github.com/instana/instana-go-client/api/applicationconfig.go:48.2,48.15 1 1
github.com/instana/instana-go-client/api/automationaction.go:66.61,68.2 1 1
github.com/instana/instana-go-client/api/automationpolicy.go:65.61,67.2 1 1
github.com/instana/instana-go-client/api/builtineventspec.go:18.70,20.2 1 1
github.com/instana/instana-go-client/api/customdashboard.go:20.57,22.2 1 1
github.com/instana/instana-go-client/api/customeventspec.go:75.69,77.2 1 0
github.com/instana/instana-go-client/api/group.go:174.64,176.32 2 0
github.com/instana/instana-go-client/api/group.go:176.32,178.3 1 0
github.com/instana/instana-go-client/api/group.go:179.2,179.15 1 0
github.com/instana/instana-go-client/api/group.go:298.52,299.31 1 2
github.com/instana/instana-go-client/api/group.go:299.31,301.3 1 0
github.com/instana/instana-go-client/api/group.go:302.2,302.39 1 2
github.com/instana/instana-go-client/api/group.go:302.39,304.3 1 0
github.com/instana/instana-go-client/api/group.go:305.2,305.40 1 2
github.com/instana/instana-go-client/api/group.go:305.40,307.3 1 0
github.com/instana/instana-go-client/api/group.go:308.2,308.29 1 2
github.com/instana/instana-go-client/api/group.go:308.29,310.3 1 0
github.com/instana/instana-go-client/api/group.go:311.2,311.27 1 2
github.com/instana/instana-go-client/api/group.go:311.27,313.3 1 0
github.com/instana/instana-go-client/api/group.go:314.2,314.28 1 2
github.com/instana/instana-go-client/api/group.go:314.28,316.3 1 1
github.com/instana/instana-go-client/api/group.go:317.2,317.66 1 1
github.com/instana/instana-go-client/api/group.go:317.66,319.3 1 0
github.com/instana/instana-go-client/api/group.go:320.2,320.13 1 1
github.com/instana/instana-go-client/api/group.go:339.47,341.2 1 1
github.com/instana/instana-go-client/api/hostagent.go:22.54,24.2 1 1
github.com/instana/instana-go-client/api/hostagent.go:27.100,35.2 3 0
github.com/instana/instana-go-client/api/hostagent.go:43.74,45.54 2 0
github.com/instana/instana-go-client/api/hostagent.go:45.54,47.3 1 0
github.com/instana/instana-go-client/api/hostagent.go:48.2,48.20 1 0
github.com/instana/instana-go-client/api/hostagent.go:52.82,54.54 2 0
github.com/instana/instana-go-client/api/hostagent.go:54.54,56.3 1 0
github.com/instana/instana-go-client/api/hostagent.go:57.2,58.25 2 0
github.com/instana/instana-go-client/api/infraalertconfig.go:28.63,30.2 1 1
github.com/instana/instana-go-client/api/infraalertconfig.go:32.92,34.2 1 0
github.com/instana/instana-go-client/api/infraalertconfig.go:36.98,38.2 1 0
github.com/instana/instana-go-client/api/infraalertconfig.go:56.65,58.26 2 0
github.com/instana/instana-go-client/api/infraalertconfig.go:58.26,60.3 1 0
github.com/instana/instana-go-client/api/infraalertconfig.go:61.2,61.15 1 0
github.com/instana/instana-go-client/api/logalertconfig.go:48.56,50.2 1 1
github.com/instana/instana-go-client/api/logalertconfig.go:53.85,55.2 1 0
github.com/instana/instana-go-client/api/logalertconfig.go:58.91,60.2 1 0
github.com/instana/instana-go-client/api/logalertconfig.go:69.50,71.27 2 1
github.com/instana/instana-go-client/api/logalertconfig.go:71.27,73.3 1 3
github.com/instana/instana-go-client/api/logalertconfig.go:74.2,74.15 1 1
github.com/instana/instana-go-client/api/maintenancewindow.go:48.59,50.2 1 1
github.com/instana/instana-go-client/api/mobilealertconfig.go:29.59,31.2 1 1
github.com/instana/instana-go-client/api/mobilealertconfig.go:34.88,36.2 1 0
github.com/instana/instana-go-client/api/mobilealertconfig.go:39.94,41.2 1 0
github.com/instana/instana-go-client/api/role.go:15.46,17.2 1 1
github.com/instana/instana-go-client/api/sliconfig.go:45.51,47.2 1 1
github.com/instana/instana-go-client/api/sloalertconfig.go:66.56,69.2 2 1
github.com/instana/instana-go-client/api/sloalertconfig.go:71.90,73.2 1 0
github.com/instana/instana-go-client/api/sloalertconfig.go:75.96,77.2 1 0
github.com/instana/instana-go-client/api/sloconfig.go:159.51,162.2 2 1
github.com/instana/instana-go-client/api/sloconfig.go:173.100,177.2 1 0
github.com/instana/instana-go-client/api/sloconfig.go:184.74,186.54 2 0
github.com/instana/instana-go-client/api/sloconfig.go:186.54,188.3 1 0
github.com/instana/instana-go-client/api/sloconfig.go:189.2,189.20 1 0
github.com/instana/instana-go-client/api/sloconfig.go:193.82,195.56 2 0
github.com/instana/instana-go-client/api/sloconfig.go:195.56,197.3 1 0
github.com/instana/instana-go-client/api/sloconfig.go:198.2,198.29 1 0
github.com/instana/instana-go-client/api/slocorrection.go:45.61,47.2 1 1
github.com/instana/instana-go-client/api/slocorrection.go:58.110,62.2 1 0
github.com/instana/instana-go-client/api/slocorrection.go:69.84,71.54 2 0
github.com/instana/instana-go-client/api/slocorrection.go:71.54,73.3 1 0
github.com/instana/instana-go-client/api/slocorrection.go:74.2,74.20 1 0
github.com/instana/instana-go-client/api/slocorrection.go:78.92,80.56 2 0
github.com/instana/instana-go-client/api/slocorrection.go:80.56,82.3 1 0
github.com/instana/instana-go-client/api/slocorrection.go:83.2,83.29 1 0
github.com/instana/instana-go-client/api/syntheticalertconfig.go:41.62,43.2 1 1
github.com/instana/instana-go-client/api/syntheticalertconfig.go:46.91,48.2 1 0
github.com/instana/instana-go-client/api/syntheticalertconfig.go:51.97,53.2 1 0
github.com/instana/instana-go-client/api/syntheticlocation.go:14.59,16.2 1 1
github.com/instana/instana-go-client/api/synthetictest.go:120.55,122.2 1 1
github.com/instana/instana-go-client/api/team.go:79.46,81.2 1 1
github.com/instana/instana-go-client/api/user.go:17.46,19.2 1 1
github.com/instana/instana-go-client/api/websitealertconfig.go:37.60,39.2 1 1
github.com/instana/instana-go-client/api/websitealertconfig.go:42.89,44.2 1 0
github.com/instana/instana-go-client/api/websitealertconfig.go:47.95,49.2 1 0
github.com/instana/instana-go-client/api/websitealertconfig.go:67.73,69.28 2 0
github.com/instana/instana-go-client/api/websitealertconfig.go:69.28,71.3 1 0
github.com/instana/instana-go-client/api/websitealertconfig.go:72.2,72.15 1 0
github.com/instana/instana-go-client/api/websitemonitoring.go:19.65,21.2 1 3
github.com/instana/instana-go-client/api/websitemonitoring.go:31.93,33.16 2 0
github.com/instana/instana-go-client/api/websitemonitoring.go:33.16,35.3 1 0
github.com/instana/instana-go-client/api/websitemonitoring.go:36.2,37.16 2 0
github.com/instana/instana-go-client/api/websitemonitoring.go:37.16,39.3 1 0
github.com/instana/instana-go-client/api/websitemonitoring.go:40.2,40.21 1 0
github.com/instana/instana-go-client/api/websitemonitoring.go:44.99,46.16 2 0
github.com/instana/instana-go-client/api/websitemonitoring.go:46.16,48.3 1 0
github.com/instana/instana-go-client/api/websitemonitoring.go:49.2,49.51 1 0
github.com/instana/instana-go-client/api/websitemonitoring.go:53.119,55.16 2 0
github.com/instana/instana-go-client/api/websitemonitoring.go:55.16,57.3 1 0
github.com/instana/instana-go-client/api/websitemonitoring.go:58.2,58.55 1 0
github.com/instana/instana-go-client/api/websitemonitoring.go:62.119,64.16 2 0
github.com/instana/instana-go-client/api/websitemonitoring.go:64.16,66.3 1 0
github.com/instana/instana-go-client/api/websitemonitoring.go:67.2,67.55 1 0
github.com/instana/instana-go-client/api/websitemonitoring.go:71.129,73.16 2 0
github.com/instana/instana-go-client/api/websitemonitoring.go:73.16,75.3 1 0
github.com/instana/instana-go-client/api/websitemonitoring.go:76.2,76.24 1 0
github.com/instana/instana-go-client/api/websitemonitoring.go:80.91,82.2 1 0
github.com/instana/instana-go-client/api/websitemonitoring.go:85.75,87.2 1 0
github.com/instana/instana-go-client/examples/advanced_usage/main.go:16.13,31.2 5 0
github.com/instana/instana-go-client/examples/advanced_usage/main.go:34.30,80.16 3 0
github.com/instana/instana-go-client/examples/advanced_usage/main.go:80.16,82.3 1 0
github.com/instana/instana-go-client/examples/advanced_usage/main.go:85.2,86.16 2 0
github.com/instana/instana-go-client/examples/advanced_usage/main.go:86.16,88.3 1 0
github.com/instana/instana-go-client/examples/advanced_usage/main.go:90.2,96.9 5 0
github.com/instana/instana-go-client/examples/advanced_usage/main.go:100.22,108.16 4 0
github.com/instana/instana-go-client/examples/advanced_usage/main.go:108.16,110.55 1 0
github.com/instana/instana-go-client/examples/advanced_usage/main.go:110.55,118.27 6 0
github.com/instana/instana-go-client/examples/advanced_usage/main.go:119.40,120.64 1 0
github.com/instana/instana-go-client/examples/advanced_usage/main.go:121.35,122.67 1 0
github.com/instana/instana-go-client/examples/advanced_usage/main.go:123.33,124.59 1 0
github.com/instana/instana-go-client/examples/advanced_usage/main.go:125.33,126.68 1 0
github.com/instana/instana-go-client/examples/advanced_usage/main.go:127.12,128.68 1 0
github.com/instana/instana-go-client/examples/advanced_usage/main.go:133.3,133.35 1 0
github.com/instana/instana-go-client/examples/advanced_usage/main.go:133.35,135.4 1 0
github.com/instana/instana-go-client/examples/advanced_usage/main.go:138.3,138.35 1 0
github.com/instana/instana-go-client/examples/advanced_usage/main.go:138.35,140.4 1 0
github.com/instana/instana-go-client/examples/advanced_usage/main.go:143.3,144.55 2 0
github.com/instana/instana-go-client/examples/advanced_usage/main.go:149.23,170.55 6 0
github.com/instana/instana-go-client/examples/advanced_usage/main.go:170.55,175.23 3 0
github.com/instana/instana-go-client/examples/advanced_usage/main.go:175.23,180.4 1 0
github.com/instana/instana-go-client/examples/advanced_usage/main.go:183.3,183.13 1 0
github.com/instana/instana-go-client/examples/advanced_usage/main.go:186.2,186.16 1 0
github.com/instana/instana-go-client/examples/advanced_usage/main.go:186.16,188.3 1 0
github.com/instana/instana-go-client/examples/advanced_usage/main.go:188.8,190.3 1 0
github.com/instana/instana-go-client/examples/advanced_usage/main.go:194.21,218.26 8 0
github.com/instana/instana-go-client/examples/advanced_usage/main.go:218.26,220.64 1 0
github.com/instana/instana-go-client/examples/advanced_usage/main.go:220.64,222.12 2 0
github.com/instana/instana-go-client/examples/advanced_usage/main.go:225.3,225.90 1 0
github.com/instana/instana-go-client/examples/advanced_usage/main.go:228.2,228.93 1 0
github.com/instana/instana-go-client/examples/advanced_usage/main.go:232.21,246.16 4 0
github.com/instana/instana-go-client/examples/advanced_usage/main.go:246.16,248.3 1 0
github.com/instana/instana-go-client/examples/advanced_usage/main.go:250.2,255.79 4 0
github.com/instana/instana-go-client/examples/advanced_usage/main.go:263.72,265.2 1 0
github.com/instana/instana-go-client/examples/advanced_usage/main.go:267.71,269.2 1 0
github.com/instana/instana-go-client/examples/advanced_usage/main.go:271.71,273.2 1 0
github.com/instana/instana-go-client/examples/advanced_usage/main.go:275.72,277.2 1 0
github.com/instana/instana-go-client/mocks/Instana-api_mocks.go:33.65,37.2 3 0
github.com/instana/instana-go-client/mocks/Instana-api_mocks.go:40.63,42.2 1 0
github.com/instana/instana-go-client/mocks/Instana-api_mocks.go:45.71,50.2 4 0
github.com/instana/instana-go-client/mocks/Instana-api_mocks.go:53.64,56.2 2 0
github.com/instana/instana-go-client/mocks/Instana-api_mocks.go:59.85,64.2 4 0
github.com/instana/instana-go-client/mocks/Instana-api_mocks.go:67.71,70.2 2 0
github.com/instana/instana-go-client/mocks/Instana-api_mocks.go:73.97,78.2 4 0
github.com/instana/instana-go-client/mocks/Instana-api_mocks.go:81.77,84.2 2 0
github.com/instana/instana-go-client/mocks/Instana-api_mocks.go:87.99,92.2 4 0
github.com/instana/instana-go-client/mocks/Instana-api_mocks.go:95.78,98.2 2 0
github.com/instana/instana-go-client/mocks/Instana-api_mocks.go:101.89,106.2 4 0
github.com/instana/instana-go-client/mocks/Instana-api_mocks.go:109.73,112.2 2 0
github.com/instana/instana-go-client/mocks/Instana-api_mocks.go:115.87,120.2 4 0
github.com/instana/instana-go-client/mocks/Instana-api_mocks.go:123.72,126.2 2 0
github.com/instana/instana-go-client/mocks/Instana-api_mocks.go:129.88,134.2 4 0
github.com/instana/instana-go-client/mocks/Instana-api_mocks.go:137.73,140.2 2 0
github.com/instana/instana-go-client/mocks/Instana-api_mocks.go:143.113,148.2 4 0
github.com/instana/instana-go-client/mocks/Instana-api_mocks.go:151.81,154.2 2 0
github.com/instana/instana-go-client/mocks/Instana-api_mocks.go:157.85,162.2 4 0
github.com/instana/instana-go-client/mocks/Instana-api_mocks.go:165.71,168.2 2 0
github.com/instana/instana-go-client/mocks/Instana-api_mocks.go:171.103,176.2 4 0
github.com/instana/instana-go-client/mocks/Instana-api_mocks.go:179.80,182.2 2 0
github.com/instana/instana-go-client/mocks/Instana-api_mocks.go:185.105,190.2 4 0
github.com/instana/instana-go-client/mocks/Instana-api_mocks.go:193.84,196.2 2 0
github.com/instana/instana-go-client/mocks/Instana-api_mocks.go:199.65,204.2 4 0
github.com/instana/instana-go-client/mocks/Instana-api_mocks.go:207.61,210.2 2 0
github.com/instana/instana-go-client/mocks/Instana-api_mocks.go:213.81,218.2 4 0
github.com/instana/instana-go-client/mocks/Instana-api_mocks.go:221.65,224.2 2 0
github.com/instana/instana-go-client/mocks/Instana-api_mocks.go:227.87,232.2 4 0
github.com/instana/instana-go-client/mocks/Instana-api_mocks.go:235.72,238.2 2 0
github.com/instana/instana-go-client/mocks/Instana-api_mocks.go:241.83,246.2 4 0
github.com/instana/instana-go-client/mocks/Instana-api_mocks.go:249.70,252.2 2 0
github.com/instana/instana-go-client/mocks/Instana-api_mocks.go:255.95,260.2 4 0
github.com/instana/instana-go-client/mocks/Instana-api_mocks.go:263.79,266.2 2 0
github.com/instana/instana-go-client/mocks/Instana-api_mocks.go:269.89,274.2 4 0
github.com/instana/instana-go-client/mocks/Instana-api_mocks.go:277.73,280.2 2 0
github.com/instana/instana-go-client/mocks/Instana-api_mocks.go:283.63,288.2 4 0
github.com/instana/instana-go-client/mocks/Instana-api_mocks.go:291.60,294.2 2 0
github.com/instana/instana-go-client/mocks/Instana-api_mocks.go:297.73,302.2 4 0
github.com/instana/instana-go-client/mocks/Instana-api_mocks.go:305.65,308.2 2 0
github.com/instana/instana-go-client/mocks/Instana-api_mocks.go:311.83,316.2 4 0
github.com/instana/instana-go-client/mocks/Instana-api_mocks.go:319.70,322.2 2 0
github.com/instana/instana-go-client/mocks/Instana-api_mocks.go:325.73,330.2 4 0
github.com/instana/instana-go-client/mocks/Instana-api_mocks.go:333.65,336.2 2 0
github.com/instana/instana-go-client/mocks/Instana-api_mocks.go:339.93,344.2 4 0
github.com/instana/instana-go-client/mocks/Instana-api_mocks.go:347.75,350.2 2 0
github.com/instana/instana-go-client/mocks/Instana-api_mocks.go:353.95,358.2 4 0
github.com/instana/instana-go-client/mocks/Instana-api_mocks.go:361.76,364.2 2 0
github.com/instana/instana-go-client/mocks/Instana-api_mocks.go:367.97,372.2 4 0
github.com/instana/instana-go-client/mocks/Instana-api_mocks.go:375.73,378.2 2 0
github.com/instana/instana-go-client/mocks/Instana-api_mocks.go:381.81,386.2 4 0
github.com/instana/instana-go-client/mocks/Instana-api_mocks.go:389.69,392.2 2 0
github.com/instana/instana-go-client/mocks/Instana-api_mocks.go:395.63,400.2 4 0
github.com/instana/instana-go-client/mocks/Instana-api_mocks.go:403.60,406.2 2 0
github.com/instana/instana-go-client/mocks/Instana-api_mocks.go:409.71,414.2 4 0
github.com/instana/instana-go-client/mocks/Instana-api_mocks.go:417.60,420.2 2 0
github.com/instana/instana-go-client/mocks/Instana-api_mocks.go:423.91,428.2 4 0
github.com/instana/instana-go-client/mocks/Instana-api_mocks.go:431.74,434.2 2 0
github.com/instana/instana-go-client/mocks/Instana-api_mocks.go:437.101,442.2 4 0
github.com/instana/instana-go-client/mocks/Instana-api_mocks.go:445.79,448.2 2 0
github.com/instana/instana-go-client/mocks/rest-client_mocks.go:32.79,36.2 3 0
github.com/instana/instana-go-client/mocks/rest-client_mocks.go:39.77,41.2 1 0
github.com/instana/instana-go-client/mocks/rest-client_mocks.go:44.63,49.2 4 0
github.com/instana/instana-go-client/mocks/rest-client_mocks.go:52.82,55.2 2 0
github.com/instana/instana-go-client/mocks/rest-client_mocks.go:70.98,74.2 3 0
github.com/instana/instana-go-client/mocks/rest-client_mocks.go:77.73,79.2 1 0
github.com/instana/instana-go-client/mocks/rest-client_mocks.go:82.57,88.2 5 0
github.com/instana/instana-go-client/mocks/rest-client_mocks.go:91.74,94.2 2 0
github.com/instana/instana-go-client/mocks/rest-client_mocks.go:97.52,102.2 4 0
github.com/instana/instana-go-client/mocks/rest-client_mocks.go:105.74,108.2 2 0
github.com/instana/instana-go-client/mocks/rest-client_mocks.go:111.59,116.2 4 0
github.com/instana/instana-go-client/mocks/rest-client_mocks.go:119.76,122.2 2 0
github.com/instana/instana-go-client/mocks/rest-client_mocks.go:125.54,131.2 5 0
github.com/instana/instana-go-client/mocks/rest-client_mocks.go:134.66,137.2 2 0
github.com/instana/instana-go-client/mocks/rest-client_mocks.go:140.60,146.2 5 0
github.com/instana/instana-go-client/mocks/rest-client_mocks.go:149.72,152.2 2 0
github.com/instana/instana-go-client/mocks/rest-client_mocks.go:155.57,161.2 5 0
github.com/instana/instana-go-client/mocks/rest-client_mocks.go:164.74,167.2 2 0
github.com/instana/instana-go-client/mocks/rest-client_mocks.go:182.114,186.2 3 0
github.com/instana/instana-go-client/mocks/rest-client_mocks.go:189.89,191.2 1 0
github.com/instana/instana-go-client/mocks/rest-client_mocks.go:194.62,200.2 5 0
github.com/instana/instana-go-client/mocks/rest-client_mocks.go:203.74,206.2 2 0
github.com/instana/instana-go-client/mocks/rest-client_mocks.go:209.95,215.2 5 0
github.com/instana/instana-go-client/mocks/rest-client_mocks.go:218.93,221.2 2 0
github.com/instana/instana-go-client/mocks/rest-client_mocks.go:224.68,230.2 5 0
github.com/instana/instana-go-client/mocks/rest-client_mocks.go:233.80,236.2 2 0
github.com/instana/instana-go-client/mocks/rest-client_mocks.go:251.87,255.2 3 0
github.com/instana/instana-go-client/mocks/rest-client_mocks.go:258.81,260.2 1 0
github.com/instana/instana-go-client/mocks/rest-client_mocks.go:263.69,269.2 5 0
github.com/instana/instana-go-client/mocks/rest-client_mocks.go:272.81,275.2 2 0
github.com/instana/instana-go-client/mocks/rest-client_mocks.go:278.77,284.2 5 0
github.com/instana/instana-go-client/mocks/rest-client_mocks.go:287.86,290.2 2 0
github.com/instana/instana-go-client/mocks/rest-client_mocks.go:305.65,309.2 3 0
github.com/instana/instana-go-client/mocks/rest-client_mocks.go:312.63,314.2 1 0
github.com/instana/instana-go-client/mocks/rest-client_mocks.go:317.76,322.2 4 0
github.com/instana/instana-go-client/mocks/rest-client_mocks.go:325.93,328.2 2 0
github.com/instana/instana-go-client/mocks/rest-client_mocks.go:331.67,337.2 5 0
github.com/instana/instana-go-client/mocks/rest-client_mocks.go:340.74,343.2 2 0
github.com/instana/instana-go-client/mocks/rest-client_mocks.go:346.105,352.2 5 0
github.com/instana/instana-go-client/mocks/rest-client_mocks.go:355.94,358.2 2 0
github.com/instana/instana-go-client/mocks/rest-client_mocks.go:361.74,367.2 5 0
github.com/instana/instana-go-client/mocks/rest-client_mocks.go:370.81,373.2 2 0
github.com/instana/instana-go-client/mocks/rest-client_mocks.go:376.97,382.2 5 0
github.com/instana/instana-go-client/mocks/rest-client_mocks.go:385.81,388.2 2 0
github.com/instana/instana-go-client/mocks/rest-client_mocks.go:391.106,397.2 5 0
github.com/instana/instana-go-client/mocks/rest-client_mocks.go:400.95,403.2 2 0
github.com/instana/instana-go-client/mocks/rest-client_mocks.go:406.103,412.2 5 0
github.com/instana/instana-go-client/mocks/rest-client_mocks.go:415.87,418.2 2 0
github.com/instana/instana-go-client/mocks/rest-client_mocks.go:421.96,427.2 5 0
github.com/instana/instana-go-client/mocks/rest-client_mocks.go:430.80,433.2 2 0
github.com/instana/instana-go-client/mocks/rest-client_mocks.go:436.109,442.2 5 0
github.com/instana/instana-go-client/mocks/rest-client_mocks.go:445.98,448.2 2 0
github.com/instana/instana-go-client/examples/rest_client_usage/main.go:14.13,48.16 10 0
github.com/instana/instana-go-client/examples/rest_client_usage/main.go:48.16,50.3 1 0
github.com/instana/instana-go-client/examples/rest_client_usage/main.go:52.2,53.16 2 0
github.com/instana/instana-go-client/examples/rest_client_usage/main.go:53.16,55.3 1 0
github.com/instana/instana-go-client/examples/rest_client_usage/main.go:56.2,69.16 11 0
github.com/instana/instana-go-client/examples/rest_client_usage/main.go:69.16,74.3 4 0
github.com/instana/instana-go-client/examples/rest_client_usage/main.go:76.2,77.16 2 0
github.com/instana/instana-go-client/examples/rest_client_usage/main.go:77.16,79.3 1 0
github.com/instana/instana-go-client/examples/rest_client_usage/main.go:80.2,92.16 7 0
github.com/instana/instana-go-client/examples/rest_client_usage/main.go:92.16,96.35 2 0
github.com/instana/instana-go-client/examples/rest_client_usage/main.go:96.35,98.4 1 0
github.com/instana/instana-go-client/examples/rest_client_usage/main.go:99.3,99.35 1 0
github.com/instana/instana-go-client/examples/rest_client_usage/main.go:99.35,101.4 1 0
github.com/instana/instana-go-client/examples/rest_client_usage/main.go:102.3,102.66 1 0
github.com/instana/instana-go-client/examples/rest_client_usage/main.go:102.66,104.4 1 0
github.com/instana/instana-go-client/examples/rest_client_usage/main.go:105.8,107.3 1 0
github.com/instana/instana-go-client/examples/rest_client_usage/main.go:108.2,125.16 14 0
github.com/instana/instana-go-client/examples/rest_client_usage/main.go:125.16,127.3 1 0
github.com/instana/instana-go-client/examples/rest_client_usage/main.go:128.2,144.26 13 0
github.com/instana/instana-go-client/examples/rest_client_usage/main.go:144.26,147.3 2 0
github.com/instana/instana-go-client/examples/rest_client_usage/main.go:148.2,164.54 10 0
github.com/instana/instana-go-client/examples/rest_client_usage/main.go:164.54,166.3 1 0
github.com/instana/instana-go-client/examples/rest_client_usage/main.go:167.2,219.16 19 0
github.com/instana/instana-go-client/examples/rest_client_usage/main.go:219.16,221.3 1 0
github.com/instana/instana-go-client/examples/rest_client_usage/main.go:223.2,224.16 2 0
github.com/instana/instana-go-client/examples/rest_client_usage/main.go:224.16,226.3 1 0
github.com/instana/instana-go-client/examples/rest_client_usage/main.go:228.2,247.54 19 0
github.com/instana/instana-go-client/client/client.go:47.59,51.2 1 0
github.com/instana/instana-go-client/client/client.go:54.67,55.24 1 0
github.com/instana/instana-go-client/client/client.go:55.24,62.3 1 0
github.com/instana/instana-go-client/client/client.go:63.2,63.20 1 0
github.com/instana/instana-go-client/client/client.go:67.81,68.31 1 0
github.com/instana/instana-go-client/client/client.go:68.31,75.3 1 0
github.com/instana/instana-go-client/client/client.go:76.2,76.27 1 0
github.com/instana/instana-go-client/client/client.go:80.93,81.37 1 0
github.com/instana/instana-go-client/client/client.go:81.37,88.3 1 0
github.com/instana/instana-go-client/client/client.go:89.2,89.33 1 0
github.com/instana/instana-go-client/client/client.go:93.95,94.38 1 0
github.com/instana/instana-go-client/client/client.go:94.38,101.3 1 0
github.com/instana/instana-go-client/client/client.go:102.2,102.34 1 0
github.com/instana/instana-go-client/client/client.go:106.101,107.44 1 0
github.com/instana/instana-go-client/client/client.go:107.44,114.3 1 0
github.com/instana/instana-go-client/client/client.go:115.2,115.40 1 0
github.com/instana/instana-go-client/client/client.go:119.85,120.33 1 0
github.com/instana/instana-go-client/client/client.go:120.33,127.3 1 0
github.com/instana/instana-go-client/client/client.go:128.2,128.29 1 0
github.com/instana/instana-go-client/client/client.go:132.83,133.32 1 0
github.com/instana/instana-go-client/client/client.go:133.32,140.3 1 0
github.com/instana/instana-go-client/client/client.go:141.2,141.28 1 0
github.com/instana/instana-go-client/client/client.go:145.84,146.33 1 0
github.com/instana/instana-go-client/client/client.go:146.33,153.3 1 0
github.com/instana/instana-go-client/client/client.go:154.2,154.29 1 0
github.com/instana/instana-go-client/client/client.go:158.109,159.41 1 0
github.com/instana/instana-go-client/client/client.go:159.41,165.3 1 0
github.com/instana/instana-go-client/client/client.go:166.2,166.37 1 0
github.com/instana/instana-go-client/client/client.go:170.81,171.31 1 0
github.com/instana/instana-go-client/client/client.go:171.31,178.3 1 0
github.com/instana/instana-go-client/client/client.go:179.2,179.27 1 0
github.com/instana/instana-go-client/client/client.go:183.99,184.40 1 0
github.com/instana/instana-go-client/client/client.go:184.40,191.3 1 0
github.com/instana/instana-go-client/client/client.go:192.2,192.36 1 0
github.com/instana/instana-go-client/client/client.go:196.61,197.21 1 0
github.com/instana/instana-go-client/client/client.go:197.21,204.3 1 0
github.com/instana/instana-go-client/client/client.go:205.2,205.17 1 0
github.com/instana/instana-go-client/client/client.go:209.77,210.25 1 0
github.com/instana/instana-go-client/client/client.go:210.25,216.3 1 0
github.com/instana/instana-go-client/client/client.go:217.2,217.21 1 0
github.com/instana/instana-go-client/client/client.go:221.83,222.32 1 0
github.com/instana/instana-go-client/client/client.go:222.32,229.3 1 0
github.com/instana/instana-go-client/client/client.go:230.2,230.28 1 0
github.com/instana/instana-go-client/client/client.go:234.79,235.30 1 0
github.com/instana/instana-go-client/client/client.go:235.30,242.3 1 0
github.com/instana/instana-go-client/client/client.go:243.2,243.26 1 0
github.com/instana/instana-go-client/client/client.go:247.91,248.33 1 0
github.com/instana/instana-go-client/client/client.go:248.33,255.3 1 0
github.com/instana/instana-go-client/client/client.go:256.2,256.29 1 0
github.com/instana/instana-go-client/client/client.go:260.85,261.33 1 0
github.com/instana/instana-go-client/client/client.go:261.33,268.3 1 0
github.com/instana/instana-go-client/client/client.go:269.2,269.29 1 0
github.com/instana/instana-go-client/client/client.go:273.59,274.20 1 0
github.com/instana/instana-go-client/client/client.go:274.20,281.3 1 0
github.com/instana/instana-go-client/client/client.go:282.2,282.16 1 0
github.com/instana/instana-go-client/client/client.go:286.69,287.25 1 0
github.com/instana/instana-go-client/client/client.go:287.25,294.3 1 0
github.com/instana/instana-go-client/client/client.go:295.2,295.21 1 0
github.com/instana/instana-go-client/client/client.go:299.79,300.30 1 0
github.com/instana/instana-go-client/client/client.go:300.30,307.3 1 0
github.com/instana/instana-go-client/client/client.go:308.2,308.26 1 0
github.com/instana/instana-go-client/client/client.go:312.69,313.25 1 0
github.com/instana/instana-go-client/client/client.go:313.25,320.3 1 0
github.com/instana/instana-go-client/client/client.go:321.2,321.21 1 0
github.com/instana/instana-go-client/client/client.go:325.89,326.29 1 0
github.com/instana/instana-go-client/client/client.go:326.29,333.3 1 0
github.com/instana/instana-go-client/client/client.go:334.2,334.25 1 0
github.com/instana/instana-go-client/client/client.go:338.91,339.36 1 0
github.com/instana/instana-go-client/client/client.go:339.36,346.3 1 0
github.com/instana/instana-go-client/client/client.go:347.2,347.32 1 0
github.com/instana/instana-go-client/client/client.go:351.93,352.33 1 0
github.com/instana/instana-go-client/client/client.go:352.33,358.3 1 0
github.com/instana/instana-go-client/client/client.go:359.2,359.29 1 0
github.com/instana/instana-go-client/client/client.go:363.77,364.29 1 0
github.com/instana/instana-go-client/client/client.go:364.29,371.3 1 0
github.com/instana/instana-go-client/client/client.go:372.2,372.25 1 0
github.com/instana/instana-go-client/client/client.go:376.59,377.20 1 0
github.com/instana/instana-go-client/client/client.go:377.20,384.3 1 0
github.com/instana/instana-go-client/client/client.go:385.2,385.16 1 0
github.com/instana/instana-go-client/client/client.go:389.67,390.20 1 0
github.com/instana/instana-go-client/client/client.go:390.20,396.3 1 0
github.com/instana/instana-go-client/client/client.go:397.2,397.16 1 0
github.com/instana/instana-go-client/client/client.go:401.87,402.34 1 0
github.com/instana/instana-go-client/client/client.go:402.34,409.3 1 0
github.com/instana/instana-go-client/client/client.go:410.2,410.30 1 0
github.com/instana/instana-go-client/client/client.go:414.97,415.39 1 0
github.com/instana/instana-go-client/client/client.go:415.39,422.3 1 0
github.com/instana/instana-go-client/client/client.go:423.2,423.35 1 0
github.com/instana/instana-go-client/client/factory.go:31.24,34.14 1 0
github.com/instana/instana-go-client/client/factory.go:35.54,36.88 1 0
github.com/instana/instana-go-client/client/factory.go:37.55,38.89 1 0
github.com/instana/instana-go-client/client/factory.go:39.55,40.90 1 0
github.com/instana/instana-go-client/client/factory.go:41.67,42.98 1 0
github.com/instana/instana-go-client/client/factory.go:43.66,44.97 1 0
github.com/instana/instana-go-client/client/factory.go:45.10,47.89 1 0
github.com/instana/instana-go-client/client/factory.go:73.32,76.2 1 0
github.com/instana/instana-go-client/examples/basic_usage.go:21.13,37.2 8 0
github.com/instana/instana-go-client/examples/basic_usage.go:40.21,50.16 3 0
github.com/instana/instana-go-client/examples/basic_usage.go:50.16,53.3 2 0
github.com/instana/instana-go-client/examples/basic_usage.go:56.2,57.52 2 0
github.com/instana/instana-go-client/examples/basic_usage.go:57.52,60.3 2 0
github.com/instana/instana-go-client/examples/basic_usage.go:62.2,63.27 2 0
github.com/instana/instana-go-client/examples/basic_usage.go:63.27,65.3 1 0
github.com/instana/instana-go-client/examples/basic_usage.go:69.23,80.16 2 0
github.com/instana/instana-go-client/examples/basic_usage.go:80.16,83.3 2 0
github.com/instana/instana-go-client/examples/basic_usage.go:86.2,87.16 2 0
github.com/instana/instana-go-client/examples/basic_usage.go:87.16,90.3 2 0
github.com/instana/instana-go-client/examples/basic_usage.go:93.2,94.16 2 0
github.com/instana/instana-go-client/examples/basic_usage.go:94.16,97.3 2 0
github.com/instana/instana-go-client/examples/basic_usage.go:99.2,99.55 1 0
github.com/instana/instana-go-client/examples/basic_usage.go:103.19,111.16 2 0
github.com/instana/instana-go-client/examples/basic_usage.go:111.16,114.3 2 0
github.com/instana/instana-go-client/examples/basic_usage.go:117.2,118.16 2 0
github.com/instana/instana-go-client/examples/basic_usage.go:118.16,121.3 2 0
github.com/instana/instana-go-client/examples/basic_usage.go:124.2,125.16 2 0
github.com/instana/instana-go-client/examples/basic_usage.go:125.16,128.3 2 0
github.com/instana/instana-go-client/examples/basic_usage.go:130.2,130.55 1 0
github.com/instana/instana-go-client/examples/basic_usage.go:134.29,144.16 4 0
github.com/instana/instana-go-client/examples/basic_usage.go:144.16,147.34 2 0
github.com/instana/instana-go-client/examples/basic_usage.go:147.34,148.27 1 0
github.com/instana/instana-go-client/examples/basic_usage.go:149.40,150.66 1 0
github.com/instana/instana-go-client/examples/basic_usage.go:151.35,152.64 1 0
github.com/instana/instana-go-client/examples/basic_usage.go:153.29,154.90 1 0
github.com/instana/instana-go-client/examples/basic_usage.go:155.33,156.62 1 0
github.com/instana/instana-go-client/examples/basic_usage.go:157.33,158.58 1 0
github.com/instana/instana-go-client/examples/basic_usage.go:159.12,160.86 1 0
github.com/instana/instana-go-client/examples/basic_usage.go:164.4,164.32 1 0
github.com/instana/instana-go-client/examples/basic_usage.go:164.32,166.5 1 0
github.com/instana/instana-go-client/examples/basic_usage.go:169.4,169.32 1 0
github.com/instana/instana-go-client/examples/basic_usage.go:169.32,171.5 1 0
github.com/instana/instana-go-client/examples/basic_usage.go:172.9,174.4 1 0
github.com/instana/instana-go-client/shared/types/access-type.go:10.51,12.26 2 0
github.com/instana/instana-go-client/shared/types/access-type.go:12.26,14.3 1 0
github.com/instana/instana-go-client/shared/types/access-type.go:15.2,15.15 1 0
github.com/instana/instana-go-client/shared/types/aggregation.go:10.59,12.33 2 0
github.com/instana/instana-go-client/shared/types/aggregation.go:12.33,14.3 1 0
github.com/instana/instana-go-client/shared/types/aggregation.go:15.2,15.15 1 0
github.com/instana/instana-go-client/shared/types/boundary-scope.go:10.55,12.27 2 0
github.com/instana/instana-go-client/shared/types/boundary-scope.go:12.27,14.3 1 0
github.com/instana/instana-go-client/shared/types/boundary-scope.go:15.2,15.15 1 0
github.com/instana/instana-go-client/shared/types/custom-payload-field.go:10.58,12.26 2 0
github.com/instana/instana-go-client/shared/types/custom-payload-field.go:12.26,14.3 1 0
github.com/instana/instana-go-client/shared/types/custom-payload-field.go:15.2,15.15 1 0
github.com/instana/instana-go-client/shared/types/granularity.go:10.55,12.34 2 0
github.com/instana/instana-go-client/shared/types/granularity.go:12.34,14.3 1 0
github.com/instana/instana-go-client/shared/types/granularity.go:15.2,15.15 1 0
github.com/instana/instana-go-client/shared/types/log-level.go:10.50,12.27 2 0
github.com/instana/instana-go-client/shared/types/log-level.go:12.27,14.3 1 0
github.com/instana/instana-go-client/shared/types/log-level.go:15.2,15.15 1 0
github.com/instana/instana-go-client/shared/types/operator.go:26.77,27.30 1 0
github.com/instana/instana-go-client/shared/types/operator.go:27.30,28.13 1 0
github.com/instana/instana-go-client/shared/types/operator.go:28.13,30.4 1 0
github.com/instana/instana-go-client/shared/types/operator.go:32.2,32.14 1 0
github.com/instana/instana-go-client/shared/types/operator.go:36.63,38.30 2 0
github.com/instana/instana-go-client/shared/types/operator.go:38.30,40.3 1 0
github.com/instana/instana-go-client/shared/types/operator.go:41.2,41.15 1 0
github.com/instana/instana-go-client/shared/types/rbac.go:28.52,29.31 1 0
github.com/instana/instana-go-client/shared/types/rbac.go:29.31,31.3 1 0
github.com/instana/instana-go-client/shared/types/rbac.go:32.2,32.39 1 0
github.com/instana/instana-go-client/shared/types/rbac.go:32.39,34.3 1 0
github.com/instana/instana-go-client/shared/types/rbac.go:35.2,35.40 1 0
github.com/instana/instana-go-client/shared/types/rbac.go:35.40,37.3 1 0
github.com/instana/instana-go-client/shared/types/rbac.go:38.2,38.29 1 0
github.com/instana/instana-go-client/shared/types/rbac.go:38.29,40.3 1 0
github.com/instana/instana-go-client/shared/types/rbac.go:41.2,41.27 1 0
github.com/instana/instana-go-client/shared/types/rbac.go:41.27,43.3 1 0
github.com/instana/instana-go-client/shared/types/rbac.go:44.2,44.29 1 0
github.com/instana/instana-go-client/shared/types/rbac.go:44.29,46.3 1 0
github.com/instana/instana-go-client/shared/types/rbac.go:47.2,47.32 1 0
github.com/instana/instana-go-client/shared/types/rbac.go:57.64,59.32 2 0
github.com/instana/instana-go-client/shared/types/rbac.go:59.32,61.3 1 0
github.com/instana/instana-go-client/shared/types/rbac.go:62.2,62.15 1 0
github.com/instana/instana-go-client/shared/types/relation-type.go:10.53,12.26 2 0
github.com/instana/instana-go-client/shared/types/relation-type.go:12.26,14.3 1 0
github.com/instana/instana-go-client/shared/types/relation-type.go:15.2,15.15 1 0
github.com/instana/instana-go-client/shared/types/severity.go:10.46,10.76 1 0
github.com/instana/instana-go-client/shared/types/severity.go:13.55,13.91 1 0
github.com/instana/instana-go-client/shared/types/severity.go:25.66,27.31 2 0
github.com/instana/instana-go-client/shared/types/severity.go:27.31,29.3 1 0
github.com/instana/instana-go-client/shared/types/severity.go:30.2,30.15 1 0
github.com/instana/instana-go-client/shared/types/severity.go:34.57,36.31 2 0
github.com/instana/instana-go-client/shared/types/severity.go:36.31,38.3 1 0
github.com/instana/instana-go-client/shared/types/severity.go:39.2,39.15 1 0
github.com/instana/instana-go-client/shared/types/severity.go:46.69,47.68 1 0
github.com/instana/instana-go-client/shared/types/severity.go:47.68,49.3 1 0
github.com/instana/instana-go-client/shared/types/severity.go:49.8,49.76 1 0
github.com/instana/instana-go-client/shared/types/severity.go:49.76,51.3 1 0
github.com/instana/instana-go-client/shared/types/severity.go:52.2,52.11 1 0
github.com/instana/instana-go-client/shared/types/threshold.go:10.62,12.30 2 0
github.com/instana/instana-go-client/shared/types/threshold.go:12.30,14.3 1 0
github.com/instana/instana-go-client/shared/types/threshold.go:15.2,15.15 1 0
github.com/instana/instana-go-client/shared/types/threshold.go:39.70,41.34 2 0
github.com/instana/instana-go-client/shared/types/threshold.go:41.34,43.3 1 0
github.com/instana/instana-go-client/shared/types/threshold.go:44.2,44.15 1 0
github.com/instana/instana-go-client/shared/types/website-impact-measurement-method.go:10.73,12.28 2 0
github.com/instana/instana-go-client/shared/types/website-impact-measurement-method.go:12.28,14.3 1 0
github.com/instana/instana-go-client/shared/types/website-impact-measurement-method.go:15.2,15.15 1 0
github.com/instana/instana-go-client/shared/tagfilter/filter.go:20.62,27.2 2 0
github.com/instana/instana-go-client/shared/tagfilter/filter.go:30.63,37.2 2 0
github.com/instana/instana-go-client/shared/tagfilter/filter.go:46.60,48.29 2 0
github.com/instana/instana-go-client/shared/tagfilter/filter.go:48.29,50.3 1 0
github.com/instana/instana-go-client/shared/tagfilter/filter.go:51.2,51.15 1 0
github.com/instana/instana-go-client/shared/tagfilter/filter.go:67.122,76.2 1 0
github.com/instana/instana-go-client/shared/tagfilter/filter.go:79.121,88.2 1 0
github.com/instana/instana-go-client/shared/tagfilter/filter.go:91.131,102.2 2 0
github.com/instana/instana-go-client/shared/tagfilter/filter.go:105.121,114.2 1 0
github.com/instana/instana-go-client/shared/tagfilter/filter.go:117.107,124.2 1 0
github.com/instana/instana-go-client/shared/tagfilter/filter.go:127.133,135.2 1 0
github.com/instana/instana-go-client/shared/tagfilter/filter.go:153.62,155.2 1 0
github.com/instana/instana-go-client/shared/tagfilter/filter.go:158.56,160.2 1 0
github.com/instana/instana-go-client/examples/basic_usage/main.go:12.13,27.16 3 0
github.com/instana/instana-go-client/examples/basic_usage/main.go:27.16,29.3 1 0
github.com/instana/instana-go-client/examples/basic_usage/main.go:31.2,46.16 13 0
github.com/instana/instana-go-client/examples/basic_usage/main.go:46.16,48.3 1 0
github.com/instana/instana-go-client/examples/basic_usage/main.go:48.8,51.3 2 0
github.com/instana/instana-go-client/examples/basic_usage/main.go:54.2,59.49 5 0
github.com/instana/instana-go-client/examples/basic_usage/main.go:59.49,61.3 1 0
github.com/instana/instana-go-client/examples/basic_usage/main.go:63.2,78.54 13 0
github.com/instana/instana-go-client/examples/basic_usage/main.go:78.54,81.23 3 0
github.com/instana/instana-go-client/examples/basic_usage/main.go:81.23,83.4 1 0
github.com/instana/instana-go-client/examples/basic_usage/main.go:84.3,84.13 1 0
github.com/instana/instana-go-client/examples/basic_usage/main.go:87.2,87.16 1 0
github.com/instana/instana-go-client/examples/basic_usage/main.go:87.16,89.3 1 0
github.com/instana/instana-go-client/examples/basic_usage/main.go:89.8,91.3 1 0
github.com/instana/instana-go-client/examples/basic_usage/main.go:94.2,106.27 7 0
github.com/instana/instana-go-client/examples/basic_usage/main.go:106.27,107.64 1 0
github.com/instana/instana-go-client/examples/basic_usage/main.go:107.64,109.9 2 0
github.com/instana/instana-go-client/examples/basic_usage/main.go:111.3,111.96 1 0
github.com/instana/instana-go-client/examples/basic_usage/main.go:115.2,137.44 16 0
