mode: set
github.com/instana/instana-go-client/instana/Instana-api.go:26.98,29.2 2 1
github.com/instana/instana-go-client/instana/Instana-api.go:50.129,59.25 7 1
github.com/instana/instana-go-client/instana/Instana-api.go:59.25,63.3 1 1
github.com/instana/instana-go-client/instana/Instana-api.go:64.2,67.16 3 1
github.com/instana/instana-go-client/instana/Instana-api.go:67.16,71.3 2 0
github.com/instana/instana-go-client/instana/Instana-api.go:73.2,73.41 1 1
github.com/instana/instana-go-client/instana/Instana-api.go:98.83,100.16 2 1
github.com/instana/instana-go-client/instana/Instana-api.go:100.16,102.3 1 1
github.com/instana/instana-go-client/instana/Instana-api.go:104.2,104.46 1 1
github.com/instana/instana-go-client/instana/Instana-api.go:109.62,121.2 2 1
github.com/instana/instana-go-client/instana/rest-client.go:44.83,54.25 5 1
github.com/instana/instana-go-client/instana/rest-client.go:54.25,58.3 1 1
github.com/instana/instana-go-client/instana/rest-client.go:60.2,66.16 4 1
github.com/instana/instana-go-client/instana/rest-client.go:66.16,71.3 2 0
github.com/instana/instana-go-client/instana/rest-client.go:73.2,73.15 1 1
github.com/instana/instana-go-client/instana/rest-client.go:77.72,79.39 1 1
github.com/instana/instana-go-client/instana/rest-client.go:79.39,81.3 1 1
github.com/instana/instana-go-client/instana/rest-client.go:84.2,85.19 2 1
github.com/instana/instana-go-client/instana/rest-client.go:85.19,87.3 1 1
github.com/instana/instana-go-client/instana/rest-client.go:90.2,91.23 2 1
github.com/instana/instana-go-client/instana/rest-client.go:91.23,93.3 1 1
github.com/instana/instana-go-client/instana/rest-client.go:96.2,101.27 4 1
github.com/instana/instana-go-client/instana/rest-client.go:101.27,103.3 1 1
github.com/instana/instana-go-client/instana/rest-client.go:106.2,130.20 6 1
github.com/instana/instana-go-client/instana/rest-client.go:134.88,136.25 2 0
github.com/instana/instana-go-client/instana/rest-client.go:136.25,138.3 1 0
github.com/instana/instana-go-client/instana/rest-client.go:140.2,158.15 6 0
github.com/instana/instana-go-client/instana/rest-client.go:174.72,178.2 3 1
github.com/instana/instana-go-client/instana/rest-client.go:181.110,186.2 4 0
github.com/instana/instana-go-client/instana/rest-client.go:189.86,193.2 3 1
github.com/instana/instana-go-client/instana/rest-client.go:196.97,200.2 3 1
github.com/instana/instana-go-client/instana/rest-client.go:203.103,207.2 3 1
github.com/instana/instana-go-client/instana/rest-client.go:210.96,214.2 3 1
github.com/instana/instana-go-client/instana/rest-client.go:217.88,222.2 4 1
github.com/instana/instana-go-client/instana/rest-client.go:225.111,230.2 4 1
github.com/instana/instana-go-client/instana/rest-client.go:233.121,238.2 4 1
github.com/instana/instana-go-client/instana/rest-client.go:241.62,248.21 3 1
github.com/instana/instana-go-client/instana/rest-client.go:248.21,250.3 1 0
github.com/instana/instana-go-client/instana/rest-client.go:251.2,254.55 2 1
github.com/instana/instana-go-client/instana/rest-client.go:254.55,256.3 1 0
github.com/instana/instana-go-client/instana/rest-client.go:258.2,258.12 1 1
github.com/instana/instana-go-client/instana/rest-client.go:262.139,264.31 1 1
github.com/instana/instana-go-client/instana/rest-client.go:264.31,265.54 1 1
github.com/instana/instana-go-client/instana/rest-client.go:265.54,267.4 1 0
github.com/instana/instana-go-client/instana/rest-client.go:271.2,271.27 1 1
github.com/instana/instana-go-client/instana/rest-client.go:271.27,275.51 3 1
github.com/instana/instana-go-client/instana/rest-client.go:275.51,278.4 2 1
github.com/instana/instana-go-client/instana/rest-client.go:280.3,280.22 1 1
github.com/instana/instana-go-client/instana/rest-client.go:280.22,282.4 1 1
github.com/instana/instana-go-client/instana/rest-client.go:283.3,283.21 1 1
github.com/instana/instana-go-client/instana/rest-client.go:287.2,287.48 1 0
github.com/instana/instana-go-client/instana/rest-client.go:291.123,305.9 6 1
github.com/instana/instana-go-client/instana/rest-client.go:306.30,307.23 1 1
github.com/instana/instana-go-client/instana/rest-client.go:308.20,309.70 1 0
github.com/instana/instana-go-client/instana/rest-client.go:314.58,316.44 2 1
github.com/instana/instana-go-client/instana/rest-client.go:316.44,319.3 2 1
github.com/instana/instana-go-client/instana/rest-client.go:323.74,329.9 3 1
github.com/instana/instana-go-client/instana/rest-client.go:330.24,331.9 1 0
github.com/instana/instana-go-client/instana/rest-client.go:332.10,333.41 1 1
github.com/instana/instana-go-client/instana/rest-client.go:338.109,345.16 3 1
github.com/instana/instana-go-client/instana/rest-client.go:345.16,346.18 1 0
github.com/instana/instana-go-client/instana/rest-client.go:346.18,351.4 1 0
github.com/instana/instana-go-client/instana/rest-client.go:352.3,356.4 1 0
github.com/instana/instana-go-client/instana/rest-client.go:359.2,367.23 3 1
github.com/instana/instana-go-client/instana/rest-client.go:367.23,369.3 1 1
github.com/instana/instana-go-client/instana/rest-client.go:371.2,371.44 1 1
github.com/instana/instana-go-client/instana/rest-client.go:371.44,376.3 1 0
github.com/instana/instana-go-client/instana/rest-client.go:378.2,378.23 1 1
github.com/instana/instana-go-client/instana/rest-client.go:378.23,383.3 1 0
github.com/instana/instana-go-client/instana/rest-client.go:385.2,385.43 1 1
github.com/instana/instana-go-client/instana/rest-client.go:385.43,391.3 1 1
github.com/instana/instana-go-client/instana/rest-client.go:394.2,394.23 1 1
github.com/instana/instana-go-client/instana/rest-client.go:394.23,397.3 2 0
github.com/instana/instana-go-client/instana/rest-client.go:399.2,399.25 1 1
github.com/instana/instana-go-client/instana/rest-client.go:403.104,404.32 1 1
github.com/instana/instana-go-client/instana/rest-client.go:404.32,406.3 1 1
github.com/instana/instana-go-client/instana/rest-client.go:410.91,412.46 2 1
github.com/instana/instana-go-client/instana/rest-client.go:412.46,414.3 1 1
github.com/instana/instana-go-client/instana/rest-client.go:415.2,416.38 2 1
github.com/instana/instana-go-client/instana/rest-client.go:420.68,422.43 2 1
github.com/instana/instana-go-client/instana/rest-client.go:422.43,424.3 1 0
github.com/instana/instana-go-client/instana/rest-client.go:425.2,425.51 1 1
github.com/instana/instana-go-client/instana/rest-client.go:429.60,431.34 1 1
github.com/instana/instana-go-client/instana/rest-client.go:431.34,433.3 1 1
github.com/instana/instana-go-client/instana/rest-client.go:434.2,434.12 1 1
